<?xml version="1.0" encoding="UTF-8"?>
<!-- Generated by org.testng.reporters.JUnitXMLReporter -->
<testsuite hostname="choupchoup" name="testDencentralizedIDGenerator" tests="4003" failures="0" timestamp="6 Dec 2016 10:14:04 GMT" time="3.018" errors="0">
  <testcase name="testDecentralizedID" time="0.728" classname="com.distrimind.util.DecentralizedIDTests"/>
  <testcase name="testToBytes" time="0.003" classname="com.distrimind.util.DecentralizedIDTests"/>
  <testcase name="testToBytes" time="0.002" classname="com.distrimind.util.DecentralizedIDTests"/>
  <testcase name="testToBytes" time="0.001" classname="com.distrimind.util.DecentralizedIDTests"/>
  <testcase name="testToBytes" time="0.0" classname="com.distrimind.util.DecentralizedIDTests"/>
  <testcase name="testToBytes" time="0.002" classname="com.distrimind.util.DecentralizedIDTests"/>
  <testcase name="testToBytes" time="0.0" classname="com.distrimind.util.DecentralizedIDTests"/>
  <testcase name="testToBytes" time="0.001" classname="com.distrimind.util.DecentralizedIDTests"/>
  <testcase name="testToBytes" time="0.0" classname="com.distrimind.util.DecentralizedIDTests"/>
  <testcase name="testToBytes" time="0.001" classname="com.distrimind.util.DecentralizedIDTests"/>
  <testcase name="testToBytes" time="0.001" classname="com.distrimind.util.DecentralizedIDTests"/>
  <testcase name="testToBytes" time="0.0" classname="com.distrimind.util.DecentralizedIDTests"/>
  <testcase name="testToBytes" time="0.0" classname="com.distrimind.util.DecentralizedIDTests"/>
  <testcase name="testToBytes" time="0.0" classname="com.distrimind.util.DecentralizedIDTests"/>
  <testcase name="testToBytes" time="0.0" classname="com.distrimind.util.DecentralizedIDTests"/>
  <testcase name="testToBytes" time="0.0" classname="com.distrimind.util.DecentralizedIDTests"/>
  <testcase name="testToBytes" time="0.001" classname="com.distrimind.util.DecentralizedIDTests"/>
  <testcase name="testToBytes" time="0.001" classname="com.distrimind.util.DecentralizedIDTests"/>
  <testcase name="testToBytes" time="0.001" classname="com.distrimind.util.DecentralizedIDTests"/>
  <testcase name="testToBytes" time="0.002" classname="com.distrimind.util.DecentralizedIDTests"/>
  <testcase name="testToBytes" time="0.0" classname="com.distrimind.util.DecentralizedIDTests"/>
  <testcase name="testToBytes" time="0.003" classname="com.distrimind.util.DecentralizedIDTests"/>
  <testcase name="testToBytes" time="0.0" classname="com.distrimind.util.DecentralizedIDTests"/>
  <testcase name="testToBytes" time="0.001" classname="com.distrimind.util.DecentralizedIDTests"/>
  <testcase name="testToBytes" time="0.0" classname="com.distrimind.util.DecentralizedIDTests"/>
  <testcase name="testToBytes" time="0.0" classname="com.distrimind.util.DecentralizedIDTests"/>
  <testcase name="testToBytes" time="0.0" classname="com.distrimind.util.DecentralizedIDTests"/>
  <testcase name="testToBytes" time="0.0" classname="com.distrimind.util.DecentralizedIDTests"/>
  <testcase name="testToBytes" time="0.0" classname="com.distrimind.util.DecentralizedIDTests"/>
  <testcase name="testToBytes" time="0.0" classname="com.distrimind.util.DecentralizedIDTests"/>
  <testcase name="testToBytes" time="0.001" classname="com.distrimind.util.DecentralizedIDTests"/>
  <testcase name="testToBytes" time="0.0" classname="com.distrimind.util.DecentralizedIDTests"/>
  <testcase name="testToBytes" time="0.0" classname="com.distrimind.util.DecentralizedIDTests"/>
  <testcase name="testToBytes" time="0.0" classname="com.distrimind.util.DecentralizedIDTests"/>
  <testcase name="testToBytes" time="0.001" classname="com.distrimind.util.DecentralizedIDTests"/>
  <testcase name="testToBytes" time="0.0" classname="com.distrimind.util.DecentralizedIDTests"/>
  <testcase name="testToBytes" time="0.0" classname="com.distrimind.util.DecentralizedIDTests"/>
  <testcase name="testToBytes" time="0.0" classname="com.distrimind.util.DecentralizedIDTests"/>
  <testcase name="testToBytes" time="0.0" classname="com.distrimind.util.DecentralizedIDTests"/>
  <testcase name="testToBytes" time="0.0" classname="com.distrimind.util.DecentralizedIDTests"/>
  <testcase name="testToBytes" time="0.0" classname="com.distrimind.util.DecentralizedIDTests"/>
  <testcase name="testToBytes" time="0.0" classname="com.distrimind.util.DecentralizedIDTests"/>
  <testcase name="testToBytes" time="0.0" classname="com.distrimind.util.DecentralizedIDTests"/>
  <testcase name="testToBytes" time="0.0" classname="com.distrimind.util.DecentralizedIDTests"/>
  <testcase name="testToBytes" time="0.001" classname="com.distrimind.util.DecentralizedIDTests"/>
  <testcase name="testToBytes" time="0.0" classname="com.distrimind.util.DecentralizedIDTests"/>
  <testcase name="testToBytes" time="0.0" classname="com.distrimind.util.DecentralizedIDTests"/>
  <testcase name="testToBytes" time="0.001" classname="com.distrimind.util.DecentralizedIDTests"/>
  <testcase name="testToBytes" time="0.0" classname="com.distrimind.util.DecentralizedIDTests"/>
  <testcase name="testToBytes" time="0.0" classname="com.distrimind.util.DecentralizedIDTests"/>
  <testcase name="testToBytes" time="0.0" classname="com.distrimind.util.DecentralizedIDTests"/>
  <testcase name="testToBytes" time="0.0" classname="com.distrimind.util.DecentralizedIDTests"/>
  <testcase name="testToBytes" time="0.0" classname="com.distrimind.util.DecentralizedIDTests"/>
  <testcase name="testToBytes" time="0.0" classname="com.distrimind.util.DecentralizedIDTests"/>
  <testcase name="testToBytes" time="0.012" classname="com.distrimind.util.DecentralizedIDTests"/>
  <testcase name="testToBytes" time="0.012" classname="com.distrimind.util.DecentralizedIDTests"/>
  <testcase name="testToBytes" time="0.0" classname="com.distrimind.util.DecentralizedIDTests"/>
  <testcase name="testToBytes" time="0.0" classname="com.distrimind.util.DecentralizedIDTests"/>
  <testcase name="testToBytes" time="0.0" classname="com.distrimind.util.DecentralizedIDTests"/>
  <testcase name="testToBytes" time="0.0" classname="com.distrimind.util.DecentralizedIDTests"/>
  <testcase name="testToBytes" time="0.0" classname="com.distrimind.util.DecentralizedIDTests"/>
  <testcase name="testToBytes" time="0.001" classname="com.distrimind.util.DecentralizedIDTests"/>
  <testcase name="testToBytes" time="0.0" classname="com.distrimind.util.DecentralizedIDTests"/>
  <testcase name="testToBytes" time="0.0" classname="com.distrimind.util.DecentralizedIDTests"/>
  <testcase name="testToBytes" time="0.0" classname="com.distrimind.util.DecentralizedIDTests"/>
  <testcase name="testToBytes" time="0.0" classname="com.distrimind.util.DecentralizedIDTests"/>
  <testcase name="testToBytes" time="0.0" classname="com.distrimind.util.DecentralizedIDTests"/>
  <testcase name="testToBytes" time="0.0" classname="com.distrimind.util.DecentralizedIDTests"/>
  <testcase name="testToBytes" time="0.0" classname="com.distrimind.util.DecentralizedIDTests"/>
  <testcase name="testToBytes" time="0.0" classname="com.distrimind.util.DecentralizedIDTests"/>
  <testcase name="testToBytes" time="0.0" classname="com.distrimind.util.DecentralizedIDTests"/>
  <testcase name="testToBytes" time="0.0" classname="com.distrimind.util.DecentralizedIDTests"/>
  <testcase name="testToBytes" time="0.0" classname="com.distrimind.util.DecentralizedIDTests"/>
  <testcase name="testToBytes" time="0.0" classname="com.distrimind.util.DecentralizedIDTests"/>
  <testcase name="testToBytes" time="0.018" classname="com.distrimind.util.DecentralizedIDTests"/>
  <testcase name="testToBytes" time="0.0" classname="com.distrimind.util.DecentralizedIDTests"/>
  <testcase name="testToBytes" time="0.001" classname="com.distrimind.util.DecentralizedIDTests"/>
  <testcase name="testToBytes" time="0.0" classname="com.distrimind.util.DecentralizedIDTests"/>
  <testcase name="testToBytes" time="0.0" classname="com.distrimind.util.DecentralizedIDTests"/>
  <testcase name="testToBytes" time="0.0" classname="com.distrimind.util.DecentralizedIDTests"/>
  <testcase name="testToBytes" time="0.001" classname="com.distrimind.util.DecentralizedIDTests"/>
  <testcase name="testToBytes" time="0.0" classname="com.distrimind.util.DecentralizedIDTests"/>
  <testcase name="testToBytes" time="0.0" classname="com.distrimind.util.DecentralizedIDTests"/>
  <testcase name="testToBytes" time="0.0" classname="com.distrimind.util.DecentralizedIDTests"/>
  <testcase name="testToBytes" time="0.02" classname="com.distrimind.util.DecentralizedIDTests"/>
  <testcase name="testToBytes" time="0.001" classname="com.distrimind.util.DecentralizedIDTests"/>
  <testcase name="testToBytes" time="0.0" classname="com.distrimind.util.DecentralizedIDTests"/>
  <testcase name="testToBytes" time="0.0" classname="com.distrimind.util.DecentralizedIDTests"/>
  <testcase name="testToBytes" time="0.0" classname="com.distrimind.util.DecentralizedIDTests"/>
  <testcase name="testToBytes" time="0.0" classname="com.distrimind.util.DecentralizedIDTests"/>
  <testcase name="testToBytes" time="0.0" classname="com.distrimind.util.DecentralizedIDTests"/>
  <testcase name="testToBytes" time="0.022" classname="com.distrimind.util.DecentralizedIDTests"/>
  <testcase name="testToBytes" time="0.001" classname="com.distrimind.util.DecentralizedIDTests"/>
  <testcase name="testToBytes" time="0.0" classname="com.distrimind.util.DecentralizedIDTests"/>
  <testcase name="testToBytes" time="0.0" classname="com.distrimind.util.DecentralizedIDTests"/>
  <testcase name="testToBytes" time="0.0" classname="com.distrimind.util.DecentralizedIDTests"/>
  <testcase name="testToBytes" time="0.0" classname="com.distrimind.util.DecentralizedIDTests"/>
  <testcase name="testToBytes" time="0.0" classname="com.distrimind.util.DecentralizedIDTests"/>
  <testcase name="testToBytes" time="0.0" classname="com.distrimind.util.DecentralizedIDTests"/>
  <testcase name="testToBytes" time="0.0" classname="com.distrimind.util.DecentralizedIDTests"/>
  <testcase name="testToBytes" time="0.0" classname="com.distrimind.util.DecentralizedIDTests"/>
  <testcase name="testToBytes" time="0.0" classname="com.distrimind.util.DecentralizedIDTests"/>
  <testcase name="testToBytes" time="0.0" classname="com.distrimind.util.DecentralizedIDTests"/>
  <testcase name="testToBytes" time="0.0" classname="com.distrimind.util.DecentralizedIDTests"/>
  <testcase name="testToBytes" time="0.0" classname="com.distrimind.util.DecentralizedIDTests"/>
  <testcase name="testToBytes" time="0.0" classname="com.distrimind.util.DecentralizedIDTests"/>
  <testcase name="testToBytes" time="0.001" classname="com.distrimind.util.DecentralizedIDTests"/>
  <testcase name="testToBytes" time="0.0" classname="com.distrimind.util.DecentralizedIDTests"/>
  <testcase name="testToBytes" time="0.0" classname="com.distrimind.util.DecentralizedIDTests"/>
  <testcase name="testToBytes" time="0.0" classname="com.distrimind.util.DecentralizedIDTests"/>
  <testcase name="testToBytes" time="0.001" classname="com.distrimind.util.DecentralizedIDTests"/>
  <testcase name="testToBytes" time="0.0" classname="com.distrimind.util.DecentralizedIDTests"/>
  <testcase name="testToBytes" time="0.0" classname="com.distrimind.util.DecentralizedIDTests"/>
  <testcase name="testToBytes" time="0.0" classname="com.distrimind.util.DecentralizedIDTests"/>
  <testcase name="testToBytes" time="0.0" classname="com.distrimind.util.DecentralizedIDTests"/>
  <testcase name="testToBytes" time="0.0" classname="com.distrimind.util.DecentralizedIDTests"/>
  <testcase name="testToBytes" time="0.0" classname="com.distrimind.util.DecentralizedIDTests"/>
  <testcase name="testToBytes" time="0.03" classname="com.distrimind.util.DecentralizedIDTests"/>
  <testcase name="testToBytes" time="0.019" classname="com.distrimind.util.DecentralizedIDTests"/>
  <testcase name="testToBytes" time="0.0" classname="com.distrimind.util.DecentralizedIDTests"/>
  <testcase name="testToBytes" time="0.0" classname="com.distrimind.util.DecentralizedIDTests"/>
  <testcase name="testToBytes" time="0.0" classname="com.distrimind.util.DecentralizedIDTests"/>
  <testcase name="testToBytes" time="0.0" classname="com.distrimind.util.DecentralizedIDTests"/>
  <testcase name="testToBytes" time="0.0" classname="com.distrimind.util.DecentralizedIDTests"/>
  <testcase name="testToBytes" time="0.0" classname="com.distrimind.util.DecentralizedIDTests"/>
  <testcase name="testToBytes" time="0.0" classname="com.distrimind.util.DecentralizedIDTests"/>
  <testcase name="testToBytes" time="0.0" classname="com.distrimind.util.DecentralizedIDTests"/>
  <testcase name="testToBytes" time="0.0" classname="com.distrimind.util.DecentralizedIDTests"/>
  <testcase name="testToBytes" time="0.001" classname="com.distrimind.util.DecentralizedIDTests"/>
  <testcase name="testToBytes" time="0.0" classname="com.distrimind.util.DecentralizedIDTests"/>
  <testcase name="testToBytes" time="0.0" classname="com.distrimind.util.DecentralizedIDTests"/>
  <testcase name="testToBytes" time="0.0" classname="com.distrimind.util.DecentralizedIDTests"/>
  <testcase name="testToBytes" time="0.0" classname="com.distrimind.util.DecentralizedIDTests"/>
  <testcase name="testToBytes" time="0.0" classname="com.distrimind.util.DecentralizedIDTests"/>
  <testcase name="testToBytes" time="0.0" classname="com.distrimind.util.DecentralizedIDTests"/>
  <testcase name="testToBytes" time="0.0" classname="com.distrimind.util.DecentralizedIDTests"/>
  <testcase name="testToBytes" time="0.001" classname="com.distrimind.util.DecentralizedIDTests"/>
  <testcase name="testToBytes" time="0.0" classname="com.distrimind.util.DecentralizedIDTests"/>
  <testcase name="testToBytes" time="0.0" classname="com.distrimind.util.DecentralizedIDTests"/>
  <testcase name="testToBytes" time="0.0" classname="com.distrimind.util.DecentralizedIDTests"/>
  <testcase name="testToBytes" time="0.001" classname="com.distrimind.util.DecentralizedIDTests"/>
  <testcase name="testToBytes" time="0.0" classname="com.distrimind.util.DecentralizedIDTests"/>
  <testcase name="testToBytes" time="0.0" classname="com.distrimind.util.DecentralizedIDTests"/>
  <testcase name="testToBytes" time="0.0" classname="com.distrimind.util.DecentralizedIDTests"/>
  <testcase name="testToBytes" time="0.001" classname="com.distrimind.util.DecentralizedIDTests"/>
  <testcase name="testToBytes" time="0.0" classname="com.distrimind.util.DecentralizedIDTests"/>
  <testcase name="testToBytes" time="0.0" classname="com.distrimind.util.DecentralizedIDTests"/>
  <testcase name="testToBytes" time="0.0" classname="com.distrimind.util.DecentralizedIDTests"/>
  <testcase name="testToBytes" time="0.0" classname="com.distrimind.util.DecentralizedIDTests"/>
  <testcase name="testToBytes" time="0.001" classname="com.distrimind.util.DecentralizedIDTests"/>
  <testcase name="testToBytes" time="0.0" classname="com.distrimind.util.DecentralizedIDTests"/>
  <testcase name="testToBytes" time="0.0" classname="com.distrimind.util.DecentralizedIDTests"/>
  <testcase name="testToBytes" time="0.0" classname="com.distrimind.util.DecentralizedIDTests"/>
  <testcase name="testToBytes" time="0.0" classname="com.distrimind.util.DecentralizedIDTests"/>
  <testcase name="testToBytes" time="0.0" classname="com.distrimind.util.DecentralizedIDTests"/>
  <testcase name="testToBytes" time="0.0" classname="com.distrimind.util.DecentralizedIDTests"/>
  <testcase name="testToBytes" time="0.042" classname="com.distrimind.util.DecentralizedIDTests"/>
  <testcase name="testToBytes" time="0.0" classname="com.distrimind.util.DecentralizedIDTests"/>
  <testcase name="testToBytes" time="0.0" classname="com.distrimind.util.DecentralizedIDTests"/>
  <testcase name="testToBytes" time="0.0" classname="com.distrimind.util.DecentralizedIDTests"/>
  <testcase name="testToBytes" time="0.0" classname="com.distrimind.util.DecentralizedIDTests"/>
  <testcase name="testToBytes" time="0.0" classname="com.distrimind.util.DecentralizedIDTests"/>
  <testcase name="testToBytes" time="0.0" classname="com.distrimind.util.DecentralizedIDTests"/>
  <testcase name="testToBytes" time="0.0" classname="com.distrimind.util.DecentralizedIDTests"/>
  <testcase name="testToBytes" time="0.0" classname="com.distrimind.util.DecentralizedIDTests"/>
  <testcase name="testToBytes" time="0.0" classname="com.distrimind.util.DecentralizedIDTests"/>
  <testcase name="testToBytes" time="0.0" classname="com.distrimind.util.DecentralizedIDTests"/>
  <testcase name="testToBytes" time="0.0" classname="com.distrimind.util.DecentralizedIDTests"/>
  <testcase name="testToBytes" time="0.0" classname="com.distrimind.util.DecentralizedIDTests"/>
  <testcase name="testToBytes" time="0.0" classname="com.distrimind.util.DecentralizedIDTests"/>
  <testcase name="testToBytes" time="0.0" classname="com.distrimind.util.DecentralizedIDTests"/>
  <testcase name="testToBytes" time="0.0" classname="com.distrimind.util.DecentralizedIDTests"/>
  <testcase name="testToBytes" time="0.0" classname="com.distrimind.util.DecentralizedIDTests"/>
  <testcase name="testToBytes" time="0.0" classname="com.distrimind.util.DecentralizedIDTests"/>
  <testcase name="testToBytes" time="0.0" classname="com.distrimind.util.DecentralizedIDTests"/>
  <testcase name="testToBytes" time="0.0" classname="com.distrimind.util.DecentralizedIDTests"/>
  <testcase name="testToBytes" time="0.033" classname="com.distrimind.util.DecentralizedIDTests"/>
  <testcase name="testToBytes" time="0.001" classname="com.distrimind.util.DecentralizedIDTests"/>
  <testcase name="testToBytes" time="0.0" classname="com.distrimind.util.DecentralizedIDTests"/>
  <testcase name="testToBytes" time="0.0" classname="com.distrimind.util.DecentralizedIDTests"/>
  <testcase name="testToBytes" time="0.0" classname="com.distrimind.util.DecentralizedIDTests"/>
  <testcase name="testToBytes" time="0.0" classname="com.distrimind.util.DecentralizedIDTests"/>
  <testcase name="testToBytes" time="0.0" classname="com.distrimind.util.DecentralizedIDTests"/>
  <testcase name="testToBytes" time="0.0" classname="com.distrimind.util.DecentralizedIDTests"/>
  <testcase name="testToBytes" time="0.0" classname="com.distrimind.util.DecentralizedIDTests"/>
  <testcase name="testToBytes" time="0.025" classname="com.distrimind.util.DecentralizedIDTests"/>
  <testcase name="testToBytes" time="0.002" classname="com.distrimind.util.DecentralizedIDTests"/>
  <testcase name="testToBytes" time="0.02" classname="com.distrimind.util.DecentralizedIDTests"/>
  <testcase name="testToBytes" time="0.026" classname="com.distrimind.util.DecentralizedIDTests"/>
  <testcase name="testToBytes" time="0.001" classname="com.distrimind.util.DecentralizedIDTests"/>
  <testcase name="testToBytes" time="0.0" classname="com.distrimind.util.DecentralizedIDTests"/>
  <testcase name="testToBytes" time="0.027" classname="com.distrimind.util.DecentralizedIDTests"/>
  <testcase name="testToBytes" time="0.036" classname="com.distrimind.util.DecentralizedIDTests"/>
  <testcase name="testToBytes" time="0.0" classname="com.distrimind.util.DecentralizedIDTests"/>
  <testcase name="testToBytes" time="0.0" classname="com.distrimind.util.DecentralizedIDTests"/>
  <testcase name="testToBytes" time="0.0" classname="com.distrimind.util.DecentralizedIDTests"/>
  <testcase name="testToBytes" time="0.0" classname="com.distrimind.util.DecentralizedIDTests"/>
  <testcase name="testToBytes" time="0.0" classname="com.distrimind.util.DecentralizedIDTests"/>
  <testcase name="testToBytes" time="0.0" classname="com.distrimind.util.DecentralizedIDTests"/>
  <testcase name="testToBytes" time="0.0" classname="com.distrimind.util.DecentralizedIDTests"/>
  <testcase name="testToBytes" time="0.0" classname="com.distrimind.util.DecentralizedIDTests"/>
  <testcase name="testToBytes" time="0.0" classname="com.distrimind.util.DecentralizedIDTests"/>
  <testcase name="testToBytes" time="0.0" classname="com.distrimind.util.DecentralizedIDTests"/>
  <testcase name="testToBytes" time="0.0" classname="com.distrimind.util.DecentralizedIDTests"/>
  <testcase name="testToBytes" time="0.0" classname="com.distrimind.util.DecentralizedIDTests"/>
  <testcase name="testToBytes" time="0.0" classname="com.distrimind.util.DecentralizedIDTests"/>
  <testcase name="testToBytes" time="0.0" classname="com.distrimind.util.DecentralizedIDTests"/>
  <testcase name="testToBytes" time="0.0" classname="com.distrimind.util.DecentralizedIDTests"/>
  <testcase name="testToBytes" time="0.001" classname="com.distrimind.util.DecentralizedIDTests"/>
  <testcase name="testToBytes" time="0.0" classname="com.distrimind.util.DecentralizedIDTests"/>
  <testcase name="testToBytes" time="0.0" classname="com.distrimind.util.DecentralizedIDTests"/>
  <testcase name="testToBytes" time="0.0" classname="com.distrimind.util.DecentralizedIDTests"/>
  <testcase name="testToBytes" time="0.0" classname="com.distrimind.util.DecentralizedIDTests"/>
  <testcase name="testToBytes" time="0.0" classname="com.distrimind.util.DecentralizedIDTests"/>
  <testcase name="testToBytes" time="0.0" classname="com.distrimind.util.DecentralizedIDTests"/>
  <testcase name="testToBytes" time="0.0" classname="com.distrimind.util.DecentralizedIDTests"/>
  <testcase name="testToBytes" time="0.0" classname="com.distrimind.util.DecentralizedIDTests"/>
  <testcase name="testToBytes" time="0.0" classname="com.distrimind.util.DecentralizedIDTests"/>
  <testcase name="testToBytes" time="0.0" classname="com.distrimind.util.DecentralizedIDTests"/>
  <testcase name="testToBytes" time="0.001" classname="com.distrimind.util.DecentralizedIDTests"/>
  <testcase name="testToBytes" time="0.0" classname="com.distrimind.util.DecentralizedIDTests"/>
  <testcase name="testToBytes" time="0.0" classname="com.distrimind.util.DecentralizedIDTests"/>
  <testcase name="testToBytes" time="0.033" classname="com.distrimind.util.DecentralizedIDTests"/>
  <testcase name="testToBytes" time="0.007" classname="com.distrimind.util.DecentralizedIDTests"/>
  <testcase name="testToBytes" time="0.0" classname="com.distrimind.util.DecentralizedIDTests"/>
  <testcase name="testToBytes" time="0.0" classname="com.distrimind.util.DecentralizedIDTests"/>
  <testcase name="testToBytes" time="0.0" classname="com.distrimind.util.DecentralizedIDTests"/>
  <testcase name="testToBytes" time="0.007" classname="com.distrimind.util.DecentralizedIDTests"/>
  <testcase name="testToBytes" time="0.0" classname="com.distrimind.util.DecentralizedIDTests"/>
  <testcase name="testToBytes" time="0.001" classname="com.distrimind.util.DecentralizedIDTests"/>
  <testcase name="testToBytes" time="0.0" classname="com.distrimind.util.DecentralizedIDTests"/>
  <testcase name="testToBytes" time="0.0" classname="com.distrimind.util.DecentralizedIDTests"/>
  <testcase name="testToBytes" time="0.0" classname="com.distrimind.util.DecentralizedIDTests"/>
  <testcase name="testToBytes" time="0.0" classname="com.distrimind.util.DecentralizedIDTests"/>
  <testcase name="testToBytes" time="0.0" classname="com.distrimind.util.DecentralizedIDTests"/>
  <testcase name="testToBytes" time="0.0" classname="com.distrimind.util.DecentralizedIDTests"/>
  <testcase name="testToBytes" time="0.0" classname="com.distrimind.util.DecentralizedIDTests"/>
  <testcase name="testToBytes" time="0.0" classname="com.distrimind.util.DecentralizedIDTests"/>
  <testcase name="testToBytes" time="0.0" classname="com.distrimind.util.DecentralizedIDTests"/>
  <testcase name="testToBytes" time="0.0" classname="com.distrimind.util.DecentralizedIDTests"/>
  <testcase name="testToBytes" time="0.0" classname="com.distrimind.util.DecentralizedIDTests"/>
  <testcase name="testToBytes" time="0.0" classname="com.distrimind.util.DecentralizedIDTests"/>
  <testcase name="testToBytes" time="0.0" classname="com.distrimind.util.DecentralizedIDTests"/>
  <testcase name="testToBytes" time="0.0" classname="com.distrimind.util.DecentralizedIDTests"/>
  <testcase name="testToBytes" time="0.0" classname="com.distrimind.util.DecentralizedIDTests"/>
  <testcase name="testToBytes" time="0.0" classname="com.distrimind.util.DecentralizedIDTests"/>
  <testcase name="testToBytes" time="0.0" classname="com.distrimind.util.DecentralizedIDTests"/>
  <testcase name="testToBytes" time="0.0" classname="com.distrimind.util.DecentralizedIDTests"/>
  <testcase name="testToBytes" time="0.0" classname="com.distrimind.util.DecentralizedIDTests"/>
  <testcase name="testToBytes" time="0.0" classname="com.distrimind.util.DecentralizedIDTests"/>
  <testcase name="testToBytes" time="0.0" classname="com.distrimind.util.DecentralizedIDTests"/>
  <testcase name="testToBytes" time="0.0" classname="com.distrimind.util.DecentralizedIDTests"/>
  <testcase name="testToBytes" time="0.0" classname="com.distrimind.util.DecentralizedIDTests"/>
  <testcase name="testToBytes" time="0.0" classname="com.distrimind.util.DecentralizedIDTests"/>
  <testcase name="testToBytes" time="0.0" classname="com.distrimind.util.DecentralizedIDTests"/>
  <testcase name="testToBytes" time="0.0" classname="com.distrimind.util.DecentralizedIDTests"/>
  <testcase name="testToBytes" time="0.0" classname="com.distrimind.util.DecentralizedIDTests"/>
  <testcase name="testToBytes" time="0.001" classname="com.distrimind.util.DecentralizedIDTests"/>
  <testcase name="testToBytes" time="0.0" classname="com.distrimind.util.DecentralizedIDTests"/>
  <testcase name="testToBytes" time="0.0" classname="com.distrimind.util.DecentralizedIDTests"/>
  <testcase name="testToBytes" time="0.017" classname="com.distrimind.util.DecentralizedIDTests"/>
  <testcase name="testToBytes" time="0.0" classname="com.distrimind.util.DecentralizedIDTests"/>
  <testcase name="testToBytes" time="0.0" classname="com.distrimind.util.DecentralizedIDTests"/>
  <testcase name="testToBytes" time="0.0" classname="com.distrimind.util.DecentralizedIDTests"/>
  <testcase name="testToBytes" time="0.017" classname="com.distrimind.util.DecentralizedIDTests"/>
  <testcase name="testToBytes" time="0.0" classname="com.distrimind.util.DecentralizedIDTests"/>
  <testcase name="testToBytes" time="0.0" classname="com.distrimind.util.DecentralizedIDTests"/>
  <testcase name="testToBytes" time="0.0" classname="com.distrimind.util.DecentralizedIDTests"/>
  <testcase name="testToBytes" time="0.0" classname="com.distrimind.util.DecentralizedIDTests"/>
  <testcase name="testToBytes" time="0.0" classname="com.distrimind.util.DecentralizedIDTests"/>
  <testcase name="testToBytes" time="0.0" classname="com.distrimind.util.DecentralizedIDTests"/>
  <testcase name="testToBytes" time="0.0" classname="com.distrimind.util.DecentralizedIDTests"/>
  <testcase name="testToBytes" time="0.0" classname="com.distrimind.util.DecentralizedIDTests"/>
  <testcase name="testToBytes" time="0.0" classname="com.distrimind.util.DecentralizedIDTests"/>
  <testcase name="testToBytes" time="0.0" classname="com.distrimind.util.DecentralizedIDTests"/>
  <testcase name="testToBytes" time="0.0" classname="com.distrimind.util.DecentralizedIDTests"/>
  <testcase name="testToBytes" time="0.0" classname="com.distrimind.util.DecentralizedIDTests"/>
  <testcase name="testToBytes" time="0.0" classname="com.distrimind.util.DecentralizedIDTests"/>
  <testcase name="testToBytes" time="0.0" classname="com.distrimind.util.DecentralizedIDTests"/>
  <testcase name="testToBytes" time="0.0" classname="com.distrimind.util.DecentralizedIDTests"/>
  <testcase name="testToBytes" time="0.0" classname="com.distrimind.util.DecentralizedIDTests"/>
  <testcase name="testToBytes" time="0.0" classname="com.distrimind.util.DecentralizedIDTests"/>
  <testcase name="testToBytes" time="0.0" classname="com.distrimind.util.DecentralizedIDTests"/>
  <testcase name="testToBytes" time="0.013" classname="com.distrimind.util.DecentralizedIDTests"/>
  <testcase name="testToBytes" time="0.013" classname="com.distrimind.util.DecentralizedIDTests"/>
  <testcase name="testToBytes" time="0.0" classname="com.distrimind.util.DecentralizedIDTests"/>
  <testcase name="testToBytes" time="0.0" classname="com.distrimind.util.DecentralizedIDTests"/>
  <testcase name="testToBytes" time="0.0" classname="com.distrimind.util.DecentralizedIDTests"/>
  <testcase name="testToBytes" time="0.0" classname="com.distrimind.util.DecentralizedIDTests"/>
  <testcase name="testToBytes" time="0.0" classname="com.distrimind.util.DecentralizedIDTests"/>
  <testcase name="testToBytes" time="0.0" classname="com.distrimind.util.DecentralizedIDTests"/>
  <testcase name="testToBytes" time="0.0" classname="com.distrimind.util.DecentralizedIDTests"/>
  <testcase name="testToBytes" time="0.0" classname="com.distrimind.util.DecentralizedIDTests"/>
  <testcase name="testToBytes" time="0.0" classname="com.distrimind.util.DecentralizedIDTests"/>
  <testcase name="testToBytes" time="0.0" classname="com.distrimind.util.DecentralizedIDTests"/>
  <testcase name="testToBytes" time="0.001" classname="com.distrimind.util.DecentralizedIDTests"/>
  <testcase name="testToBytes" time="0.0" classname="com.distrimind.util.DecentralizedIDTests"/>
  <testcase name="testToBytes" time="0.0" classname="com.distrimind.util.DecentralizedIDTests"/>
  <testcase name="testToBytes" time="0.0" classname="com.distrimind.util.DecentralizedIDTests"/>
  <testcase name="testToBytes" time="0.0" classname="com.distrimind.util.DecentralizedIDTests"/>
  <testcase name="testToBytes" time="0.002" classname="com.distrimind.util.DecentralizedIDTests"/>
  <testcase name="testToBytes" time="0.0" classname="com.distrimind.util.DecentralizedIDTests"/>
  <testcase name="testToBytes" time="0.0" classname="com.distrimind.util.DecentralizedIDTests"/>
  <testcase name="testToBytes" time="0.0" classname="com.distrimind.util.DecentralizedIDTests"/>
  <testcase name="testToBytes" time="0.0" classname="com.distrimind.util.DecentralizedIDTests"/>
  <testcase name="testToBytes" time="0.0" classname="com.distrimind.util.DecentralizedIDTests"/>
  <testcase name="testToBytes" time="0.0" classname="com.distrimind.util.DecentralizedIDTests"/>
  <testcase name="testToBytes" time="0.001" classname="com.distrimind.util.DecentralizedIDTests"/>
  <testcase name="testToBytes" time="0.0" classname="com.distrimind.util.DecentralizedIDTests"/>
  <testcase name="testToBytes" time="0.0" classname="com.distrimind.util.DecentralizedIDTests"/>
  <testcase name="testToBytes" time="0.0" classname="com.distrimind.util.DecentralizedIDTests"/>
  <testcase name="testToBytes" time="0.0" classname="com.distrimind.util.DecentralizedIDTests"/>
  <testcase name="testToBytes" time="0.0" classname="com.distrimind.util.DecentralizedIDTests"/>
  <testcase name="testToBytes" time="0.0" classname="com.distrimind.util.DecentralizedIDTests"/>
  <testcase name="testToBytes" time="0.001" classname="com.distrimind.util.DecentralizedIDTests"/>
  <testcase name="testToBytes" time="0.0" classname="com.distrimind.util.DecentralizedIDTests"/>
  <testcase name="testToBytes" time="0.0" classname="com.distrimind.util.DecentralizedIDTests"/>
  <testcase name="testToBytes" time="0.0" classname="com.distrimind.util.DecentralizedIDTests"/>
  <testcase name="testToBytes" time="0.0" classname="com.distrimind.util.DecentralizedIDTests"/>
  <testcase name="testToBytes" time="0.0" classname="com.distrimind.util.DecentralizedIDTests"/>
  <testcase name="testToBytes" time="0.0" classname="com.distrimind.util.DecentralizedIDTests"/>
  <testcase name="testToBytes" time="0.0" classname="com.distrimind.util.DecentralizedIDTests"/>
  <testcase name="testToBytes" time="0.0" classname="com.distrimind.util.DecentralizedIDTests"/>
  <testcase name="testToBytes" time="0.0" classname="com.distrimind.util.DecentralizedIDTests"/>
  <testcase name="testToBytes" time="0.0" classname="com.distrimind.util.DecentralizedIDTests"/>
  <testcase name="testToBytes" time="0.0" classname="com.distrimind.util.DecentralizedIDTests"/>
  <testcase name="testToBytes" time="0.0" classname="com.distrimind.util.DecentralizedIDTests"/>
  <testcase name="testToBytes" time="0.001" classname="com.distrimind.util.DecentralizedIDTests"/>
  <testcase name="testToBytes" time="0.0" classname="com.distrimind.util.DecentralizedIDTests"/>
  <testcase name="testToBytes" time="0.0" classname="com.distrimind.util.DecentralizedIDTests"/>
  <testcase name="testToBytes" time="0.0" classname="com.distrimind.util.DecentralizedIDTests"/>
  <testcase name="testToBytes" time="0.001" classname="com.distrimind.util.DecentralizedIDTests"/>
  <testcase name="testToBytes" time="0.0" classname="com.distrimind.util.DecentralizedIDTests"/>
  <testcase name="testToBytes" time="0.0" classname="com.distrimind.util.DecentralizedIDTests"/>
  <testcase name="testToBytes" time="0.0" classname="com.distrimind.util.DecentralizedIDTests"/>
  <testcase name="testToBytes" time="0.0" classname="com.distrimind.util.DecentralizedIDTests"/>
  <testcase name="testToBytes" time="0.0" classname="com.distrimind.util.DecentralizedIDTests"/>
  <testcase name="testToBytes" time="0.001" classname="com.distrimind.util.DecentralizedIDTests"/>
  <testcase name="testToBytes" time="0.0" classname="com.distrimind.util.DecentralizedIDTests"/>
  <testcase name="testToBytes" time="0.0" classname="com.distrimind.util.DecentralizedIDTests"/>
  <testcase name="testToBytes" time="0.0" classname="com.distrimind.util.DecentralizedIDTests"/>
  <testcase name="testToBytes" time="0.0" classname="com.distrimind.util.DecentralizedIDTests"/>
  <testcase name="testToBytes" time="0.0" classname="com.distrimind.util.DecentralizedIDTests"/>
  <testcase name="testToBytes" time="0.0" classname="com.distrimind.util.DecentralizedIDTests"/>
  <testcase name="testToBytes" time="0.0" classname="com.distrimind.util.DecentralizedIDTests"/>
  <testcase name="testToBytes" time="0.028" classname="com.distrimind.util.DecentralizedIDTests"/>
  <testcase name="testToBytes" time="0.0" classname="com.distrimind.util.DecentralizedIDTests"/>
  <testcase name="testToBytes" time="0.006" classname="com.distrimind.util.DecentralizedIDTests"/>
  <testcase name="testToBytes" time="0.0" classname="com.distrimind.util.DecentralizedIDTests"/>
  <testcase name="testToBytes" time="0.0" classname="com.distrimind.util.DecentralizedIDTests"/>
  <testcase name="testToBytes" time="0.0" classname="com.distrimind.util.DecentralizedIDTests"/>
  <testcase name="testToBytes" time="0.0" classname="com.distrimind.util.DecentralizedIDTests"/>
  <testcase name="testToBytes" time="0.0" classname="com.distrimind.util.DecentralizedIDTests"/>
  <testcase name="testToBytes" time="0.0" classname="com.distrimind.util.DecentralizedIDTests"/>
  <testcase name="testToBytes" time="0.008" classname="com.distrimind.util.DecentralizedIDTests"/>
  <testcase name="testToBytes" time="0.0" classname="com.distrimind.util.DecentralizedIDTests"/>
  <testcase name="testToBytes" time="0.0" classname="com.distrimind.util.DecentralizedIDTests"/>
  <testcase name="testToBytes" time="0.0" classname="com.distrimind.util.DecentralizedIDTests"/>
  <testcase name="testToBytes" time="0.0" classname="com.distrimind.util.DecentralizedIDTests"/>
  <testcase name="testToBytes" time="0.001" classname="com.distrimind.util.DecentralizedIDTests"/>
  <testcase name="testToBytes" time="0.0" classname="com.distrimind.util.DecentralizedIDTests"/>
  <testcase name="testToBytes" time="0.0" classname="com.distrimind.util.DecentralizedIDTests"/>
  <testcase name="testToBytes" time="0.0" classname="com.distrimind.util.DecentralizedIDTests"/>
  <testcase name="testToBytes" time="0.0" classname="com.distrimind.util.DecentralizedIDTests"/>
  <testcase name="testToBytes" time="0.0" classname="com.distrimind.util.DecentralizedIDTests"/>
  <testcase name="testToBytes" time="0.0" classname="com.distrimind.util.DecentralizedIDTests"/>
  <testcase name="testToBytes" time="0.0" classname="com.distrimind.util.DecentralizedIDTests"/>
  <testcase name="testToBytes" time="0.0" classname="com.distrimind.util.DecentralizedIDTests"/>
  <testcase name="testToBytes" time="0.0" classname="com.distrimind.util.DecentralizedIDTests"/>
  <testcase name="testToBytes" time="0.0" classname="com.distrimind.util.DecentralizedIDTests"/>
  <testcase name="testToBytes" time="0.001" classname="com.distrimind.util.DecentralizedIDTests"/>
  <testcase name="testToBytes" time="0.0" classname="com.distrimind.util.DecentralizedIDTests"/>
  <testcase name="testToBytes" time="0.015" classname="com.distrimind.util.DecentralizedIDTests"/>
  <testcase name="testToBytes" time="0.0" classname="com.distrimind.util.DecentralizedIDTests"/>
  <testcase name="testToBytes" time="0.0" classname="com.distrimind.util.DecentralizedIDTests"/>
  <testcase name="testToBytes" time="0.0" classname="com.distrimind.util.DecentralizedIDTests"/>
  <testcase name="testToBytes" time="0.0" classname="com.distrimind.util.DecentralizedIDTests"/>
  <testcase name="testToBytes" time="0.0" classname="com.distrimind.util.DecentralizedIDTests"/>
  <testcase name="testToBytes" time="0.004" classname="com.distrimind.util.DecentralizedIDTests"/>
  <testcase name="testToBytes" time="0.001" classname="com.distrimind.util.DecentralizedIDTests"/>
  <testcase name="testToBytes" time="0.0" classname="com.distrimind.util.DecentralizedIDTests"/>
  <testcase name="testToBytes" time="0.0" classname="com.distrimind.util.DecentralizedIDTests"/>
  <testcase name="testToBytes" time="0.0" classname="com.distrimind.util.DecentralizedIDTests"/>
  <testcase name="testToBytes" time="0.006" classname="com.distrimind.util.DecentralizedIDTests"/>
  <testcase name="testToBytes" time="0.009" classname="com.distrimind.util.DecentralizedIDTests"/>
  <testcase name="testToBytes" time="0.034" classname="com.distrimind.util.DecentralizedIDTests"/>
  <testcase name="testToBytes" time="0.0" classname="com.distrimind.util.DecentralizedIDTests"/>
  <testcase name="testToBytes" time="0.0" classname="com.distrimind.util.DecentralizedIDTests"/>
  <testcase name="testToBytes" time="0.0" classname="com.distrimind.util.DecentralizedIDTests"/>
  <testcase name="testToBytes" time="0.0" classname="com.distrimind.util.DecentralizedIDTests"/>
  <testcase name="testToBytes" time="0.0" classname="com.distrimind.util.DecentralizedIDTests"/>
  <testcase name="testToBytes" time="0.0" classname="com.distrimind.util.DecentralizedIDTests"/>
  <testcase name="testToBytes" time="0.0" classname="com.distrimind.util.DecentralizedIDTests"/>
  <testcase name="testToBytes" time="0.0" classname="com.distrimind.util.DecentralizedIDTests"/>
  <testcase name="testToBytes" time="0.0" classname="com.distrimind.util.DecentralizedIDTests"/>
  <testcase name="testToBytes" time="0.0" classname="com.distrimind.util.DecentralizedIDTests"/>
  <testcase name="testToBytes" time="0.0" classname="com.distrimind.util.DecentralizedIDTests"/>
  <testcase name="testToBytes" time="0.0" classname="com.distrimind.util.DecentralizedIDTests"/>
  <testcase name="testToBytes" time="0.0" classname="com.distrimind.util.DecentralizedIDTests"/>
  <testcase name="testToBytes" time="0.002" classname="com.distrimind.util.DecentralizedIDTests"/>
  <testcase name="testToBytes" time="0.0" classname="com.distrimind.util.DecentralizedIDTests"/>
  <testcase name="testToBytes" time="0.0" classname="com.distrimind.util.DecentralizedIDTests"/>
  <testcase name="testToBytes" time="0.0" classname="com.distrimind.util.DecentralizedIDTests"/>
  <testcase name="testToBytes" time="0.0" classname="com.distrimind.util.DecentralizedIDTests"/>
  <testcase name="testToBytes" time="0.002" classname="com.distrimind.util.DecentralizedIDTests"/>
  <testcase name="testToBytes" time="0.0" classname="com.distrimind.util.DecentralizedIDTests"/>
  <testcase name="testToBytes" time="0.0" classname="com.distrimind.util.DecentralizedIDTests"/>
  <testcase name="testToBytes" time="0.0" classname="com.distrimind.util.DecentralizedIDTests"/>
  <testcase name="testToBytes" time="0.0" classname="com.distrimind.util.DecentralizedIDTests"/>
  <testcase name="testToBytes" time="0.001" classname="com.distrimind.util.DecentralizedIDTests"/>
  <testcase name="testToBytes" time="0.0" classname="com.distrimind.util.DecentralizedIDTests"/>
  <testcase name="testToBytes" time="0.0" classname="com.distrimind.util.DecentralizedIDTests"/>
  <testcase name="testToBytes" time="0.0" classname="com.distrimind.util.DecentralizedIDTests"/>
  <testcase name="testToBytes" time="0.0" classname="com.distrimind.util.DecentralizedIDTests"/>
  <testcase name="testToBytes" time="0.0" classname="com.distrimind.util.DecentralizedIDTests"/>
  <testcase name="testToBytes" time="0.0" classname="com.distrimind.util.DecentralizedIDTests"/>
  <testcase name="testToBytes" time="0.0" classname="com.distrimind.util.DecentralizedIDTests"/>
  <testcase name="testToBytes" time="0.0" classname="com.distrimind.util.DecentralizedIDTests"/>
  <testcase name="testToBytes" time="0.0" classname="com.distrimind.util.DecentralizedIDTests"/>
  <testcase name="testToBytes" time="0.0" classname="com.distrimind.util.DecentralizedIDTests"/>
  <testcase name="testToBytes" time="0.0" classname="com.distrimind.util.DecentralizedIDTests"/>
  <testcase name="testToBytes" time="0.002" classname="com.distrimind.util.DecentralizedIDTests"/>
  <testcase name="testToBytes" time="0.001" classname="com.distrimind.util.DecentralizedIDTests"/>
  <testcase name="testToBytes" time="0.0" classname="com.distrimind.util.DecentralizedIDTests"/>
  <testcase name="testToBytes" time="0.0" classname="com.distrimind.util.DecentralizedIDTests"/>
  <testcase name="testToBytes" time="0.0" classname="com.distrimind.util.DecentralizedIDTests"/>
  <testcase name="testToBytes" time="0.001" classname="com.distrimind.util.DecentralizedIDTests"/>
  <testcase name="testToBytes" time="0.0" classname="com.distrimind.util.DecentralizedIDTests"/>
  <testcase name="testToBytes" time="0.0" classname="com.distrimind.util.DecentralizedIDTests"/>
  <testcase name="testToBytes" time="0.001" classname="com.distrimind.util.DecentralizedIDTests"/>
  <testcase name="testToBytes" time="0.0" classname="com.distrimind.util.DecentralizedIDTests"/>
  <testcase name="testToBytes" time="0.0" classname="com.distrimind.util.DecentralizedIDTests"/>
  <testcase name="testToBytes" time="0.0" classname="com.distrimind.util.DecentralizedIDTests"/>
  <testcase name="testToBytes" time="0.0" classname="com.distrimind.util.DecentralizedIDTests"/>
  <testcase name="testToBytes" time="0.0" classname="com.distrimind.util.DecentralizedIDTests"/>
  <testcase name="testToBytes" time="0.003" classname="com.distrimind.util.DecentralizedIDTests"/>
  <testcase name="testToBytes" time="0.001" classname="com.distrimind.util.DecentralizedIDTests"/>
  <testcase name="testToBytes" time="0.001" classname="com.distrimind.util.DecentralizedIDTests"/>
  <testcase name="testToBytes" time="0.0" classname="com.distrimind.util.DecentralizedIDTests"/>
  <testcase name="testToBytes" time="0.0" classname="com.distrimind.util.DecentralizedIDTests"/>
  <testcase name="testToBytes" time="0.0" classname="com.distrimind.util.DecentralizedIDTests"/>
  <testcase name="testToBytes" time="0.0" classname="com.distrimind.util.DecentralizedIDTests"/>
  <testcase name="testToBytes" time="0.0" classname="com.distrimind.util.DecentralizedIDTests"/>
  <testcase name="testToBytes" time="0.0" classname="com.distrimind.util.DecentralizedIDTests"/>
  <testcase name="testToBytes" time="0.0" classname="com.distrimind.util.DecentralizedIDTests"/>
  <testcase name="testToBytes" time="0.0" classname="com.distrimind.util.DecentralizedIDTests"/>
  <testcase name="testToBytes" time="0.0" classname="com.distrimind.util.DecentralizedIDTests"/>
  <testcase name="testToBytes" time="0.001" classname="com.distrimind.util.DecentralizedIDTests"/>
  <testcase name="testToBytes" time="0.0" classname="com.distrimind.util.DecentralizedIDTests"/>
  <testcase name="testToBytes" time="0.0" classname="com.distrimind.util.DecentralizedIDTests"/>
  <testcase name="testToBytes" time="0.0" classname="com.distrimind.util.DecentralizedIDTests"/>
  <testcase name="testToBytes" time="0.004" classname="com.distrimind.util.DecentralizedIDTests"/>
  <testcase name="testToBytes" time="0.0" classname="com.distrimind.util.DecentralizedIDTests"/>
  <testcase name="testToBytes" time="0.0" classname="com.distrimind.util.DecentralizedIDTests"/>
  <testcase name="testToBytes" time="0.0" classname="com.distrimind.util.DecentralizedIDTests"/>
  <testcase name="testToBytes" time="0.0" classname="com.distrimind.util.DecentralizedIDTests"/>
  <testcase name="testToBytes" time="0.0" classname="com.distrimind.util.DecentralizedIDTests"/>
  <testcase name="testToBytes" time="0.0" classname="com.distrimind.util.DecentralizedIDTests"/>
  <testcase name="testToBytes" time="0.0" classname="com.distrimind.util.DecentralizedIDTests"/>
  <testcase name="testToBytes" time="0.0" classname="com.distrimind.util.DecentralizedIDTests"/>
  <testcase name="testToBytes" time="0.0" classname="com.distrimind.util.DecentralizedIDTests"/>
  <testcase name="testToBytes" time="0.0" classname="com.distrimind.util.DecentralizedIDTests"/>
  <testcase name="testToBytes" time="0.0" classname="com.distrimind.util.DecentralizedIDTests"/>
  <testcase name="testToBytes" time="0.0" classname="com.distrimind.util.DecentralizedIDTests"/>
  <testcase name="testToBytes" time="0.0" classname="com.distrimind.util.DecentralizedIDTests"/>
  <testcase name="testToBytes" time="0.0" classname="com.distrimind.util.DecentralizedIDTests"/>
  <testcase name="testToBytes" time="0.0" classname="com.distrimind.util.DecentralizedIDTests"/>
  <testcase name="testToBytes" time="0.0" classname="com.distrimind.util.DecentralizedIDTests"/>
  <testcase name="testToBytes" time="0.001" classname="com.distrimind.util.DecentralizedIDTests"/>
  <testcase name="testToBytes" time="0.0" classname="com.distrimind.util.DecentralizedIDTests"/>
  <testcase name="testToBytes" time="0.0" classname="com.distrimind.util.DecentralizedIDTests"/>
  <testcase name="testToBytes" time="0.0" classname="com.distrimind.util.DecentralizedIDTests"/>
  <testcase name="testToBytes" time="0.0" classname="com.distrimind.util.DecentralizedIDTests"/>
  <testcase name="testToBytes" time="0.0" classname="com.distrimind.util.DecentralizedIDTests"/>
  <testcase name="testToBytes" time="0.0" classname="com.distrimind.util.DecentralizedIDTests"/>
  <testcase name="testToBytes" time="0.0" classname="com.distrimind.util.DecentralizedIDTests"/>
  <testcase name="testToBytes" time="0.0" classname="com.distrimind.util.DecentralizedIDTests"/>
  <testcase name="testToBytes" time="0.0" classname="com.distrimind.util.DecentralizedIDTests"/>
  <testcase name="testToBytes" time="0.0" classname="com.distrimind.util.DecentralizedIDTests"/>
  <testcase name="testToBytes" time="0.0" classname="com.distrimind.util.DecentralizedIDTests"/>
  <testcase name="testToBytes" time="0.0" classname="com.distrimind.util.DecentralizedIDTests"/>
  <testcase name="testToBytes" time="0.0" classname="com.distrimind.util.DecentralizedIDTests"/>
  <testcase name="testToBytes" time="0.0" classname="com.distrimind.util.DecentralizedIDTests"/>
  <testcase name="testToBytes" time="0.0" classname="com.distrimind.util.DecentralizedIDTests"/>
  <testcase name="testToBytes" time="0.0" classname="com.distrimind.util.DecentralizedIDTests"/>
  <testcase name="testToBytes" time="0.0" classname="com.distrimind.util.DecentralizedIDTests"/>
  <testcase name="testToBytes" time="0.0" classname="com.distrimind.util.DecentralizedIDTests"/>
  <testcase name="testToBytes" time="0.0" classname="com.distrimind.util.DecentralizedIDTests"/>
  <testcase name="testToBytes" time="0.0" classname="com.distrimind.util.DecentralizedIDTests"/>
  <testcase name="testToBytes" time="0.0" classname="com.distrimind.util.DecentralizedIDTests"/>
  <testcase name="testToBytes" time="0.0" classname="com.distrimind.util.DecentralizedIDTests"/>
  <testcase name="testToBytes" time="0.0" classname="com.distrimind.util.DecentralizedIDTests"/>
  <testcase name="testToBytes" time="0.0" classname="com.distrimind.util.DecentralizedIDTests"/>
  <testcase name="testToBytes" time="0.0" classname="com.distrimind.util.DecentralizedIDTests"/>
  <testcase name="testToBytes" time="0.0" classname="com.distrimind.util.DecentralizedIDTests"/>
  <testcase name="testToBytes" time="0.009" classname="com.distrimind.util.DecentralizedIDTests"/>
  <testcase name="testToBytes" time="0.008" classname="com.distrimind.util.DecentralizedIDTests"/>
  <testcase name="testToBytes" time="0.008" classname="com.distrimind.util.DecentralizedIDTests"/>
  <testcase name="testToBytes" time="0.0" classname="com.distrimind.util.DecentralizedIDTests"/>
  <testcase name="testToBytes" time="0.0" classname="com.distrimind.util.DecentralizedIDTests"/>
  <testcase name="testToBytes" time="0.001" classname="com.distrimind.util.DecentralizedIDTests"/>
  <testcase name="testToBytes" time="0.001" classname="com.distrimind.util.DecentralizedIDTests"/>
  <testcase name="testToBytes" time="0.0" classname="com.distrimind.util.DecentralizedIDTests"/>
  <testcase name="testToBytes" time="0.0" classname="com.distrimind.util.DecentralizedIDTests"/>
  <testcase name="testToBytes" time="0.0" classname="com.distrimind.util.DecentralizedIDTests"/>
  <testcase name="testToBytes" time="0.0" classname="com.distrimind.util.DecentralizedIDTests"/>
  <testcase name="testToBytes" time="0.009" classname="com.distrimind.util.DecentralizedIDTests"/>
  <testcase name="testToBytes" time="0.0" classname="com.distrimind.util.DecentralizedIDTests"/>
  <testcase name="testToBytes" time="0.0" classname="com.distrimind.util.DecentralizedIDTests"/>
  <testcase name="testToBytes" time="0.0" classname="com.distrimind.util.DecentralizedIDTests"/>
  <testcase name="testToBytes" time="0.0" classname="com.distrimind.util.DecentralizedIDTests"/>
  <testcase name="testToBytes" time="0.002" classname="com.distrimind.util.DecentralizedIDTests"/>
  <testcase name="testToBytes" time="0.0" classname="com.distrimind.util.DecentralizedIDTests"/>
  <testcase name="testToBytes" time="0.0" classname="com.distrimind.util.DecentralizedIDTests"/>
  <testcase name="testToBytes" time="0.0" classname="com.distrimind.util.DecentralizedIDTests"/>
  <testcase name="testToBytes" time="0.0" classname="com.distrimind.util.DecentralizedIDTests"/>
  <testcase name="testToBytes" time="0.0" classname="com.distrimind.util.DecentralizedIDTests"/>
  <testcase name="testToBytes" time="0.0" classname="com.distrimind.util.DecentralizedIDTests"/>
  <testcase name="testToBytes" time="0.0" classname="com.distrimind.util.DecentralizedIDTests"/>
  <testcase name="testToBytes" time="0.009" classname="com.distrimind.util.DecentralizedIDTests"/>
  <testcase name="testToBytes" time="0.007" classname="com.distrimind.util.DecentralizedIDTests"/>
  <testcase name="testToBytes" time="0.001" classname="com.distrimind.util.DecentralizedIDTests"/>
  <testcase name="testToBytes" time="0.0" classname="com.distrimind.util.DecentralizedIDTests"/>
  <testcase name="testToBytes" time="0.0" classname="com.distrimind.util.DecentralizedIDTests"/>
  <testcase name="testToBytes" time="0.0" classname="com.distrimind.util.DecentralizedIDTests"/>
  <testcase name="testToBytes" time="0.0" classname="com.distrimind.util.DecentralizedIDTests"/>
  <testcase name="testToBytes" time="0.0" classname="com.distrimind.util.DecentralizedIDTests"/>
  <testcase name="testToBytes" time="0.0" classname="com.distrimind.util.DecentralizedIDTests"/>
  <testcase name="testToBytes" time="0.0" classname="com.distrimind.util.DecentralizedIDTests"/>
  <testcase name="testToBytes" time="0.0" classname="com.distrimind.util.DecentralizedIDTests"/>
  <testcase name="testToBytes" time="0.0" classname="com.distrimind.util.DecentralizedIDTests"/>
  <testcase name="testToBytes" time="0.0" classname="com.distrimind.util.DecentralizedIDTests"/>
  <testcase name="testToBytes" time="0.001" classname="com.distrimind.util.DecentralizedIDTests"/>
  <testcase name="testToBytes" time="0.001" classname="com.distrimind.util.DecentralizedIDTests"/>
  <testcase name="testToBytes" time="0.0" classname="com.distrimind.util.DecentralizedIDTests"/>
  <testcase name="testToBytes" time="0.0" classname="com.distrimind.util.DecentralizedIDTests"/>
  <testcase name="testToBytes" time="0.001" classname="com.distrimind.util.DecentralizedIDTests"/>
  <testcase name="testToBytes" time="0.0" classname="com.distrimind.util.DecentralizedIDTests"/>
  <testcase name="testToBytes" time="0.0" classname="com.distrimind.util.DecentralizedIDTests"/>
  <testcase name="testToBytes" time="0.0" classname="com.distrimind.util.DecentralizedIDTests"/>
  <testcase name="testToBytes" time="0.0" classname="com.distrimind.util.DecentralizedIDTests"/>
  <testcase name="testToBytes" time="0.001" classname="com.distrimind.util.DecentralizedIDTests"/>
  <testcase name="testToBytes" time="0.001" classname="com.distrimind.util.DecentralizedIDTests"/>
  <testcase name="testToBytes" time="0.0" classname="com.distrimind.util.DecentralizedIDTests"/>
  <testcase name="testToBytes" time="0.0" classname="com.distrimind.util.DecentralizedIDTests"/>
  <testcase name="testToBytes" time="0.0" classname="com.distrimind.util.DecentralizedIDTests"/>
  <testcase name="testToBytes" time="0.0" classname="com.distrimind.util.DecentralizedIDTests"/>
  <testcase name="testToBytes" time="0.0" classname="com.distrimind.util.DecentralizedIDTests"/>
  <testcase name="testToBytes" time="0.0" classname="com.distrimind.util.DecentralizedIDTests"/>
  <testcase name="testToBytes" time="0.0" classname="com.distrimind.util.DecentralizedIDTests"/>
  <testcase name="testToBytes" time="0.001" classname="com.distrimind.util.DecentralizedIDTests"/>
  <testcase name="testToBytes" time="0.0" classname="com.distrimind.util.DecentralizedIDTests"/>
  <testcase name="testToBytes" time="0.0" classname="com.distrimind.util.DecentralizedIDTests"/>
  <testcase name="testToBytes" time="0.0" classname="com.distrimind.util.DecentralizedIDTests"/>
  <testcase name="testToBytes" time="0.0" classname="com.distrimind.util.DecentralizedIDTests"/>
  <testcase name="testToBytes" time="0.0" classname="com.distrimind.util.DecentralizedIDTests"/>
  <testcase name="testToBytes" time="0.0" classname="com.distrimind.util.DecentralizedIDTests"/>
  <testcase name="testToBytes" time="0.006" classname="com.distrimind.util.DecentralizedIDTests"/>
  <testcase name="testToBytes" time="0.0" classname="com.distrimind.util.DecentralizedIDTests"/>
  <testcase name="testToBytes" time="0.0" classname="com.distrimind.util.DecentralizedIDTests"/>
  <testcase name="testToBytes" time="0.001" classname="com.distrimind.util.DecentralizedIDTests"/>
  <testcase name="testToBytes" time="0.0" classname="com.distrimind.util.DecentralizedIDTests"/>
  <testcase name="testToBytes" time="0.008" classname="com.distrimind.util.DecentralizedIDTests"/>
  <testcase name="testToBytes" time="0.0" classname="com.distrimind.util.DecentralizedIDTests"/>
  <testcase name="testToBytes" time="0.0" classname="com.distrimind.util.DecentralizedIDTests"/>
  <testcase name="testToBytes" time="0.0" classname="com.distrimind.util.DecentralizedIDTests"/>
  <testcase name="testToBytes" time="0.008" classname="com.distrimind.util.DecentralizedIDTests"/>
  <testcase name="testToBytes" time="0.0" classname="com.distrimind.util.DecentralizedIDTests"/>
  <testcase name="testToBytes" time="0.0" classname="com.distrimind.util.DecentralizedIDTests"/>
  <testcase name="testToBytes" time="0.0" classname="com.distrimind.util.DecentralizedIDTests"/>
  <testcase name="testToBytes" time="0.0" classname="com.distrimind.util.DecentralizedIDTests"/>
  <testcase name="testToBytes" time="0.0" classname="com.distrimind.util.DecentralizedIDTests"/>
  <testcase name="testToBytes" time="0.001" classname="com.distrimind.util.DecentralizedIDTests"/>
  <testcase name="testToBytes" time="0.0" classname="com.distrimind.util.DecentralizedIDTests"/>
  <testcase name="testToBytes" time="0.0" classname="com.distrimind.util.DecentralizedIDTests"/>
  <testcase name="testToBytes" time="0.0" classname="com.distrimind.util.DecentralizedIDTests"/>
  <testcase name="testToBytes" time="0.001" classname="com.distrimind.util.DecentralizedIDTests"/>
  <testcase name="testToBytes" time="0.0" classname="com.distrimind.util.DecentralizedIDTests"/>
  <testcase name="testToBytes" time="0.008" classname="com.distrimind.util.DecentralizedIDTests"/>
  <testcase name="testToBytes" time="0.009" classname="com.distrimind.util.DecentralizedIDTests"/>
  <testcase name="testToBytes" time="0.0" classname="com.distrimind.util.DecentralizedIDTests"/>
  <testcase name="testToBytes" time="0.0" classname="com.distrimind.util.DecentralizedIDTests"/>
  <testcase name="testToBytes" time="0.0" classname="com.distrimind.util.DecentralizedIDTests"/>
  <testcase name="testToBytes" time="0.0" classname="com.distrimind.util.DecentralizedIDTests"/>
  <testcase name="testToBytes" time="0.001" classname="com.distrimind.util.DecentralizedIDTests"/>
  <testcase name="testToBytes" time="0.017" classname="com.distrimind.util.DecentralizedIDTests"/>
  <testcase name="testToBytes" time="0.0" classname="com.distrimind.util.DecentralizedIDTests"/>
  <testcase name="testToBytes" time="0.0" classname="com.distrimind.util.DecentralizedIDTests"/>
  <testcase name="testToBytes" time="0.0" classname="com.distrimind.util.DecentralizedIDTests"/>
  <testcase name="testToBytes" time="0.0" classname="com.distrimind.util.DecentralizedIDTests"/>
  <testcase name="testToBytes" time="0.0" classname="com.distrimind.util.DecentralizedIDTests"/>
  <testcase name="testToBytes" time="0.001" classname="com.distrimind.util.DecentralizedIDTests"/>
  <testcase name="testToBytes" time="0.0" classname="com.distrimind.util.DecentralizedIDTests"/>
  <testcase name="testToBytes" time="0.0" classname="com.distrimind.util.DecentralizedIDTests"/>
  <testcase name="testToBytes" time="0.0" classname="com.distrimind.util.DecentralizedIDTests"/>
  <testcase name="testToBytes" time="0.0" classname="com.distrimind.util.DecentralizedIDTests"/>
  <testcase name="testToBytes" time="0.0" classname="com.distrimind.util.DecentralizedIDTests"/>
  <testcase name="testToBytes" time="0.0" classname="com.distrimind.util.DecentralizedIDTests"/>
  <testcase name="testToBytes" time="0.001" classname="com.distrimind.util.DecentralizedIDTests"/>
  <testcase name="testToBytes" time="0.0" classname="com.distrimind.util.DecentralizedIDTests"/>
  <testcase name="testToBytes" time="0.0" classname="com.distrimind.util.DecentralizedIDTests"/>
  <testcase name="testToBytes" time="0.0" classname="com.distrimind.util.DecentralizedIDTests"/>
  <testcase name="testToBytes" time="0.0" classname="com.distrimind.util.DecentralizedIDTests"/>
  <testcase name="testToBytes" time="0.0" classname="com.distrimind.util.DecentralizedIDTests"/>
  <testcase name="testToBytes" time="0.0" classname="com.distrimind.util.DecentralizedIDTests"/>
  <testcase name="testToBytes" time="0.0" classname="com.distrimind.util.DecentralizedIDTests"/>
  <testcase name="testToBytes" time="0.0" classname="com.distrimind.util.DecentralizedIDTests"/>
  <testcase name="testToBytes" time="0.0" classname="com.distrimind.util.DecentralizedIDTests"/>
  <testcase name="testToBytes" time="0.0" classname="com.distrimind.util.DecentralizedIDTests"/>
  <testcase name="testToBytes" time="0.0" classname="com.distrimind.util.DecentralizedIDTests"/>
  <testcase name="testToBytes" time="0.0" classname="com.distrimind.util.DecentralizedIDTests"/>
  <testcase name="testToBytes" time="0.0" classname="com.distrimind.util.DecentralizedIDTests"/>
  <testcase name="testToBytes" time="0.001" classname="com.distrimind.util.DecentralizedIDTests"/>
  <testcase name="testToBytes" time="0.0" classname="com.distrimind.util.DecentralizedIDTests"/>
  <testcase name="testToBytes" time="0.0" classname="com.distrimind.util.DecentralizedIDTests"/>
  <testcase name="testToBytes" time="0.0" classname="com.distrimind.util.DecentralizedIDTests"/>
  <testcase name="testToBytes" time="0.0" classname="com.distrimind.util.DecentralizedIDTests"/>
  <testcase name="testToBytes" time="0.0" classname="com.distrimind.util.DecentralizedIDTests"/>
  <testcase name="testToBytes" time="0.0" classname="com.distrimind.util.DecentralizedIDTests"/>
  <testcase name="testToBytes" time="0.0" classname="com.distrimind.util.DecentralizedIDTests"/>
  <testcase name="testToBytes" time="0.0" classname="com.distrimind.util.DecentralizedIDTests"/>
  <testcase name="testToBytes" time="0.0" classname="com.distrimind.util.DecentralizedIDTests"/>
  <testcase name="testToBytes" time="0.019" classname="com.distrimind.util.DecentralizedIDTests"/>
  <testcase name="testToBytes" time="0.0" classname="com.distrimind.util.DecentralizedIDTests"/>
  <testcase name="testToBytes" time="0.0" classname="com.distrimind.util.DecentralizedIDTests"/>
  <testcase name="testToBytes" time="0.0" classname="com.distrimind.util.DecentralizedIDTests"/>
  <testcase name="testToBytes" time="0.0" classname="com.distrimind.util.DecentralizedIDTests"/>
  <testcase name="testToBytes" time="0.0" classname="com.distrimind.util.DecentralizedIDTests"/>
  <testcase name="testToBytes" time="0.0" classname="com.distrimind.util.DecentralizedIDTests"/>
  <testcase name="testToBytes" time="0.0" classname="com.distrimind.util.DecentralizedIDTests"/>
  <testcase name="testToBytes" time="0.0" classname="com.distrimind.util.DecentralizedIDTests"/>
  <testcase name="testToBytes" time="0.0" classname="com.distrimind.util.DecentralizedIDTests"/>
  <testcase name="testToBytes" time="0.001" classname="com.distrimind.util.DecentralizedIDTests"/>
  <testcase name="testToBytes" time="0.0" classname="com.distrimind.util.DecentralizedIDTests"/>
  <testcase name="testToBytes" time="0.0" classname="com.distrimind.util.DecentralizedIDTests"/>
  <testcase name="testToBytes" time="0.0" classname="com.distrimind.util.DecentralizedIDTests"/>
  <testcase name="testToBytes" time="0.001" classname="com.distrimind.util.DecentralizedIDTests"/>
  <testcase name="testToBytes" time="0.0" classname="com.distrimind.util.DecentralizedIDTests"/>
  <testcase name="testToBytes" time="0.0" classname="com.distrimind.util.DecentralizedIDTests"/>
  <testcase name="testToBytes" time="0.0" classname="com.distrimind.util.DecentralizedIDTests"/>
  <testcase name="testToBytes" time="0.0" classname="com.distrimind.util.DecentralizedIDTests"/>
  <testcase name="testToBytes" time="0.0" classname="com.distrimind.util.DecentralizedIDTests"/>
  <testcase name="testToBytes" time="0.0" classname="com.distrimind.util.DecentralizedIDTests"/>
  <testcase name="testToBytes" time="0.0" classname="com.distrimind.util.DecentralizedIDTests"/>
  <testcase name="testToBytes" time="0.0" classname="com.distrimind.util.DecentralizedIDTests"/>
  <testcase name="testToBytes" time="0.0" classname="com.distrimind.util.DecentralizedIDTests"/>
  <testcase name="testToBytes" time="0.0" classname="com.distrimind.util.DecentralizedIDTests"/>
  <testcase name="testToBytes" time="0.0" classname="com.distrimind.util.DecentralizedIDTests"/>
  <testcase name="testToBytes" time="0.0" classname="com.distrimind.util.DecentralizedIDTests"/>
  <testcase name="testToBytes" time="0.0" classname="com.distrimind.util.DecentralizedIDTests"/>
  <testcase name="testToBytes" time="0.001" classname="com.distrimind.util.DecentralizedIDTests"/>
  <testcase name="testToBytes" time="0.0" classname="com.distrimind.util.DecentralizedIDTests"/>
  <testcase name="testToBytes" time="0.0" classname="com.distrimind.util.DecentralizedIDTests"/>
  <testcase name="testToBytes" time="0.0" classname="com.distrimind.util.DecentralizedIDTests"/>
  <testcase name="testToBytes" time="0.0" classname="com.distrimind.util.DecentralizedIDTests"/>
  <testcase name="testToBytes" time="0.0" classname="com.distrimind.util.DecentralizedIDTests"/>
  <testcase name="testToBytes" time="0.0" classname="com.distrimind.util.DecentralizedIDTests"/>
  <testcase name="testToBytes" time="0.001" classname="com.distrimind.util.DecentralizedIDTests"/>
  <testcase name="testToBytes" time="0.0" classname="com.distrimind.util.DecentralizedIDTests"/>
  <testcase name="testToBytes" time="0.0" classname="com.distrimind.util.DecentralizedIDTests"/>
  <testcase name="testToBytes" time="0.0" classname="com.distrimind.util.DecentralizedIDTests"/>
  <testcase name="testToBytes" time="0.0" classname="com.distrimind.util.DecentralizedIDTests"/>
  <testcase name="testToBytes" time="0.0" classname="com.distrimind.util.DecentralizedIDTests"/>
  <testcase name="testToBytes" time="0.0" classname="com.distrimind.util.DecentralizedIDTests"/>
  <testcase name="testToBytes" time="0.001" classname="com.distrimind.util.DecentralizedIDTests"/>
  <testcase name="testToBytes" time="0.0" classname="com.distrimind.util.DecentralizedIDTests"/>
  <testcase name="testToBytes" time="0.0" classname="com.distrimind.util.DecentralizedIDTests"/>
  <testcase name="testToBytes" time="0.0" classname="com.distrimind.util.DecentralizedIDTests"/>
  <testcase name="testToBytes" time="0.0" classname="com.distrimind.util.DecentralizedIDTests"/>
  <testcase name="testToBytes" time="0.0" classname="com.distrimind.util.DecentralizedIDTests"/>
  <testcase name="testToBytes" time="0.0" classname="com.distrimind.util.DecentralizedIDTests"/>
  <testcase name="testToBytes" time="0.0" classname="com.distrimind.util.DecentralizedIDTests"/>
  <testcase name="testToBytes" time="0.0" classname="com.distrimind.util.DecentralizedIDTests"/>
  <testcase name="testToBytes" time="0.0" classname="com.distrimind.util.DecentralizedIDTests"/>
  <testcase name="testToBytes" time="0.027" classname="com.distrimind.util.DecentralizedIDTests"/>
  <testcase name="testToBytes" time="0.0" classname="com.distrimind.util.DecentralizedIDTests"/>
  <testcase name="testToBytes" time="0.0" classname="com.distrimind.util.DecentralizedIDTests"/>
  <testcase name="testToBytes" time="0.0" classname="com.distrimind.util.DecentralizedIDTests"/>
  <testcase name="testToBytes" time="0.0" classname="com.distrimind.util.DecentralizedIDTests"/>
  <testcase name="testToBytes" time="0.0" classname="com.distrimind.util.DecentralizedIDTests"/>
  <testcase name="testToBytes" time="0.0" classname="com.distrimind.util.DecentralizedIDTests"/>
  <testcase name="testToBytes" time="0.0" classname="com.distrimind.util.DecentralizedIDTests"/>
  <testcase name="testToBytes" time="0.0" classname="com.distrimind.util.DecentralizedIDTests"/>
  <testcase name="testToBytes" time="0.0" classname="com.distrimind.util.DecentralizedIDTests"/>
  <testcase name="testToBytes" time="0.0" classname="com.distrimind.util.DecentralizedIDTests"/>
  <testcase name="testToBytes" time="0.001" classname="com.distrimind.util.DecentralizedIDTests"/>
  <testcase name="testToBytes" time="0.0" classname="com.distrimind.util.DecentralizedIDTests"/>
  <testcase name="testToBytes" time="0.0" classname="com.distrimind.util.DecentralizedIDTests"/>
  <testcase name="testToBytes" time="0.0" classname="com.distrimind.util.DecentralizedIDTests"/>
  <testcase name="testToBytes" time="0.0" classname="com.distrimind.util.DecentralizedIDTests"/>
  <testcase name="testToBytes" time="0.0" classname="com.distrimind.util.DecentralizedIDTests"/>
  <testcase name="testToBytes" time="0.0" classname="com.distrimind.util.DecentralizedIDTests"/>
  <testcase name="testToBytes" time="0.001" classname="com.distrimind.util.DecentralizedIDTests"/>
  <testcase name="testToBytes" time="0.0" classname="com.distrimind.util.DecentralizedIDTests"/>
  <testcase name="testToBytes" time="0.0" classname="com.distrimind.util.DecentralizedIDTests"/>
  <testcase name="testToBytes" time="0.0" classname="com.distrimind.util.DecentralizedIDTests"/>
  <testcase name="testToBytes" time="0.0" classname="com.distrimind.util.DecentralizedIDTests"/>
  <testcase name="testToBytes" time="0.0" classname="com.distrimind.util.DecentralizedIDTests"/>
  <testcase name="testToBytes" time="0.0" classname="com.distrimind.util.DecentralizedIDTests"/>
  <testcase name="testToBytes" time="0.001" classname="com.distrimind.util.DecentralizedIDTests"/>
  <testcase name="testToBytes" time="0.0" classname="com.distrimind.util.DecentralizedIDTests"/>
  <testcase name="testToBytes" time="0.001" classname="com.distrimind.util.DecentralizedIDTests"/>
  <testcase name="testToBytes" time="0.012" classname="com.distrimind.util.DecentralizedIDTests"/>
  <testcase name="testToBytes" time="0.001" classname="com.distrimind.util.DecentralizedIDTests"/>
  <testcase name="testToBytes" time="0.0" classname="com.distrimind.util.DecentralizedIDTests"/>
  <testcase name="testToBytes" time="0.0" classname="com.distrimind.util.DecentralizedIDTests"/>
  <testcase name="testToBytes" time="0.0" classname="com.distrimind.util.DecentralizedIDTests"/>
  <testcase name="testToBytes" time="0.0" classname="com.distrimind.util.DecentralizedIDTests"/>
  <testcase name="testToBytes" time="0.0" classname="com.distrimind.util.DecentralizedIDTests"/>
  <testcase name="testToBytes" time="0.0" classname="com.distrimind.util.DecentralizedIDTests"/>
  <testcase name="testToBytes" time="0.0" classname="com.distrimind.util.DecentralizedIDTests"/>
  <testcase name="testToBytes" time="0.0" classname="com.distrimind.util.DecentralizedIDTests"/>
  <testcase name="testToBytes" time="0.0" classname="com.distrimind.util.DecentralizedIDTests"/>
  <testcase name="testToBytes" time="0.0" classname="com.distrimind.util.DecentralizedIDTests"/>
  <testcase name="testToBytes" time="0.0" classname="com.distrimind.util.DecentralizedIDTests"/>
  <testcase name="testToBytes" time="0.0" classname="com.distrimind.util.DecentralizedIDTests"/>
  <testcase name="testToBytes" time="0.001" classname="com.distrimind.util.DecentralizedIDTests"/>
  <testcase name="testToBytes" time="0.0" classname="com.distrimind.util.DecentralizedIDTests"/>
  <testcase name="testToBytes" time="0.0" classname="com.distrimind.util.DecentralizedIDTests"/>
  <testcase name="testToBytes" time="0.0" classname="com.distrimind.util.DecentralizedIDTests"/>
  <testcase name="testToBytes" time="0.0" classname="com.distrimind.util.DecentralizedIDTests"/>
  <testcase name="testToBytes" time="0.0" classname="com.distrimind.util.DecentralizedIDTests"/>
  <testcase name="testToBytes" time="0.0" classname="com.distrimind.util.DecentralizedIDTests"/>
  <testcase name="testToBytes" time="0.0" classname="com.distrimind.util.DecentralizedIDTests"/>
  <testcase name="testToBytes" time="0.0" classname="com.distrimind.util.DecentralizedIDTests"/>
  <testcase name="testToBytes" time="0.0" classname="com.distrimind.util.DecentralizedIDTests"/>
  <testcase name="testToBytes" time="0.0" classname="com.distrimind.util.DecentralizedIDTests"/>
  <testcase name="testToBytes" time="0.0" classname="com.distrimind.util.DecentralizedIDTests"/>
  <testcase name="testToBytes" time="0.0" classname="com.distrimind.util.DecentralizedIDTests"/>
  <testcase name="testToBytes" time="0.0" classname="com.distrimind.util.DecentralizedIDTests"/>
  <testcase name="testToBytes" time="0.0" classname="com.distrimind.util.DecentralizedIDTests"/>
  <testcase name="testToBytes" time="0.001" classname="com.distrimind.util.DecentralizedIDTests"/>
  <testcase name="testToBytes" time="0.0" classname="com.distrimind.util.DecentralizedIDTests"/>
  <testcase name="testToBytes" time="0.0" classname="com.distrimind.util.DecentralizedIDTests"/>
  <testcase name="testToBytes" time="0.0" classname="com.distrimind.util.DecentralizedIDTests"/>
  <testcase name="testToBytes" time="0.0" classname="com.distrimind.util.DecentralizedIDTests"/>
  <testcase name="testToBytes" time="0.0" classname="com.distrimind.util.DecentralizedIDTests"/>
  <testcase name="testToBytes" time="0.0" classname="com.distrimind.util.DecentralizedIDTests"/>
  <testcase name="testToBytes" time="0.0" classname="com.distrimind.util.DecentralizedIDTests"/>
  <testcase name="testToBytes" time="0.001" classname="com.distrimind.util.DecentralizedIDTests"/>
  <testcase name="testToBytes" time="0.0" classname="com.distrimind.util.DecentralizedIDTests"/>
  <testcase name="testToBytes" time="0.0" classname="com.distrimind.util.DecentralizedIDTests"/>
  <testcase name="testToBytes" time="0.0" classname="com.distrimind.util.DecentralizedIDTests"/>
  <testcase name="testToBytes" time="0.0" classname="com.distrimind.util.DecentralizedIDTests"/>
  <testcase name="testToBytes" time="0.0" classname="com.distrimind.util.DecentralizedIDTests"/>
  <testcase name="testToBytes" time="0.017" classname="com.distrimind.util.DecentralizedIDTests"/>
  <testcase name="testToBytes" time="0.018" classname="com.distrimind.util.DecentralizedIDTests"/>
  <testcase name="testToBytes" time="0.0" classname="com.distrimind.util.DecentralizedIDTests"/>
  <testcase name="testToBytes" time="0.0" classname="com.distrimind.util.DecentralizedIDTests"/>
  <testcase name="testToBytes" time="0.0" classname="com.distrimind.util.DecentralizedIDTests"/>
  <testcase name="testToBytes" time="0.0" classname="com.distrimind.util.DecentralizedIDTests"/>
  <testcase name="testToBytes" time="0.0" classname="com.distrimind.util.DecentralizedIDTests"/>
  <testcase name="testToBytes" time="0.0" classname="com.distrimind.util.DecentralizedIDTests"/>
  <testcase name="testToBytes" time="0.0" classname="com.distrimind.util.DecentralizedIDTests"/>
  <testcase name="testToBytes" time="0.033" classname="com.distrimind.util.DecentralizedIDTests"/>
  <testcase name="testToBytes" time="0.033" classname="com.distrimind.util.DecentralizedIDTests"/>
  <testcase name="testToBytes" time="0.001" classname="com.distrimind.util.DecentralizedIDTests"/>
  <testcase name="testToBytes" time="0.001" classname="com.distrimind.util.DecentralizedIDTests"/>
  <testcase name="testToBytes" time="0.0" classname="com.distrimind.util.DecentralizedIDTests"/>
  <testcase name="testToBytes" time="0.0" classname="com.distrimind.util.DecentralizedIDTests"/>
  <testcase name="testToBytes" time="0.0" classname="com.distrimind.util.DecentralizedIDTests"/>
  <testcase name="testToBytes" time="0.0" classname="com.distrimind.util.DecentralizedIDTests"/>
  <testcase name="testToBytes" time="0.0" classname="com.distrimind.util.DecentralizedIDTests"/>
  <testcase name="testToBytes" time="0.0" classname="com.distrimind.util.DecentralizedIDTests"/>
  <testcase name="testToBytes" time="0.001" classname="com.distrimind.util.DecentralizedIDTests"/>
  <testcase name="testToBytes" time="0.0" classname="com.distrimind.util.DecentralizedIDTests"/>
  <testcase name="testToBytes" time="0.0" classname="com.distrimind.util.DecentralizedIDTests"/>
  <testcase name="testToBytes" time="0.0" classname="com.distrimind.util.DecentralizedIDTests"/>
  <testcase name="testToBytes" time="0.0" classname="com.distrimind.util.DecentralizedIDTests"/>
  <testcase name="testToBytes" time="0.0" classname="com.distrimind.util.DecentralizedIDTests"/>
  <testcase name="testToBytes" time="0.0" classname="com.distrimind.util.DecentralizedIDTests"/>
  <testcase name="testToBytes" time="0.0" classname="com.distrimind.util.DecentralizedIDTests"/>
  <testcase name="testToBytes" time="0.0" classname="com.distrimind.util.DecentralizedIDTests"/>
  <testcase name="testToBytes" time="0.0" classname="com.distrimind.util.DecentralizedIDTests"/>
  <testcase name="testToBytes" time="0.0" classname="com.distrimind.util.DecentralizedIDTests"/>
  <testcase name="testToBytes" time="0.0" classname="com.distrimind.util.DecentralizedIDTests"/>
  <testcase name="testToBytes" time="0.0" classname="com.distrimind.util.DecentralizedIDTests"/>
  <testcase name="testToBytes" time="0.0" classname="com.distrimind.util.DecentralizedIDTests"/>
  <testcase name="testToBytes" time="0.0" classname="com.distrimind.util.DecentralizedIDTests"/>
  <testcase name="testToBytes" time="0.0" classname="com.distrimind.util.DecentralizedIDTests"/>
  <testcase name="testToBytes" time="0.0" classname="com.distrimind.util.DecentralizedIDTests"/>
  <testcase name="testToBytes" time="0.0" classname="com.distrimind.util.DecentralizedIDTests"/>
  <testcase name="testToBytes" time="0.001" classname="com.distrimind.util.DecentralizedIDTests"/>
  <testcase name="testToBytes" time="0.0" classname="com.distrimind.util.DecentralizedIDTests"/>
  <testcase name="testToBytes" time="0.0" classname="com.distrimind.util.DecentralizedIDTests"/>
  <testcase name="testToBytes" time="0.0" classname="com.distrimind.util.DecentralizedIDTests"/>
  <testcase name="testToBytes" time="0.0" classname="com.distrimind.util.DecentralizedIDTests"/>
  <testcase name="testToBytes" time="0.0" classname="com.distrimind.util.DecentralizedIDTests"/>
  <testcase name="testToBytes" time="0.0" classname="com.distrimind.util.DecentralizedIDTests"/>
  <testcase name="testToBytes" time="0.0" classname="com.distrimind.util.DecentralizedIDTests"/>
  <testcase name="testToBytes" time="0.004" classname="com.distrimind.util.DecentralizedIDTests"/>
  <testcase name="testToBytes" time="0.0" classname="com.distrimind.util.DecentralizedIDTests"/>
  <testcase name="testToBytes" time="0.0" classname="com.distrimind.util.DecentralizedIDTests"/>
  <testcase name="testToBytes" time="0.0" classname="com.distrimind.util.DecentralizedIDTests"/>
  <testcase name="testToBytes" time="0.0" classname="com.distrimind.util.DecentralizedIDTests"/>
  <testcase name="testToBytes" time="0.001" classname="com.distrimind.util.DecentralizedIDTests"/>
  <testcase name="testToBytes" time="0.011" classname="com.distrimind.util.DecentralizedIDTests"/>
  <testcase name="testToBytes" time="0.0" classname="com.distrimind.util.DecentralizedIDTests"/>
  <testcase name="testToBytes" time="0.0" classname="com.distrimind.util.DecentralizedIDTests"/>
  <testcase name="testToBytes" time="0.0" classname="com.distrimind.util.DecentralizedIDTests"/>
  <testcase name="testToBytes" time="0.011" classname="com.distrimind.util.DecentralizedIDTests"/>
  <testcase name="testToBytes" time="0.0" classname="com.distrimind.util.DecentralizedIDTests"/>
  <testcase name="testToBytes" time="0.0" classname="com.distrimind.util.DecentralizedIDTests"/>
  <testcase name="testToBytes" time="0.0" classname="com.distrimind.util.DecentralizedIDTests"/>
  <testcase name="testToBytes" time="0.0" classname="com.distrimind.util.DecentralizedIDTests"/>
  <testcase name="testToBytes" time="0.0" classname="com.distrimind.util.DecentralizedIDTests"/>
  <testcase name="testToBytes" time="0.0" classname="com.distrimind.util.DecentralizedIDTests"/>
  <testcase name="testToBytes" time="0.0" classname="com.distrimind.util.DecentralizedIDTests"/>
  <testcase name="testToBytes" time="0.0" classname="com.distrimind.util.DecentralizedIDTests"/>
  <testcase name="testToBytes" time="0.0" classname="com.distrimind.util.DecentralizedIDTests"/>
  <testcase name="testToBytes" time="0.0" classname="com.distrimind.util.DecentralizedIDTests"/>
  <testcase name="testToBytes" time="0.0" classname="com.distrimind.util.DecentralizedIDTests"/>
  <testcase name="testToBytes" time="0.0" classname="com.distrimind.util.DecentralizedIDTests"/>
  <testcase name="testToBytes" time="0.0" classname="com.distrimind.util.DecentralizedIDTests"/>
  <testcase name="testToBytes" time="0.0" classname="com.distrimind.util.DecentralizedIDTests"/>
  <testcase name="testToBytes" time="0.001" classname="com.distrimind.util.DecentralizedIDTests"/>
  <testcase name="testToBytes" time="0.0" classname="com.distrimind.util.DecentralizedIDTests"/>
  <testcase name="testToBytes" time="0.0" classname="com.distrimind.util.DecentralizedIDTests"/>
  <testcase name="testToBytes" time="0.0" classname="com.distrimind.util.DecentralizedIDTests"/>
[...]
  <testcase name="testNotEquals" time="0.003" classname="com.distrimind.util.DecentralizedIDTests"/>
  <testcase name="testNotEquals" time="0.0" classname="com.distrimind.util.DecentralizedIDTests"/>
  <testcase name="testNotEquals" time="0.0" classname="com.distrimind.util.DecentralizedIDTests"/>
  <testcase name="testNotEquals" time="0.0" classname="com.distrimind.util.DecentralizedIDTests"/>
  <testcase name="testNotEquals" time="0.0" classname="com.distrimind.util.DecentralizedIDTests"/>
  <testcase name="testNotEquals" time="0.0" classname="com.distrimind.util.DecentralizedIDTests"/>
  <testcase name="testNotEquals" time="0.0" classname="com.distrimind.util.DecentralizedIDTests"/>
  <testcase name="testNotEquals" time="0.0" classname="com.distrimind.util.DecentralizedIDTests"/>
  <testcase name="testNotEquals" time="0.001" classname="com.distrimind.util.DecentralizedIDTests"/>
  <testcase name="testNotEquals" time="0.0" classname="com.distrimind.util.DecentralizedIDTests"/>
  <testcase name="testNotEquals" time="0.0" classname="com.distrimind.util.DecentralizedIDTests"/>
  <testcase name="testNotEquals" time="0.0" classname="com.distrimind.util.DecentralizedIDTests"/>
  <testcase name="testNotEquals" time="0.0" classname="com.distrimind.util.DecentralizedIDTests"/>
  <testcase name="testNotEquals" time="0.0" classname="com.distrimind.util.DecentralizedIDTests"/>
  <testcase name="testNotEquals" time="0.001" classname="com.distrimind.util.DecentralizedIDTests"/>
  <testcase name="testNotEquals" time="0.0" classname="com.distrimind.util.DecentralizedIDTests"/>
  <testcase name="testNotEquals" time="0.0" classname="com.distrimind.util.DecentralizedIDTests"/>
  <testcase name="testNotEquals" time="0.0" classname="com.distrimind.util.DecentralizedIDTests"/>
  <testcase name="testNotEquals" time="0.0" classname="com.distrimind.util.DecentralizedIDTests"/>
  <testcase name="testNotEquals" time="0.0" classname="com.distrimind.util.DecentralizedIDTests"/>
  <testcase name="testNotEquals" time="0.0" classname="com.distrimind.util.DecentralizedIDTests"/>
  <testcase name="testNotEquals" time="0.0" classname="com.distrimind.util.DecentralizedIDTests"/>
  <testcase name="testNotEquals" time="0.0" classname="com.distrimind.util.DecentralizedIDTests"/>
  <testcase name="testNotEquals" time="0.0" classname="com.distrimind.util.DecentralizedIDTests"/>
  <testcase name="testNotEquals" time="0.0" classname="com.distrimind.util.DecentralizedIDTests"/>
  <testcase name="testNotEquals" time="0.011" classname="com.distrimind.util.DecentralizedIDTests"/>
  <testcase name="testNotEquals" time="0.013" classname="com.distrimind.util.DecentralizedIDTests"/>
  <testcase name="testNotEquals" time="0.014" classname="com.distrimind.util.DecentralizedIDTests"/>
  <testcase name="testNotEquals" time="0.0" classname="com.distrimind.util.DecentralizedIDTests"/>
  <testcase name="testNotEquals" time="0.014" classname="com.distrimind.util.DecentralizedIDTests"/>
  <testcase name="testNotEquals" time="0.014" classname="com.distrimind.util.DecentralizedIDTests"/>
  <testcase name="testNotEquals" time="0.0" classname="com.distrimind.util.DecentralizedIDTests"/>
  <testcase name="testNotEquals" time="0.011" classname="com.distrimind.util.DecentralizedIDTests"/>
  <testcase name="testNotEquals" time="0.012" classname="com.distrimind.util.DecentralizedIDTests"/>
  <testcase name="testNotEquals" time="0.011" classname="com.distrimind.util.DecentralizedIDTests"/>
  <testcase name="testNotEquals" time="0.001" classname="com.distrimind.util.DecentralizedIDTests"/>
  <testcase name="testNotEquals" time="0.001" classname="com.distrimind.util.DecentralizedIDTests"/>
  <testcase name="testNotEquals" time="0.001" classname="com.distrimind.util.DecentralizedIDTests"/>
  <testcase name="testNotEquals" time="0.002" classname="com.distrimind.util.DecentralizedIDTests"/>
  <testcase name="testNotEquals" time="0.001" classname="com.distrimind.util.DecentralizedIDTests"/>
  <testcase name="testNotEquals" time="0.001" classname="com.distrimind.util.DecentralizedIDTests"/>
  <testcase name="testNotEquals" time="0.001" classname="com.distrimind.util.DecentralizedIDTests"/>
  <testcase name="testNotEquals" time="0.0" classname="com.distrimind.util.DecentralizedIDTests"/>
  <testcase name="testNotEquals" time="0.0" classname="com.distrimind.util.DecentralizedIDTests"/>
  <testcase name="testNotEquals" time="0.0" classname="com.distrimind.util.DecentralizedIDTests"/>
  <testcase name="testNotEquals" time="0.001" classname="com.distrimind.util.DecentralizedIDTests"/>
  <testcase name="testNotEquals" time="0.0" classname="com.distrimind.util.DecentralizedIDTests"/>
  <testcase name="testNotEquals" time="0.0" classname="com.distrimind.util.DecentralizedIDTests"/>
  <testcase name="testNotEquals" time="0.0" classname="com.distrimind.util.DecentralizedIDTests"/>
  <testcase name="testNotEquals" time="0.0" classname="com.distrimind.util.DecentralizedIDTests"/>
  <testcase name="testNotEquals" time="0.0" classname="com.distrimind.util.DecentralizedIDTests"/>
  <testcase name="testNotEquals" time="0.001" classname="com.distrimind.util.DecentralizedIDTests"/>
  <testcase name="testNotEquals" time="0.0" classname="com.distrimind.util.DecentralizedIDTests"/>
  <testcase name="testNotEquals" time="0.0" classname="com.distrimind.util.DecentralizedIDTests"/>
  <testcase name="testNotEquals" time="0.001" classname="com.distrimind.util.DecentralizedIDTests"/>
  <testcase name="testNotEquals" time="0.0" classname="com.distrimind.util.DecentralizedIDTests"/>
  <testcase name="testNotEquals" time="0.001" classname="com.distrimind.util.DecentralizedIDTests"/>
  <testcase name="testNotEquals" time="0.0" classname="com.distrimind.util.DecentralizedIDTests"/>
  <testcase name="testNotEquals" time="0.0" classname="com.distrimind.util.DecentralizedIDTests"/>
  <testcase name="testNotEquals" time="0.0" classname="com.distrimind.util.DecentralizedIDTests"/>
  <testcase name="testNotEquals" time="0.0" classname="com.distrimind.util.DecentralizedIDTests"/>
  <testcase name="testNotEquals" time="0.0" classname="com.distrimind.util.DecentralizedIDTests"/>
  <testcase name="testNotEquals" time="0.0" classname="com.distrimind.util.DecentralizedIDTests"/>
  <testcase name="testNotEquals" time="0.0" classname="com.distrimind.util.DecentralizedIDTests"/>
  <testcase name="testNotEquals" time="0.0" classname="com.distrimind.util.DecentralizedIDTests"/>
  <testcase name="testNotEquals" time="0.0" classname="com.distrimind.util.DecentralizedIDTests"/>
  <testcase name="testNotEquals" time="0.0" classname="com.distrimind.util.DecentralizedIDTests"/>
  <testcase name="testNotEquals" time="0.0" classname="com.distrimind.util.DecentralizedIDTests"/>
  <testcase name="testNotEquals" time="0.0" classname="com.distrimind.util.DecentralizedIDTests"/>
  <testcase name="testNotEquals" time="0.001" classname="com.distrimind.util.DecentralizedIDTests"/>
  <testcase name="testNotEquals" time="0.0" classname="com.distrimind.util.DecentralizedIDTests"/>
  <testcase name="testNotEquals" time="0.0" classname="com.distrimind.util.DecentralizedIDTests"/>
  <testcase name="testNotEquals" time="0.0" classname="com.distrimind.util.DecentralizedIDTests"/>
  <testcase name="testNotEquals" time="0.0" classname="com.distrimind.util.DecentralizedIDTests"/>
  <testcase name="testNotEquals" time="0.0" classname="com.distrimind.util.DecentralizedIDTests"/>
  <testcase name="testNotEquals" time="0.0" classname="com.distrimind.util.DecentralizedIDTests"/>
  <testcase name="testNotEquals" time="0.001" classname="com.distrimind.util.DecentralizedIDTests"/>
  <testcase name="testNotEquals" time="0.0" classname="com.distrimind.util.DecentralizedIDTests"/>
  <testcase name="testNotEquals" time="0.0" classname="com.distrimind.util.DecentralizedIDTests"/>
  <testcase name="testNotEquals" time="0.002" classname="com.distrimind.util.DecentralizedIDTests"/>
  <testcase name="testNotEquals" time="0.0" classname="com.distrimind.util.DecentralizedIDTests"/>
  <testcase name="testNotEquals" time="0.0" classname="com.distrimind.util.DecentralizedIDTests"/>
  <testcase name="testNotEquals" time="0.0" classname="com.distrimind.util.DecentralizedIDTests"/>
  <testcase name="testNotEquals" time="0.0" classname="com.distrimind.util.DecentralizedIDTests"/>
  <testcase name="testNotEquals" time="0.001" classname="com.distrimind.util.DecentralizedIDTests"/>
  <testcase name="testNotEquals" time="0.0" classname="com.distrimind.util.DecentralizedIDTests"/>
  <testcase name="testNotEquals" time="0.0" classname="com.distrimind.util.DecentralizedIDTests"/>
  <testcase name="testNotEquals" time="0.0" classname="com.distrimind.util.DecentralizedIDTests"/>
  <testcase name="testNotEquals" time="0.0" classname="com.distrimind.util.DecentralizedIDTests"/>
  <testcase name="testNotEquals" time="0.0" classname="com.distrimind.util.DecentralizedIDTests"/>
  <testcase name="testNotEquals" time="0.0" classname="com.distrimind.util.DecentralizedIDTests"/>
  <testcase name="testNotEquals" time="0.001" classname="com.distrimind.util.DecentralizedIDTests"/>
  <testcase name="testNotEquals" time="0.0" classname="com.distrimind.util.DecentralizedIDTests"/>
  <testcase name="testNotEquals" time="0.0" classname="com.distrimind.util.DecentralizedIDTests"/>
  <testcase name="testNotEquals" time="0.0" classname="com.distrimind.util.DecentralizedIDTests"/>
  <testcase name="testNotEquals" time="0.0" classname="com.distrimind.util.DecentralizedIDTests"/>
  <testcase name="testNotEquals" time="0.0" classname="com.distrimind.util.DecentralizedIDTests"/>
  <testcase name="testNotEquals" time="0.0" classname="com.distrimind.util.DecentralizedIDTests"/>
  <testcase name="testNotEquals" time="0.001" classname="com.distrimind.util.DecentralizedIDTests"/>
  <testcase name="testNotEquals" time="0.001" classname="com.distrimind.util.DecentralizedIDTests"/>
  <testcase name="testNotEquals" time="0.0" classname="com.distrimind.util.DecentralizedIDTests"/>
  <testcase name="testNotEquals" time="0.0" classname="com.distrimind.util.DecentralizedIDTests"/>
  <testcase name="testNotEquals" time="0.0" classname="com.distrimind.util.DecentralizedIDTests"/>
  <testcase name="testNotEquals" time="0.0" classname="com.distrimind.util.DecentralizedIDTests"/>
  <testcase name="testNotEquals" time="0.0" classname="com.distrimind.util.DecentralizedIDTests"/>
  <testcase name="testNotEquals" time="0.0" classname="com.distrimind.util.DecentralizedIDTests"/>
  <testcase name="testNotEquals" time="0.0" classname="com.distrimind.util.DecentralizedIDTests"/>
  <testcase name="testNotEquals" time="0.0" classname="com.distrimind.util.DecentralizedIDTests"/>
  <testcase name="testNotEquals" time="0.0" classname="com.distrimind.util.DecentralizedIDTests"/>
  <testcase name="testNotEquals" time="0.0" classname="com.distrimind.util.DecentralizedIDTests"/>
  <testcase name="testNotEquals" time="0.007" classname="com.distrimind.util.DecentralizedIDTests"/>
  <testcase name="testNotEquals" time="0.007" classname="com.distrimind.util.DecentralizedIDTests"/>
  <testcase name="testNotEquals" time="0.007" classname="com.distrimind.util.DecentralizedIDTests"/>
  <testcase name="testNotEquals" time="0.002" classname="com.distrimind.util.DecentralizedIDTests"/>
  <testcase name="testNotEquals" time="0.0" classname="com.distrimind.util.DecentralizedIDTests"/>
  <testcase name="testNotEquals" time="0.0" classname="com.distrimind.util.DecentralizedIDTests"/>
  <testcase name="testNotEquals" time="0.001" classname="com.distrimind.util.DecentralizedIDTests"/>
  <testcase name="testNotEquals" time="0.001" classname="com.distrimind.util.DecentralizedIDTests"/>
  <testcase name="testNotEquals" time="0.0" classname="com.distrimind.util.DecentralizedIDTests"/>
  <testcase name="testNotEquals" time="0.0" classname="com.distrimind.util.DecentralizedIDTests"/>
  <testcase name="testNotEquals" time="0.0" classname="com.distrimind.util.DecentralizedIDTests"/>
  <testcase name="testNotEquals" time="0.0" classname="com.distrimind.util.DecentralizedIDTests"/>
  <testcase name="testNotEquals" time="0.0" classname="com.distrimind.util.DecentralizedIDTests"/>
  <testcase name="testNotEquals" time="0.0" classname="com.distrimind.util.DecentralizedIDTests"/>
  <testcase name="testNotEquals" time="0.0" classname="com.distrimind.util.DecentralizedIDTests"/>
  <testcase name="testNotEquals" time="0.001" classname="com.distrimind.util.DecentralizedIDTests"/>
  <testcase name="testNotEquals" time="0.0" classname="com.distrimind.util.DecentralizedIDTests"/>
  <testcase name="testNotEquals" time="0.0" classname="com.distrimind.util.DecentralizedIDTests"/>
  <testcase name="testNotEquals" time="0.001" classname="com.distrimind.util.DecentralizedIDTests"/>
  <testcase name="testNotEquals" time="0.002" classname="com.distrimind.util.DecentralizedIDTests"/>
  <testcase name="testNotEquals" time="0.0" classname="com.distrimind.util.DecentralizedIDTests"/>
  <testcase name="testNotEquals" time="0.0" classname="com.distrimind.util.DecentralizedIDTests"/>
  <testcase name="testNotEquals" time="0.0" classname="com.distrimind.util.DecentralizedIDTests"/>
  <testcase name="testNotEquals" time="0.001" classname="com.distrimind.util.DecentralizedIDTests"/>
  <testcase name="testNotEquals" time="0.0" classname="com.distrimind.util.DecentralizedIDTests"/>
  <testcase name="testNotEquals" time="0.001" classname="com.distrimind.util.DecentralizedIDTests"/>
  <testcase name="testNotEquals" time="0.001" classname="com.distrimind.util.DecentralizedIDTests"/>
  <testcase name="testNotEquals" time="0.001" classname="com.distrimind.util.DecentralizedIDTests"/>
  <testcase name="testNotEquals" time="0.0" classname="com.distrimind.util.DecentralizedIDTests"/>
  <testcase name="testNotEquals" time="0.0" classname="com.distrimind.util.DecentralizedIDTests"/>
  <testcase name="testNotEquals" time="0.0" classname="com.distrimind.util.DecentralizedIDTests"/>
  <testcase name="testNotEquals" time="0.0" classname="com.distrimind.util.DecentralizedIDTests"/>
  <testcase name="testNotEquals" time="0.0" classname="com.distrimind.util.DecentralizedIDTests"/>
  <testcase name="testNotEquals" time="0.0" classname="com.distrimind.util.DecentralizedIDTests"/>
  <testcase name="testNotEquals" time="0.0" classname="com.distrimind.util.DecentralizedIDTests"/>
  <testcase name="testNotEquals" time="0.0" classname="com.distrimind.util.DecentralizedIDTests"/>
  <testcase name="testNotEquals" time="0.0" classname="com.distrimind.util.DecentralizedIDTests"/>
  <testcase name="testNotEquals" time="0.0" classname="com.distrimind.util.DecentralizedIDTests"/>
  <testcase name="testNotEquals" time="0.0" classname="com.distrimind.util.DecentralizedIDTests"/>
  <testcase name="testNotEquals" time="0.001" classname="com.distrimind.util.DecentralizedIDTests"/>
  <testcase name="testNotEquals" time="0.0" classname="com.distrimind.util.DecentralizedIDTests"/>
  <testcase name="testNotEquals" time="0.0" classname="com.distrimind.util.DecentralizedIDTests"/>
  <testcase name="testNotEquals" time="0.0" classname="com.distrimind.util.DecentralizedIDTests"/>
  <testcase name="testNotEquals" time="0.0" classname="com.distrimind.util.DecentralizedIDTests"/>
  <testcase name="testNotEquals" time="0.0" classname="com.distrimind.util.DecentralizedIDTests"/>
  <testcase name="testNotEquals" time="0.0" classname="com.distrimind.util.DecentralizedIDTests"/>
  <testcase name="testNotEquals" time="0.0" classname="com.distrimind.util.DecentralizedIDTests"/>
  <testcase name="testNotEquals" time="0.0" classname="com.distrimind.util.DecentralizedIDTests"/>
  <testcase name="testNotEquals" time="0.0" classname="com.distrimind.util.DecentralizedIDTests"/>
  <testcase name="testNotEquals" time="0.0" classname="com.distrimind.util.DecentralizedIDTests"/>
  <testcase name="testNotEquals" time="0.0" classname="com.distrimind.util.DecentralizedIDTests"/>
  <testcase name="testNotEquals" time="0.0" classname="com.distrimind.util.DecentralizedIDTests"/>
  <testcase name="testNotEquals" time="0.001" classname="com.distrimind.util.DecentralizedIDTests"/>
  <testcase name="testNotEquals" time="0.005" classname="com.distrimind.util.DecentralizedIDTests"/>
  <testcase name="testNotEquals" time="0.005" classname="com.distrimind.util.DecentralizedIDTests"/>
  <testcase name="testNotEquals" time="0.005" classname="com.distrimind.util.DecentralizedIDTests"/>
  <testcase name="testNotEquals" time="0.005" classname="com.distrimind.util.DecentralizedIDTests"/>
  <testcase name="testNotEquals" time="0.006" classname="com.distrimind.util.DecentralizedIDTests"/>
  <testcase name="testNotEquals" time="0.0" classname="com.distrimind.util.DecentralizedIDTests"/>
  <testcase name="testNotEquals" time="0.0" classname="com.distrimind.util.DecentralizedIDTests"/>
  <testcase name="testNotEquals" time="0.0" classname="com.distrimind.util.DecentralizedIDTests"/>
  <testcase name="testNotEquals" time="0.0" classname="com.distrimind.util.DecentralizedIDTests"/>
  <testcase name="testNotEquals" time="0.0" classname="com.distrimind.util.DecentralizedIDTests"/>
  <testcase name="testNotEquals" time="0.0" classname="com.distrimind.util.DecentralizedIDTests"/>
  <testcase name="testNotEquals" time="0.001" classname="com.distrimind.util.DecentralizedIDTests"/>
  <testcase name="testNotEquals" time="0.001" classname="com.distrimind.util.DecentralizedIDTests"/>
  <testcase name="testNotEquals" time="0.0" classname="com.distrimind.util.DecentralizedIDTests"/>
  <testcase name="testNotEquals" time="0.006" classname="com.distrimind.util.DecentralizedIDTests"/>
  <testcase name="testNotEquals" time="0.001" classname="com.distrimind.util.DecentralizedIDTests"/>
  <testcase name="testNotEquals" time="0.001" classname="com.distrimind.util.DecentralizedIDTests"/>
  <testcase name="testNotEquals" time="0.006" classname="com.distrimind.util.DecentralizedIDTests"/>
  <testcase name="testNotEquals" time="0.0" classname="com.distrimind.util.DecentralizedIDTests"/>
  <testcase name="testNotEquals" time="0.001" classname="com.distrimind.util.DecentralizedIDTests"/>
  <testcase name="testNotEquals" time="0.001" classname="com.distrimind.util.DecentralizedIDTests"/>
  <testcase name="testNotEquals" time="0.0" classname="com.distrimind.util.DecentralizedIDTests"/>
  <testcase name="testNotEquals" time="0.0" classname="com.distrimind.util.DecentralizedIDTests"/>
  <testcase name="testNotEquals" time="0.007" classname="com.distrimind.util.DecentralizedIDTests"/>
  <testcase name="testNotEquals" time="0.002" classname="com.distrimind.util.DecentralizedIDTests"/>
  <testcase name="testNotEquals" time="0.001" classname="com.distrimind.util.DecentralizedIDTests"/>
  <testcase name="testNotEquals" time="0.0" classname="com.distrimind.util.DecentralizedIDTests"/>
  <testcase name="testNotEquals" time="0.0" classname="com.distrimind.util.DecentralizedIDTests"/>
  <testcase name="testNotEquals" time="0.001" classname="com.distrimind.util.DecentralizedIDTests"/>
  <testcase name="testNotEquals" time="0.0" classname="com.distrimind.util.DecentralizedIDTests"/>
  <testcase name="testNotEquals" time="0.001" classname="com.distrimind.util.DecentralizedIDTests"/>
  <testcase name="testNotEquals" time="0.001" classname="com.distrimind.util.DecentralizedIDTests"/>
  <testcase name="testNotEquals" time="0.001" classname="com.distrimind.util.DecentralizedIDTests"/>
  <testcase name="testNotEquals" time="0.001" classname="com.distrimind.util.DecentralizedIDTests"/>
  <testcase name="testNotEquals" time="0.001" classname="com.distrimind.util.DecentralizedIDTests"/>
  <testcase name="testNotEquals" time="0.001" classname="com.distrimind.util.DecentralizedIDTests"/>
  <testcase name="testNotEquals" time="0.0" classname="com.distrimind.util.DecentralizedIDTests"/>
</testsuite> <!-- testDencentralizedIDGenerator -->
