<?xml version="1.0" encoding="UTF-8"?>
<!-- Generated by org.testng.reporters.JUnitXMLReporter -->
<testsuite hostname="choupchoup" ignored="0" name="testCyrpto" tests="4199" failures="0" timestamp="03 juin 2017 18:33:02 GMT" time="448.914" errors="0">
  <testcase name="testCheckpw_failure" time="2.577" classname="com.distrimind.util.crypto.TestBCrypt"/>
  <testcase name="testCheckpw_success" time="2.5" classname="com.distrimind.util.crypto.TestBCrypt"/>
  <testcase name="testGensalt" time="0.951" classname="com.distrimind.util.crypto.TestBCrypt"/>
  <testcase name="testGensaltInt" time="7.526" classname="com.distrimind.util.crypto.TestBCrypt"/>
  <testcase name="testHashpw" time="2.521" classname="com.distrimind.util.crypto.TestBCrypt"/>
  <testcase name="testInternationalChars" time="0.383" classname="com.distrimind.util.crypto.TestBCrypt"/>
  <testcase name="testEncodeAndSeparateEncoding" time="0.0" classname="com.distrimind.util.crypto.CryptoTests"/>
  <testcase name="testEncodeAndSeparateEncoding" time="0.0" classname="com.distrimind.util.crypto.CryptoTests"/>
  <testcase name="testEncodeAndSeparateEncoding" time="0.0" classname="com.distrimind.util.crypto.CryptoTests"/>
  <testcase name="testEncodeAndSeparateEncoding" time="0.0" classname="com.distrimind.util.crypto.CryptoTests"/>
  <testcase name="testEncodeAndSeparateEncoding" time="0.0" classname="com.distrimind.util.crypto.CryptoTests"/>
  <testcase name="testEncodeAndSeparateEncoding" time="0.0" classname="com.distrimind.util.crypto.CryptoTests"/>
  <testcase name="testEncodeAndSeparateEncoding" time="0.0" classname="com.distrimind.util.crypto.CryptoTests"/>
  <testcase name="testEncodeAndSeparateEncoding" time="0.0" classname="com.distrimind.util.crypto.CryptoTests"/>
  <testcase name="testEncodeAndSeparateEncoding" time="0.0" classname="com.distrimind.util.crypto.CryptoTests"/>
  <testcase name="testEncodeAndSeparateEncoding" time="0.0" classname="com.distrimind.util.crypto.CryptoTests"/>
  <testcase name="testEncodeAndSeparateEncoding" time="0.0" classname="com.distrimind.util.crypto.CryptoTests"/>
  <testcase name="testEncodeAndSeparateEncoding" time="0.0" classname="com.distrimind.util.crypto.CryptoTests"/>
  <testcase name="testEncodeAndSeparateEncoding" time="0.0" classname="com.distrimind.util.crypto.CryptoTests"/>
  <testcase name="testEncodeAndSeparateEncoding" time="0.001" classname="com.distrimind.util.crypto.CryptoTests"/>
  <testcase name="testEncodeAndSeparateEncoding" time="0.0" classname="com.distrimind.util.crypto.CryptoTests"/>
  <testcase name="testEncodeAndSeparateEncoding" time="0.0" classname="com.distrimind.util.crypto.CryptoTests"/>
  <testcase name="testEncodeAndSeparateEncoding" time="0.0" classname="com.distrimind.util.crypto.CryptoTests"/>
  <testcase name="testEncodeAndSeparateEncoding" time="0.0" classname="com.distrimind.util.crypto.CryptoTests"/>
  <testcase name="testEncodeAndSeparateEncoding" time="0.001" classname="com.distrimind.util.crypto.CryptoTests"/>
  <testcase name="testEncodeAndSeparateEncoding" time="0.0" classname="com.distrimind.util.crypto.CryptoTests"/>
  <testcase name="testMessageDigest" time="0.002" classname="com.distrimind.util.crypto.CryptoTests"/>
  <testcase name="testMessageDigest" time="0.004" classname="com.distrimind.util.crypto.CryptoTests"/>
  <testcase name="testMessageDigest" time="0.005" classname="com.distrimind.util.crypto.CryptoTests"/>
  <testcase name="testMessageDigest" time="0.007" classname="com.distrimind.util.crypto.CryptoTests"/>
  <testcase name="testMessageDigest" time="0.011" classname="com.distrimind.util.crypto.CryptoTests"/>
  <testcase name="testMessageDigest" time="0.011" classname="com.distrimind.util.crypto.CryptoTests"/>
  <testcase name="testMessageDigest" time="0.01" classname="com.distrimind.util.crypto.CryptoTests"/>
  <testcase name="testMessageDigest" time="0.007" classname="com.distrimind.util.crypto.CryptoTests"/>
  <testcase name="testMessageDigest" time="0.019" classname="com.distrimind.util.crypto.CryptoTests"/>
  <testcase name="testMessageDigest" time="0.019" classname="com.distrimind.util.crypto.CryptoTests"/>
  <testcase name="testReadWriteDataPackaged" time="0.004" classname="com.distrimind.util.crypto.CryptoTests"/>
  <testcase name="testReadWriteDataPackaged" time="0.001" classname="com.distrimind.util.crypto.CryptoTests"/>
  <testcase name="testReadWriteDataPackaged" time="0.001" classname="com.distrimind.util.crypto.CryptoTests"/>
  <testcase name="testReadWriteDataPackaged" time="0.001" classname="com.distrimind.util.crypto.CryptoTests"/>
  <testcase name="testReadWriteDataPackaged" time="0.001" classname="com.distrimind.util.crypto.CryptoTests"/>
  <testcase name="testReadWriteDataPackaged" time="0.001" classname="com.distrimind.util.crypto.CryptoTests"/>
  <testcase name="testReadWriteDataPackaged" time="0.0" classname="com.distrimind.util.crypto.CryptoTests"/>
  <testcase name="testReadWriteDataPackaged" time="0.001" classname="com.distrimind.util.crypto.CryptoTests"/>
  <testcase name="testReadWriteDataPackaged" time="0.001" classname="com.distrimind.util.crypto.CryptoTests"/>
  <testcase name="testReadWriteDataPackaged" time="0.0" classname="com.distrimind.util.crypto.CryptoTests"/>
  <testcase name="testReadWriteDataPackaged" time="0.0" classname="com.distrimind.util.crypto.CryptoTests"/>
  <testcase name="testReadWriteDataPackaged" time="0.0" classname="com.distrimind.util.crypto.CryptoTests"/>
  <testcase name="testReadWriteDataPackaged" time="0.001" classname="com.distrimind.util.crypto.CryptoTests"/>
  <testcase name="testReadWriteDataPackaged" time="0.0" classname="com.distrimind.util.crypto.CryptoTests"/>
  <testcase name="testReadWriteDataPackaged" time="0.001" classname="com.distrimind.util.crypto.CryptoTests"/>
  <testcase name="testReadWriteDataPackaged" time="0.001" classname="com.distrimind.util.crypto.CryptoTests"/>
  <testcase name="testReadWriteDataPackaged" time="0.0" classname="com.distrimind.util.crypto.CryptoTests"/>
  <testcase name="testReadWriteDataPackaged" time="0.001" classname="com.distrimind.util.crypto.CryptoTests"/>
  <testcase name="testReadWriteDataPackaged" time="0.001" classname="com.distrimind.util.crypto.CryptoTests"/>
  <testcase name="testReadWriteDataPackaged" time="0.0" classname="com.distrimind.util.crypto.CryptoTests"/>
  <testcase name="testReadWriteDataPackaged" time="0.001" classname="com.distrimind.util.crypto.CryptoTests"/>
  <testcase name="testReadWriteDataPackaged" time="0.0" classname="com.distrimind.util.crypto.CryptoTests"/>
  <testcase name="testReadWriteDataPackaged" time="0.001" classname="com.distrimind.util.crypto.CryptoTests"/>
  <testcase name="testReadWriteDataPackaged" time="0.001" classname="com.distrimind.util.crypto.CryptoTests"/>
  <testcase name="testReadWriteDataPackaged" time="0.0" classname="com.distrimind.util.crypto.CryptoTests"/>
  <testcase name="testReadWriteDataPackaged" time="0.001" classname="com.distrimind.util.crypto.CryptoTests"/>
  <testcase name="testReadWriteDataPackaged" time="0.0" classname="com.distrimind.util.crypto.CryptoTests"/>
  <testcase name="testReadWriteDataPackaged" time="0.001" classname="com.distrimind.util.crypto.CryptoTests"/>
  <testcase name="testReadWriteDataPackaged" time="0.0" classname="com.distrimind.util.crypto.CryptoTests"/>
  <testcase name="testReadWriteDataPackaged" time="0.0" classname="com.distrimind.util.crypto.CryptoTests"/>
  <testcase name="testReadWriteDataPackaged" time="0.001" classname="com.distrimind.util.crypto.CryptoTests"/>
  <testcase name="testReadWriteDataPackaged" time="0.0" classname="com.distrimind.util.crypto.CryptoTests"/>
  <testcase name="testReadWriteDataPackaged" time="0.0" classname="com.distrimind.util.crypto.CryptoTests"/>
  <testcase name="testReadWriteDataPackaged" time="0.001" classname="com.distrimind.util.crypto.CryptoTests"/>
  <testcase name="testReadWriteDataPackaged" time="0.0" classname="com.distrimind.util.crypto.CryptoTests"/>
  <testcase name="testReadWriteDataPackaged" time="0.001" classname="com.distrimind.util.crypto.CryptoTests"/>
  <testcase name="testReadWriteDataPackaged" time="0.001" classname="com.distrimind.util.crypto.CryptoTests"/>
  <testcase name="testReadWriteDataPackaged" time="0.001" classname="com.distrimind.util.crypto.CryptoTests"/>
  <testcase name="testReadWriteDataPackaged" time="0.0" classname="com.distrimind.util.crypto.CryptoTests"/>
  <testcase name="testReadWriteDataPackaged" time="0.001" classname="com.distrimind.util.crypto.CryptoTests"/>
  <testcase name="testReadWriteDataPackaged" time="0.0" classname="com.distrimind.util.crypto.CryptoTests"/>
  <testcase name="testReadWriteDataPackaged" time="0.0" classname="com.distrimind.util.crypto.CryptoTests"/>
  <testcase name="testReadWriteDataPackaged" time="0.0" classname="com.distrimind.util.crypto.CryptoTests"/>
  <testcase name="testReadWriteDataPackaged" time="0.0" classname="com.distrimind.util.crypto.CryptoTests"/>
  <testcase name="testReadWriteDataPackaged" time="0.001" classname="com.distrimind.util.crypto.CryptoTests"/>
  <testcase name="testReadWriteDataPackaged" time="0.0" classname="com.distrimind.util.crypto.CryptoTests"/>
  <testcase name="testReadWriteDataPackaged" time="0.0" classname="com.distrimind.util.crypto.CryptoTests"/>
  <testcase name="testReadWriteDataPackaged" time="0.0" classname="com.distrimind.util.crypto.CryptoTests"/>
  <testcase name="testReadWriteDataPackaged" time="0.001" classname="com.distrimind.util.crypto.CryptoTests"/>
  <testcase name="testReadWriteDataPackaged" time="0.0" classname="com.distrimind.util.crypto.CryptoTests"/>
  <testcase name="testReadWriteDataPackaged" time="0.001" classname="com.distrimind.util.crypto.CryptoTests"/>
  <testcase name="testReadWriteDataPackaged" time="0.001" classname="com.distrimind.util.crypto.CryptoTests"/>
  <testcase name="testReadWriteDataPackaged" time="0.0" classname="com.distrimind.util.crypto.CryptoTests"/>
  <testcase name="testReadWriteDataPackaged" time="0.001" classname="com.distrimind.util.crypto.CryptoTests"/>
  <testcase name="testReadWriteDataPackaged" time="0.001" classname="com.distrimind.util.crypto.CryptoTests"/>
  <testcase name="testReadWriteDataPackaged" time="0.0" classname="com.distrimind.util.crypto.CryptoTests"/>
  <testcase name="testReadWriteDataPackaged" time="0.0" classname="com.distrimind.util.crypto.CryptoTests"/>
  <testcase name="testReadWriteDataPackaged" time="0.001" classname="com.distrimind.util.crypto.CryptoTests"/>
  <testcase name="testReadWriteDataPackaged" time="0.0" classname="com.distrimind.util.crypto.CryptoTests"/>
  <testcase name="testReadWriteDataPackaged" time="0.0" classname="com.distrimind.util.crypto.CryptoTests"/>
  <testcase name="testReadWriteDataPackaged" time="0.0" classname="com.distrimind.util.crypto.CryptoTests"/>
  <testcase name="testReadWriteDataPackaged" time="0.001" classname="com.distrimind.util.crypto.CryptoTests"/>
  <testcase name="testReadWriteDataPackaged" time="0.001" classname="com.distrimind.util.crypto.CryptoTests"/>
  <testcase name="testReadWriteDataPackaged" time="0.0" classname="com.distrimind.util.crypto.CryptoTests"/>
  <testcase name="testReadWriteDataPackaged" time="0.001" classname="com.distrimind.util.crypto.CryptoTests"/>
  <testcase name="testReadWriteDataPackaged" time="0.001" classname="com.distrimind.util.crypto.CryptoTests"/>
  <testcase name="testReadWriteDataPackaged" time="0.0" classname="com.distrimind.util.crypto.CryptoTests"/>
  <testcase name="testReadWriteDataPackaged" time="0.0" classname="com.distrimind.util.crypto.CryptoTests"/>
  <testcase name="testReadWriteDataPackaged" time="0.0" classname="com.distrimind.util.crypto.CryptoTests"/>
  <testcase name="testReadWriteDataPackaged" time="0.0" classname="com.distrimind.util.crypto.CryptoTests"/>
  <testcase name="testReadWriteDataPackaged" time="0.0" classname="com.distrimind.util.crypto.CryptoTests"/>
  <testcase name="testReadWriteDataPackaged" time="0.0" classname="com.distrimind.util.crypto.CryptoTests"/>
  <testcase name="testReadWriteDataPackaged" time="0.0" classname="com.distrimind.util.crypto.CryptoTests"/>
  <testcase name="testReadWriteDataPackaged" time="0.0" classname="com.distrimind.util.crypto.CryptoTests"/>
  <testcase name="testReadWriteDataPackaged" time="0.001" classname="com.distrimind.util.crypto.CryptoTests"/>
  <testcase name="testReadWriteDataPackaged" time="0.0" classname="com.distrimind.util.crypto.CryptoTests"/>
  <testcase name="testReadWriteDataPackaged" time="0.001" classname="com.distrimind.util.crypto.CryptoTests"/>
  <testcase name="testReadWriteDataPackaged" time="0.0" classname="com.distrimind.util.crypto.CryptoTests"/>
  <testcase name="testReadWriteDataPackaged" time="0.0" classname="com.distrimind.util.crypto.CryptoTests"/>
  <testcase name="testReadWriteDataPackaged" time="0.001" classname="com.distrimind.util.crypto.CryptoTests"/>
  <testcase name="testReadWriteDataPackaged" time="0.0" classname="com.distrimind.util.crypto.CryptoTests"/>
  <testcase name="testReadWriteDataPackaged" time="0.0" classname="com.distrimind.util.crypto.CryptoTests"/>
  <testcase name="testReadWriteDataPackaged" time="0.0" classname="com.distrimind.util.crypto.CryptoTests"/>
  <testcase name="testReadWriteDataPackaged" time="0.0" classname="com.distrimind.util.crypto.CryptoTests"/>
  <testcase name="testReadWriteDataPackaged" time="0.001" classname="com.distrimind.util.crypto.CryptoTests"/>
  <testcase name="testReadWriteDataPackaged" time="0.0" classname="com.distrimind.util.crypto.CryptoTests"/>
  <testcase name="testReadWriteDataPackaged" time="0.0" classname="com.distrimind.util.crypto.CryptoTests"/>
  <testcase name="testReadWriteDataPackaged" time="0.0" classname="com.distrimind.util.crypto.CryptoTests"/>
  <testcase name="testReadWriteDataPackaged" time="0.0" classname="com.distrimind.util.crypto.CryptoTests"/>
  <testcase name="testReadWriteDataPackaged" time="0.0" classname="com.distrimind.util.crypto.CryptoTests"/>
  <testcase name="testReadWriteDataPackaged" time="0.0" classname="com.distrimind.util.crypto.CryptoTests"/>
  <testcase name="testReadWriteDataPackaged" time="0.0" classname="com.distrimind.util.crypto.CryptoTests"/>
  <testcase name="testReadWriteDataPackaged" time="0.001" classname="com.distrimind.util.crypto.CryptoTests"/>
  <testcase name="testReadWriteDataPackaged" time="0.001" classname="com.distrimind.util.crypto.CryptoTests"/>
  <testcase name="testReadWriteDataPackaged" time="0.0" classname="com.distrimind.util.crypto.CryptoTests"/>
  <testcase name="testReadWriteDataPackaged" time="0.0" classname="com.distrimind.util.crypto.CryptoTests"/>
  <testcase name="testReadWriteDataPackaged" time="0.0" classname="com.distrimind.util.crypto.CryptoTests"/>
  <testcase name="testReadWriteDataPackaged" time="0.001" classname="com.distrimind.util.crypto.CryptoTests"/>
  <testcase name="testReadWriteDataPackaged" time="0.0" classname="com.distrimind.util.crypto.CryptoTests"/>
  <testcase name="testReadWriteDataPackaged" time="0.001" classname="com.distrimind.util.crypto.CryptoTests"/>
  <testcase name="testReadWriteDataPackaged" time="0.0" classname="com.distrimind.util.crypto.CryptoTests"/>
  <testcase name="testReadWriteDataPackaged" time="0.001" classname="com.distrimind.util.crypto.CryptoTests"/>
  <testcase name="testReadWriteDataPackaged" time="0.0" classname="com.distrimind.util.crypto.CryptoTests"/>
  <testcase name="testReadWriteDataPackaged" time="0.001" classname="com.distrimind.util.crypto.CryptoTests"/>
  <testcase name="testReadWriteDataPackaged" time="0.0" classname="com.distrimind.util.crypto.CryptoTests"/>
  <testcase name="testReadWriteDataPackaged" time="0.0" classname="com.distrimind.util.crypto.CryptoTests"/>
  <testcase name="testReadWriteDataPackaged" time="0.0" classname="com.distrimind.util.crypto.CryptoTests"/>
  <testcase name="testReadWriteDataPackaged" time="0.0" classname="com.distrimind.util.crypto.CryptoTests"/>
  <testcase name="testReadWriteDataPackaged" time="0.001" classname="com.distrimind.util.crypto.CryptoTests"/>
  <testcase name="testReadWriteDataPackaged" time="0.0" classname="com.distrimind.util.crypto.CryptoTests"/>
  <testcase name="testReadWriteDataPackaged" time="0.0" classname="com.distrimind.util.crypto.CryptoTests"/>
  <testcase name="testReadWriteDataPackaged" time="0.0" classname="com.distrimind.util.crypto.CryptoTests"/>
  <testcase name="testReadWriteDataPackaged" time="0.001" classname="com.distrimind.util.crypto.CryptoTests"/>
  <testcase name="testReadWriteDataPackaged" time="0.0" classname="com.distrimind.util.crypto.CryptoTests"/>
  <testcase name="testReadWriteDataPackaged" time="0.001" classname="com.distrimind.util.crypto.CryptoTests"/>
  <testcase name="testReadWriteDataPackaged" time="0.0" classname="com.distrimind.util.crypto.CryptoTests"/>
  <testcase name="testReadWriteDataPackaged" time="0.0" classname="com.distrimind.util.crypto.CryptoTests"/>
  <testcase name="testReadWriteDataPackaged" time="0.001" classname="com.distrimind.util.crypto.CryptoTests"/>
  <testcase name="testReadWriteDataPackaged" time="0.0" classname="com.distrimind.util.crypto.CryptoTests"/>
  <testcase name="testReadWriteDataPackaged" time="0.0" classname="com.distrimind.util.crypto.CryptoTests"/>
  <testcase name="testReadWriteDataPackaged" time="0.0" classname="com.distrimind.util.crypto.CryptoTests"/>
  <testcase name="testReadWriteDataPackaged" time="0.0" classname="com.distrimind.util.crypto.CryptoTests"/>
  <testcase name="testReadWriteDataPackaged" time="0.0" classname="com.distrimind.util.crypto.CryptoTests"/>
  <testcase name="testReadWriteDataPackaged" time="0.0" classname="com.distrimind.util.crypto.CryptoTests"/>
  <testcase name="testReadWriteDataPackaged" time="0.0" classname="com.distrimind.util.crypto.CryptoTests"/>
  <testcase name="testReadWriteDataPackaged" time="0.0" classname="com.distrimind.util.crypto.CryptoTests"/>
  <testcase name="testReadWriteDataPackaged" time="0.0" classname="com.distrimind.util.crypto.CryptoTests"/>
  <testcase name="testReadWriteDataPackaged" time="0.0" classname="com.distrimind.util.crypto.CryptoTests"/>
  <testcase name="testReadWriteDataPackaged" time="0.0" classname="com.distrimind.util.crypto.CryptoTests"/>
  <testcase name="testReadWriteDataPackaged" time="0.001" classname="com.distrimind.util.crypto.CryptoTests"/>
  <testcase name="testReadWriteDataPackaged" time="0.0" classname="com.distrimind.util.crypto.CryptoTests"/>
  <testcase name="testReadWriteDataPackaged" time="0.0" classname="com.distrimind.util.crypto.CryptoTests"/>
  <testcase name="testReadWriteDataPackaged" time="0.0" classname="com.distrimind.util.crypto.CryptoTests"/>
  <testcase name="testReadWriteDataPackaged" time="0.0" classname="com.distrimind.util.crypto.CryptoTests"/>
  <testcase name="testReadWriteDataPackaged" time="0.0" classname="com.distrimind.util.crypto.CryptoTests"/>
  <testcase name="testReadWriteDataPackaged" time="0.0" classname="com.distrimind.util.crypto.CryptoTests"/>
  <testcase name="testReadWriteDataPackaged" time="0.0" classname="com.distrimind.util.crypto.CryptoTests"/>
  <testcase name="testReadWriteDataPackaged" time="0.001" classname="com.distrimind.util.crypto.CryptoTests"/>
  <testcase name="testReadWriteDataPackaged" time="0.0" classname="com.distrimind.util.crypto.CryptoTests"/>
  <testcase name="testReadWriteDataPackaged" time="0.0" classname="com.distrimind.util.crypto.CryptoTests"/>
  <testcase name="testReadWriteDataPackaged" time="0.0" classname="com.distrimind.util.crypto.CryptoTests"/>
  <testcase name="testReadWriteDataPackaged" time="0.0" classname="com.distrimind.util.crypto.CryptoTests"/>
  <testcase name="testReadWriteDataPackaged" time="0.0" classname="com.distrimind.util.crypto.CryptoTests"/>
  <testcase name="testReadWriteDataPackaged" time="0.0" classname="com.distrimind.util.crypto.CryptoTests"/>
  <testcase name="testReadWriteDataPackaged" time="0.001" classname="com.distrimind.util.crypto.CryptoTests"/>
  <testcase name="testReadWriteDataPackaged" time="0.0" classname="com.distrimind.util.crypto.CryptoTests"/>
  <testcase name="testReadWriteDataPackaged" time="0.0" classname="com.distrimind.util.crypto.CryptoTests"/>
  <testcase name="testReadWriteDataPackaged" time="0.0" classname="com.distrimind.util.crypto.CryptoTests"/>
  <testcase name="testReadWriteDataPackaged" time="0.0" classname="com.distrimind.util.crypto.CryptoTests"/>
  <testcase name="testReadWriteDataPackaged" time="0.001" classname="com.distrimind.util.crypto.CryptoTests"/>
  <testcase name="testReadWriteDataPackaged" time="0.0" classname="com.distrimind.util.crypto.CryptoTests"/>
  <testcase name="testReadWriteDataPackaged" time="0.0" classname="com.distrimind.util.crypto.CryptoTests"/>
  <testcase name="testReadWriteDataPackaged" time="0.0" classname="com.distrimind.util.crypto.CryptoTests"/>
  <testcase name="testReadWriteDataPackaged" time="0.0" classname="com.distrimind.util.crypto.CryptoTests"/>
  <testcase name="testReadWriteDataPackaged" time="0.0" classname="com.distrimind.util.crypto.CryptoTests"/>
  <testcase name="testReadWriteDataPackaged" time="0.0" classname="com.distrimind.util.crypto.CryptoTests"/>
  <testcase name="testReadWriteDataPackaged" time="0.0" classname="com.distrimind.util.crypto.CryptoTests"/>
  <testcase name="testReadWriteDataPackaged" time="0.0" classname="com.distrimind.util.crypto.CryptoTests"/>
  <testcase name="testReadWriteDataPackaged" time="0.0" classname="com.distrimind.util.crypto.CryptoTests"/>
  <testcase name="testReadWriteDataPackaged" time="0.0" classname="com.distrimind.util.crypto.CryptoTests"/>
  <testcase name="testReadWriteDataPackaged" time="0.0" classname="com.distrimind.util.crypto.CryptoTests"/>
  <testcase name="testReadWriteDataPackaged" time="0.001" classname="com.distrimind.util.crypto.CryptoTests"/>
  <testcase name="testReadWriteDataPackaged" time="0.018" classname="com.distrimind.util.crypto.CryptoTests"/>
  <testcase name="testReadWriteDataPackaged" time="0.0" classname="com.distrimind.util.crypto.CryptoTests"/>
  <testcase name="testReadWriteDataPackaged" time="0.0" classname="com.distrimind.util.crypto.CryptoTests"/>
  <testcase name="testReadWriteDataPackaged" time="0.001" classname="com.distrimind.util.crypto.CryptoTests"/>
  <testcase name="testReadWriteDataPackaged" time="0.0" classname="com.distrimind.util.crypto.CryptoTests"/>
  <testcase name="testReadWriteDataPackaged" time="0.0" classname="com.distrimind.util.crypto.CryptoTests"/>
  <testcase name="testReadWriteDataPackaged" time="0.0" classname="com.distrimind.util.crypto.CryptoTests"/>
  <testcase name="testReadWriteDataPackaged" time="0.0" classname="com.distrimind.util.crypto.CryptoTests"/>
  <testcase name="testReadWriteDataPackaged" time="0.0" classname="com.distrimind.util.crypto.CryptoTests"/>
  <testcase name="testReadWriteDataPackaged" time="0.0" classname="com.distrimind.util.crypto.CryptoTests"/>
  <testcase name="testReadWriteDataPackaged" time="0.0" classname="com.distrimind.util.crypto.CryptoTests"/>
  <testcase name="testReadWriteDataPackaged" time="0.0" classname="com.distrimind.util.crypto.CryptoTests"/>
  <testcase name="testReadWriteDataPackaged" time="0.001" classname="com.distrimind.util.crypto.CryptoTests"/>
  <testcase name="testReadWriteDataPackaged" time="0.0" classname="com.distrimind.util.crypto.CryptoTests"/>
  <testcase name="testReadWriteDataPackaged" time="0.0" classname="com.distrimind.util.crypto.CryptoTests"/>
  <testcase name="testReadWriteDataPackaged" time="0.0" classname="com.distrimind.util.crypto.CryptoTests"/>
  <testcase name="testReadWriteDataPackaged" time="0.0" classname="com.distrimind.util.crypto.CryptoTests"/>
  <testcase name="testReadWriteDataPackaged" time="0.0" classname="com.distrimind.util.crypto.CryptoTests"/>
  <testcase name="testReadWriteDataPackaged" time="0.0" classname="com.distrimind.util.crypto.CryptoTests"/>
  <testcase name="testReadWriteDataPackaged" time="0.0" classname="com.distrimind.util.crypto.CryptoTests"/>
  <testcase name="testReadWriteDataPackaged" time="0.0" classname="com.distrimind.util.crypto.CryptoTests"/>
  <testcase name="testReadWriteDataPackaged" time="0.0" classname="com.distrimind.util.crypto.CryptoTests"/>
  <testcase name="testReadWriteDataPackaged" time="0.0" classname="com.distrimind.util.crypto.CryptoTests"/>
  <testcase name="testReadWriteDataPackaged" time="0.0" classname="com.distrimind.util.crypto.CryptoTests"/>
  <testcase name="testReadWriteDataPackaged" time="0.0" classname="com.distrimind.util.crypto.CryptoTests"/>
  <testcase name="testReadWriteDataPackaged" time="0.001" classname="com.distrimind.util.crypto.CryptoTests"/>
  <testcase name="testReadWriteDataPackaged" time="0.0" classname="com.distrimind.util.crypto.CryptoTests"/>
  <testcase name="testReadWriteDataPackaged" time="0.0" classname="com.distrimind.util.crypto.CryptoTests"/>
  <testcase name="testReadWriteDataPackaged" time="0.0" classname="com.distrimind.util.crypto.CryptoTests"/>
  <testcase name="testReadWriteDataPackaged" time="0.001" classname="com.distrimind.util.crypto.CryptoTests"/>
  <testcase name="testReadWriteDataPackaged" time="0.0" classname="com.distrimind.util.crypto.CryptoTests"/>
  <testcase name="testReadWriteDataPackaged" time="0.0" classname="com.distrimind.util.crypto.CryptoTests"/>
  <testcase name="testReadWriteDataPackaged" time="0.0" classname="com.distrimind.util.crypto.CryptoTests"/>
  <testcase name="testReadWriteDataPackaged" time="0.0" classname="com.distrimind.util.crypto.CryptoTests"/>
  <testcase name="testReadWriteDataPackaged" time="0.0" classname="com.distrimind.util.crypto.CryptoTests"/>
  <testcase name="testReadWriteDataPackaged" time="0.001" classname="com.distrimind.util.crypto.CryptoTests"/>
  <testcase name="testReadWriteDataPackaged" time="0.0" classname="com.distrimind.util.crypto.CryptoTests"/>
  <testcase name="testReadWriteDataPackaged" time="0.0" classname="com.distrimind.util.crypto.CryptoTests"/>
  <testcase name="testReadWriteDataPackaged" time="0.0" classname="com.distrimind.util.crypto.CryptoTests"/>
  <testcase name="testReadWriteDataPackaged" time="0.0" classname="com.distrimind.util.crypto.CryptoTests"/>
  <testcase name="testReadWriteDataPackaged" time="0.0" classname="com.distrimind.util.crypto.CryptoTests"/>
  <testcase name="testReadWriteDataPackaged" time="0.001" classname="com.distrimind.util.crypto.CryptoTests"/>
  <testcase name="testReadWriteDataPackaged" time="0.0" classname="com.distrimind.util.crypto.CryptoTests"/>
  <testcase name="testReadWriteDataPackaged" time="0.0" classname="com.distrimind.util.crypto.CryptoTests"/>
  <testcase name="testReadWriteDataPackaged" time="0.001" classname="com.distrimind.util.crypto.CryptoTests"/>
  <testcase name="testReadWriteDataPackaged" time="0.0" classname="com.distrimind.util.crypto.CryptoTests"/>
  <testcase name="testReadWriteDataPackaged" time="0.001" classname="com.distrimind.util.crypto.CryptoTests"/>
  <testcase name="testReadWriteDataPackaged" time="0.0" classname="com.distrimind.util.crypto.CryptoTests"/>
  <testcase name="testReadWriteDataPackaged" time="0.0" classname="com.distrimind.util.crypto.CryptoTests"/>
  <testcase name="testReadWriteDataPackaged" time="0.0" classname="com.distrimind.util.crypto.CryptoTests"/>
  <testcase name="testReadWriteDataPackaged" time="0.0" classname="com.distrimind.util.crypto.CryptoTests"/>
  <testcase name="testReadWriteDataPackaged" time="0.001" classname="com.distrimind.util.crypto.CryptoTests"/>
  <testcase name="testReadWriteDataPackaged" time="0.0" classname="com.distrimind.util.crypto.CryptoTests"/>
  <testcase name="testReadWriteDataPackaged" time="0.0" classname="com.distrimind.util.crypto.CryptoTests"/>
  <testcase name="testReadWriteDataPackaged" time="0.0" classname="com.distrimind.util.crypto.CryptoTests"/>
  <testcase name="testReadWriteDataPackaged" time="0.0" classname="com.distrimind.util.crypto.CryptoTests"/>
  <testcase name="testReadWriteDataPackaged" time="0.0" classname="com.distrimind.util.crypto.CryptoTests"/>
  <testcase name="testReadWriteDataPackaged" time="0.0" classname="com.distrimind.util.crypto.CryptoTests"/>
  <testcase name="testReadWriteDataPackaged" time="0.0" classname="com.distrimind.util.crypto.CryptoTests"/>
  <testcase name="testReadWriteDataPackaged" time="0.0" classname="com.distrimind.util.crypto.CryptoTests"/>
  <testcase name="testReadWriteDataPackaged" time="0.0" classname="com.distrimind.util.crypto.CryptoTests"/>
  <testcase name="testReadWriteDataPackaged" time="0.001" classname="com.distrimind.util.crypto.CryptoTests"/>
  <testcase name="testReadWriteDataPackaged" time="0.0" classname="com.distrimind.util.crypto.CryptoTests"/>
  <testcase name="testReadWriteDataPackaged" time="0.0" classname="com.distrimind.util.crypto.CryptoTests"/>
  <testcase name="testReadWriteDataPackaged" time="0.0" classname="com.distrimind.util.crypto.CryptoTests"/>
  <testcase name="testReadWriteDataPackaged" time="0.0" classname="com.distrimind.util.crypto.CryptoTests"/>
  <testcase name="testReadWriteDataPackaged" time="0.001" classname="com.distrimind.util.crypto.CryptoTests"/>
  <testcase name="testReadWriteDataPackaged" time="0.0" classname="com.distrimind.util.crypto.CryptoTests"/>
  <testcase name="testReadWriteDataPackaged" time="0.0" classname="com.distrimind.util.crypto.CryptoTests"/>
  <testcase name="testReadWriteDataPackaged" time="0.001" classname="com.distrimind.util.crypto.CryptoTests"/>
  <testcase name="testReadWriteDataPackaged" time="0.0" classname="com.distrimind.util.crypto.CryptoTests"/>
  <testcase name="testReadWriteDataPackaged" time="0.0" classname="com.distrimind.util.crypto.CryptoTests"/>
  <testcase name="testReadWriteDataPackaged" time="0.0" classname="com.distrimind.util.crypto.CryptoTests"/>
  <testcase name="testReadWriteDataPackaged" time="0.0" classname="com.distrimind.util.crypto.CryptoTests"/>
  <testcase name="testReadWriteDataPackaged" time="0.0" classname="com.distrimind.util.crypto.CryptoTests"/>
  <testcase name="testReadWriteDataPackaged" time="0.0" classname="com.distrimind.util.crypto.CryptoTests"/>
  <testcase name="testReadWriteDataPackaged" time="0.0" classname="com.distrimind.util.crypto.CryptoTests"/>
  <testcase name="testReadWriteDataPackaged" time="0.0" classname="com.distrimind.util.crypto.CryptoTests"/>
  <testcase name="testReadWriteDataPackaged" time="0.0" classname="com.distrimind.util.crypto.CryptoTests"/>
  <testcase name="testReadWriteDataPackaged" time="0.0" classname="com.distrimind.util.crypto.CryptoTests"/>
  <testcase name="testReadWriteDataPackaged" time="0.0" classname="com.distrimind.util.crypto.CryptoTests"/>
  <testcase name="testReadWriteDataPackaged" time="0.0" classname="com.distrimind.util.crypto.CryptoTests"/>
  <testcase name="testReadWriteDataPackaged" time="0.0" classname="com.distrimind.util.crypto.CryptoTests"/>
  <testcase name="testReadWriteDataPackaged" time="0.001" classname="com.distrimind.util.crypto.CryptoTests"/>
  <testcase name="testReadWriteDataPackaged" time="0.0" classname="com.distrimind.util.crypto.CryptoTests"/>
  <testcase name="testReadWriteDataPackaged" time="0.0" classname="com.distrimind.util.crypto.CryptoTests"/>
  <testcase name="testReadWriteDataPackaged" time="0.001" classname="com.distrimind.util.crypto.CryptoTests"/>
  <testcase name="testReadWriteDataPackaged" time="0.0" classname="com.distrimind.util.crypto.CryptoTests"/>
  <testcase name="testReadWriteDataPackaged" time="0.0" classname="com.distrimind.util.crypto.CryptoTests"/>
  <testcase name="testReadWriteDataPackaged" time="0.0" classname="com.distrimind.util.crypto.CryptoTests"/>
  <testcase name="testReadWriteDataPackaged" time="0.0" classname="com.distrimind.util.crypto.CryptoTests"/>
  <testcase name="testReadWriteDataPackaged" time="0.0" classname="com.distrimind.util.crypto.CryptoTests"/>
  <testcase name="testReadWriteDataPackaged" time="0.0" classname="com.distrimind.util.crypto.CryptoTests"/>
  <testcase name="testReadWriteDataPackaged" time="0.0" classname="com.distrimind.util.crypto.CryptoTests"/>
  <testcase name="testReadWriteDataPackaged" time="0.001" classname="com.distrimind.util.crypto.CryptoTests"/>
  <testcase name="testReadWriteDataPackaged" time="0.0" classname="com.distrimind.util.crypto.CryptoTests"/>
  <testcase name="testReadWriteDataPackaged" time="0.0" classname="com.distrimind.util.crypto.CryptoTests"/>
  <testcase name="testReadWriteDataPackaged" time="0.0" classname="com.distrimind.util.crypto.CryptoTests"/>
  <testcase name="testReadWriteDataPackaged" time="0.0" classname="com.distrimind.util.crypto.CryptoTests"/>
  <testcase name="testReadWriteDataPackaged" time="0.0" classname="com.distrimind.util.crypto.CryptoTests"/>
  <testcase name="testReadWriteDataPackaged" time="0.0" classname="com.distrimind.util.crypto.CryptoTests"/>
  <testcase name="testReadWriteDataPackaged" time="0.001" classname="com.distrimind.util.crypto.CryptoTests"/>
  <testcase name="testReadWriteDataPackaged" time="0.0" classname="com.distrimind.util.crypto.CryptoTests"/>
  <testcase name="testReadWriteDataPackaged" time="0.0" classname="com.distrimind.util.crypto.CryptoTests"/>
  <testcase name="testReadWriteDataPackaged" time="0.0" classname="com.distrimind.util.crypto.CryptoTests"/>
  <testcase name="testReadWriteDataPackaged" time="0.0" classname="com.distrimind.util.crypto.CryptoTests"/>
  <testcase name="testReadWriteDataPackaged" time="0.0" classname="com.distrimind.util.crypto.CryptoTests"/>
  <testcase name="testReadWriteDataPackaged" time="0.001" classname="com.distrimind.util.crypto.CryptoTests"/>
  <testcase name="testReadWriteDataPackaged" time="0.0" classname="com.distrimind.util.crypto.CryptoTests"/>
  <testcase name="testReadWriteDataPackaged" time="0.0" classname="com.distrimind.util.crypto.CryptoTests"/>
  <testcase name="testReadWriteDataPackaged" time="0.0" classname="com.distrimind.util.crypto.CryptoTests"/>
  <testcase name="testReadWriteDataPackaged" time="0.0" classname="com.distrimind.util.crypto.CryptoTests"/>
  <testcase name="testReadWriteDataPackaged" time="0.001" classname="com.distrimind.util.crypto.CryptoTests"/>
  <testcase name="testReadWriteDataPackaged" time="0.0" classname="com.distrimind.util.crypto.CryptoTests"/>
  <testcase name="testReadWriteDataPackaged" time="0.0" classname="com.distrimind.util.crypto.CryptoTests"/>
  <testcase name="testReadWriteDataPackaged" time="0.001" classname="com.distrimind.util.crypto.CryptoTests"/>
  <testcase name="testReadWriteDataPackaged" time="0.0" classname="com.distrimind.util.crypto.CryptoTests"/>
  <testcase name="testReadWriteDataPackaged" time="0.0" classname="com.distrimind.util.crypto.CryptoTests"/>
  <testcase name="testReadWriteDataPackaged" time="0.001" classname="com.distrimind.util.crypto.CryptoTests"/>
  <testcase name="testReadWriteDataPackaged" time="0.0" classname="com.distrimind.util.crypto.CryptoTests"/>
  <testcase name="testReadWriteDataPackaged" time="0.0" classname="com.distrimind.util.crypto.CryptoTests"/>
  <testcase name="testReadWriteDataPackaged" time="0.0" classname="com.distrimind.util.crypto.CryptoTests"/>
  <testcase name="testReadWriteDataPackaged" time="0.0" classname="com.distrimind.util.crypto.CryptoTests"/>
  <testcase name="testReadWriteDataPackaged" time="0.0" classname="com.distrimind.util.crypto.CryptoTests"/>
  <testcase name="testReadWriteDataPackaged" time="0.0" classname="com.distrimind.util.crypto.CryptoTests"/>
  <testcase name="testReadWriteDataPackaged" time="0.0" classname="com.distrimind.util.crypto.CryptoTests"/>
  <testcase name="testReadWriteDataPackaged" time="0.0" classname="com.distrimind.util.crypto.CryptoTests"/>
  <testcase name="testReadWriteDataPackaged" time="0.0" classname="com.distrimind.util.crypto.CryptoTests"/>
  <testcase name="testReadWriteDataPackaged" time="0.0" classname="com.distrimind.util.crypto.CryptoTests"/>
  <testcase name="testReadWriteDataPackaged" time="0.0" classname="com.distrimind.util.crypto.CryptoTests"/>
  <testcase name="testReadWriteDataPackaged" time="0.001" classname="com.distrimind.util.crypto.CryptoTests"/>
  <testcase name="testReadWriteDataPackaged" time="0.0" classname="com.distrimind.util.crypto.CryptoTests"/>
  <testcase name="testReadWriteDataPackaged" time="0.0" classname="com.distrimind.util.crypto.CryptoTests"/>
  <testcase name="testReadWriteDataPackaged" time="0.0" classname="com.distrimind.util.crypto.CryptoTests"/>
  <testcase name="testReadWriteDataPackaged" time="0.0" classname="com.distrimind.util.crypto.CryptoTests"/>
  <testcase name="testReadWriteDataPackaged" time="0.0" classname="com.distrimind.util.crypto.CryptoTests"/>
  <testcase name="testReadWriteDataPackaged" time="0.0" classname="com.distrimind.util.crypto.CryptoTests"/>
  <testcase name="testReadWriteDataPackaged" time="0.0" classname="com.distrimind.util.crypto.CryptoTests"/>
  <testcase name="testReadWriteDataPackaged" time="0.0" classname="com.distrimind.util.crypto.CryptoTests"/>
  <testcase name="testReadWriteDataPackaged" time="0.0" classname="com.distrimind.util.crypto.CryptoTests"/>
  <testcase name="testReadWriteDataPackaged" time="0.001" classname="com.distrimind.util.crypto.CryptoTests"/>
  <testcase name="testReadWriteDataPackaged" time="0.0" classname="com.distrimind.util.crypto.CryptoTests"/>
  <testcase name="testReadWriteDataPackaged" time="0.001" classname="com.distrimind.util.crypto.CryptoTests"/>
  <testcase name="testReadWriteDataPackaged" time="0.0" classname="com.distrimind.util.crypto.CryptoTests"/>
  <testcase name="testReadWriteDataPackaged" time="0.0" classname="com.distrimind.util.crypto.CryptoTests"/>
  <testcase name="testReadWriteDataPackaged" time="0.001" classname="com.distrimind.util.crypto.CryptoTests"/>
  <testcase name="testReadWriteDataPackaged" time="0.0" classname="com.distrimind.util.crypto.CryptoTests"/>
  <testcase name="testReadWriteDataPackaged" time="0.0" classname="com.distrimind.util.crypto.CryptoTests"/>
  <testcase name="testReadWriteDataPackaged" time="0.0" classname="com.distrimind.util.crypto.CryptoTests"/>
  <testcase name="testReadWriteDataPackaged" time="0.001" classname="com.distrimind.util.crypto.CryptoTests"/>
  <testcase name="testReadWriteDataPackaged" time="0.0" classname="com.distrimind.util.crypto.CryptoTests"/>
  <testcase name="testReadWriteDataPackaged" time="0.0" classname="com.distrimind.util.crypto.CryptoTests"/>
  <testcase name="testReadWriteDataPackaged" time="0.0" classname="com.distrimind.util.crypto.CryptoTests"/>
  <testcase name="testReadWriteDataPackaged" time="0.0" classname="com.distrimind.util.crypto.CryptoTests"/>
  <testcase name="testReadWriteDataPackaged" time="0.0" classname="com.distrimind.util.crypto.CryptoTests"/>
  <testcase name="testReadWriteDataPackaged" time="0.0" classname="com.distrimind.util.crypto.CryptoTests"/>
  <testcase name="testReadWriteDataPackaged" time="0.0" classname="com.distrimind.util.crypto.CryptoTests"/>
  <testcase name="testReadWriteDataPackaged" time="0.0" classname="com.distrimind.util.crypto.CryptoTests"/>
  <testcase name="testReadWriteDataPackaged" time="0.0" classname="com.distrimind.util.crypto.CryptoTests"/>
  <testcase name="testReadWriteDataPackaged" time="0.0" classname="com.distrimind.util.crypto.CryptoTests"/>
  <testcase name="testReadWriteDataPackaged" time="0.0" classname="com.distrimind.util.crypto.CryptoTests"/>
  <testcase name="testReadWriteDataPackaged" time="0.0" classname="com.distrimind.util.crypto.CryptoTests"/>
  <testcase name="testReadWriteDataPackaged" time="0.0" classname="com.distrimind.util.crypto.CryptoTests"/>
  <testcase name="testReadWriteDataPackaged" time="0.0" classname="com.distrimind.util.crypto.CryptoTests"/>
  <testcase name="testReadWriteDataPackaged" time="0.001" classname="com.distrimind.util.crypto.CryptoTests"/>
  <testcase name="testReadWriteDataPackaged" time="0.0" classname="com.distrimind.util.crypto.CryptoTests"/>
  <testcase name="testReadWriteDataPackaged" time="0.0" classname="com.distrimind.util.crypto.CryptoTests"/>
  <testcase name="testReadWriteDataPackaged" time="0.001" classname="com.distrimind.util.crypto.CryptoTests"/>
  <testcase name="testReadWriteDataPackaged" time="0.0" classname="com.distrimind.util.crypto.CryptoTests"/>
  <testcase name="testReadWriteDataPackaged" time="0.0" classname="com.distrimind.util.crypto.CryptoTests"/>
  <testcase name="testReadWriteDataPackaged" time="0.001" classname="com.distrimind.util.crypto.CryptoTests"/>
  <testcase name="testReadWriteDataPackaged" time="0.0" classname="com.distrimind.util.crypto.CryptoTests"/>
  <testcase name="testReadWriteDataPackaged" time="0.0" classname="com.distrimind.util.crypto.CryptoTests"/>
  <testcase name="testReadWriteDataPackaged" time="0.0" classname="com.distrimind.util.crypto.CryptoTests"/>
  <testcase name="testReadWriteDataPackaged" time="0.001" classname="com.distrimind.util.crypto.CryptoTests"/>
  <testcase name="testReadWriteDataPackaged" time="0.0" classname="com.distrimind.util.crypto.CryptoTests"/>
  <testcase name="testReadWriteDataPackaged" time="0.0" classname="com.distrimind.util.crypto.CryptoTests"/>
  <testcase name="testReadWriteDataPackaged" time="0.0" classname="com.distrimind.util.crypto.CryptoTests"/>
  <testcase name="testReadWriteDataPackaged" time="0.0" classname="com.distrimind.util.crypto.CryptoTests"/>
  <testcase name="testReadWriteDataPackaged" time="0.001" classname="com.distrimind.util.crypto.CryptoTests"/>
  <testcase name="testReadWriteDataPackaged" time="0.0" classname="com.distrimind.util.crypto.CryptoTests"/>
  <testcase name="testReadWriteDataPackaged" time="0.0" classname="com.distrimind.util.crypto.CryptoTests"/>
  <testcase name="testReadWriteDataPackaged" time="0.0" classname="com.distrimind.util.crypto.CryptoTests"/>
  <testcase name="testReadWriteDataPackaged" time="0.0" classname="com.distrimind.util.crypto.CryptoTests"/>
  <testcase name="testReadWriteDataPackaged" time="0.0" classname="com.distrimind.util.crypto.CryptoTests"/>
  <testcase name="testReadWriteDataPackaged" time="0.0" classname="com.distrimind.util.crypto.CryptoTests"/>
  <testcase name="testReadWriteDataPackaged" time="0.0" classname="com.distrimind.util.crypto.CryptoTests"/>
  <testcase name="testReadWriteDataPackaged" time="0.0" classname="com.distrimind.util.crypto.CryptoTests"/>
  <testcase name="testReadWriteDataPackaged" time="0.0" classname="com.distrimind.util.crypto.CryptoTests"/>
  <testcase name="testReadWriteDataPackaged" time="0.0" classname="com.distrimind.util.crypto.CryptoTests"/>
  <testcase name="testReadWriteDataPackaged" time="0.0" classname="com.distrimind.util.crypto.CryptoTests"/>
  <testcase name="testReadWriteDataPackaged" time="0.0" classname="com.distrimind.util.crypto.CryptoTests"/>
  <testcase name="testReadWriteDataPackaged" time="0.0" classname="com.distrimind.util.crypto.CryptoTests"/>
  <testcase name="testReadWriteDataPackaged" time="0.0" classname="com.distrimind.util.crypto.CryptoTests"/>
  <testcase name="testReadWriteDataPackaged" time="0.001" classname="com.distrimind.util.crypto.CryptoTests"/>
  <testcase name="testReadWriteDataPackaged" time="0.0" classname="com.distrimind.util.crypto.CryptoTests"/>
  <testcase name="testReadWriteDataPackaged" time="0.0" classname="com.distrimind.util.crypto.CryptoTests"/>
  <testcase name="testReadWriteDataPackaged" time="0.0" classname="com.distrimind.util.crypto.CryptoTests"/>
  <testcase name="testReadWriteDataPackaged" time="0.001" classname="com.distrimind.util.crypto.CryptoTests"/>
  <testcase name="testReadWriteDataPackaged" time="0.0" classname="com.distrimind.util.crypto.CryptoTests"/>
  <testcase name="testReadWriteDataPackaged" time="0.0" classname="com.distrimind.util.crypto.CryptoTests"/>
  <testcase name="testReadWriteDataPackaged" time="0.0" classname="com.distrimind.util.crypto.CryptoTests"/>
  <testcase name="testReadWriteDataPackaged" time="0.0" classname="com.distrimind.util.crypto.CryptoTests"/>
  <testcase name="testReadWriteDataPackaged" time="0.0" classname="com.distrimind.util.crypto.CryptoTests"/>
  <testcase name="testReadWriteDataPackaged" time="0.001" classname="com.distrimind.util.crypto.CryptoTests"/>
  <testcase name="testReadWriteDataPackaged" time="0.0" classname="com.distrimind.util.crypto.CryptoTests"/>
  <testcase name="testReadWriteDataPackaged" time="0.0" classname="com.distrimind.util.crypto.CryptoTests"/>
  <testcase name="testReadWriteDataPackaged" time="0.0" classname="com.distrimind.util.crypto.CryptoTests"/>
  <testcase name="testReadWriteDataPackaged" time="0.0" classname="com.distrimind.util.crypto.CryptoTests"/>
  <testcase name="testReadWriteDataPackaged" time="0.001" classname="com.distrimind.util.crypto.CryptoTests"/>
  <testcase name="testReadWriteDataPackaged" time="0.0" classname="com.distrimind.util.crypto.CryptoTests"/>
  <testcase name="testReadWriteDataPackaged" time="0.0" classname="com.distrimind.util.crypto.CryptoTests"/>
  <testcase name="testReadWriteDataPackaged" time="0.0" classname="com.distrimind.util.crypto.CryptoTests"/>
  <testcase name="testReadWriteDataPackaged" time="0.001" classname="com.distrimind.util.crypto.CryptoTests"/>
  <testcase name="testReadWriteDataPackaged" time="0.0" classname="com.distrimind.util.crypto.CryptoTests"/>
  <testcase name="testReadWriteDataPackaged" time="0.0" classname="com.distrimind.util.crypto.CryptoTests"/>
  <testcase name="testReadWriteDataPackaged" time="0.0" classname="com.distrimind.util.crypto.CryptoTests"/>
  <testcase name="testReadWriteDataPackaged" time="0.0" classname="com.distrimind.util.crypto.CryptoTests"/>
  <testcase name="testReadWriteDataPackaged" time="0.001" classname="com.distrimind.util.crypto.CryptoTests"/>
  <testcase name="testReadWriteDataPackaged" time="0.0" classname="com.distrimind.util.crypto.CryptoTests"/>
  <testcase name="testReadWriteDataPackaged" time="0.0" classname="com.distrimind.util.crypto.CryptoTests"/>
  <testcase name="testReadWriteDataPackaged" time="0.0" classname="com.distrimind.util.crypto.CryptoTests"/>
  <testcase name="testReadWriteDataPackaged" time="0.0" classname="com.distrimind.util.crypto.CryptoTests"/>
  <testcase name="testReadWriteDataPackaged" time="0.001" classname="com.distrimind.util.crypto.CryptoTests"/>
  <testcase name="testReadWriteDataPackaged" time="0.0" classname="com.distrimind.util.crypto.CryptoTests"/>
  <testcase name="testReadWriteDataPackaged" time="0.0" classname="com.distrimind.util.crypto.CryptoTests"/>
  <testcase name="testReadWriteDataPackaged" time="0.0" classname="com.distrimind.util.crypto.CryptoTests"/>
  <testcase name="testReadWriteDataPackaged" time="0.0" classname="com.distrimind.util.crypto.CryptoTests"/>
  <testcase name="testReadWriteDataPackaged" time="0.001" classname="com.distrimind.util.crypto.CryptoTests"/>
  <testcase name="testReadWriteDataPackaged" time="0.0" classname="com.distrimind.util.crypto.CryptoTests"/>
  <testcase name="testReadWriteDataPackaged" time="0.0" classname="com.distrimind.util.crypto.CryptoTests"/>
  <testcase name="testReadWriteDataPackaged" time="0.0" classname="com.distrimind.util.crypto.CryptoTests"/>
  <testcase name="testReadWriteDataPackaged" time="0.0" classname="com.distrimind.util.crypto.CryptoTests"/>
  <testcase name="testReadWriteDataPackaged" time="0.0" classname="com.distrimind.util.crypto.CryptoTests"/>
  <testcase name="testReadWriteDataPackaged" time="0.0" classname="com.distrimind.util.crypto.CryptoTests"/>
  <testcase name="testReadWriteDataPackaged" time="0.0" classname="com.distrimind.util.crypto.CryptoTests"/>
  <testcase name="testReadWriteDataPackaged" time="0.0" classname="com.distrimind.util.crypto.CryptoTests"/>
  <testcase name="testReadWriteDataPackaged" time="0.0" classname="com.distrimind.util.crypto.CryptoTests"/>
  <testcase name="testReadWriteDataPackaged" time="0.0" classname="com.distrimind.util.crypto.CryptoTests"/>
  <testcase name="testReadWriteDataPackaged" time="0.0" classname="com.distrimind.util.crypto.CryptoTests"/>
  <testcase name="testReadWriteDataPackaged" time="0.0" classname="com.distrimind.util.crypto.CryptoTests"/>
  <testcase name="testReadWriteDataPackaged" time="0.0" classname="com.distrimind.util.crypto.CryptoTests"/>
  <testcase name="testReadWriteDataPackaged" time="0.0" classname="com.distrimind.util.crypto.CryptoTests"/>
  <testcase name="testReadWriteDataPackaged" time="0.0" classname="com.distrimind.util.crypto.CryptoTests"/>
  <testcase name="testReadWriteDataPackaged" time="0.0" classname="com.distrimind.util.crypto.CryptoTests"/>
  <testcase name="testReadWriteDataPackaged" time="0.0" classname="com.distrimind.util.crypto.CryptoTests"/>
  <testcase name="testReadWriteDataPackaged" time="0.001" classname="com.distrimind.util.crypto.CryptoTests"/>
  <testcase name="testReadWriteDataPackaged" time="0.0" classname="com.distrimind.util.crypto.CryptoTests"/>
  <testcase name="testReadWriteDataPackaged" time="0.0" classname="com.distrimind.util.crypto.CryptoTests"/>
  <testcase name="testReadWriteDataPackaged" time="0.0" classname="com.distrimind.util.crypto.CryptoTests"/>
  <testcase name="testReadWriteDataPackaged" time="0.001" classname="com.distrimind.util.crypto.CryptoTests"/>
  <testcase name="testReadWriteDataPackaged" time="0.0" classname="com.distrimind.util.crypto.CryptoTests"/>
  <testcase name="testReadWriteDataPackaged" time="0.0" classname="com.distrimind.util.crypto.CryptoTests"/>
  <testcase name="testReadWriteDataPackaged" time="0.001" classname="com.distrimind.util.crypto.CryptoTests"/>
  <testcase name="testReadWriteDataPackaged" time="0.0" classname="com.distrimind.util.crypto.CryptoTests"/>
  <testcase name="testReadWriteDataPackaged" time="0.0" classname="com.distrimind.util.crypto.CryptoTests"/>
  <testcase name="testReadWriteDataPackaged" time="0.0" classname="com.distrimind.util.crypto.CryptoTests"/>
  <testcase name="testReadWriteDataPackaged" time="0.0" classname="com.distrimind.util.crypto.CryptoTests"/>
  <testcase name="testReadWriteDataPackaged" time="0.0" classname="com.distrimind.util.crypto.CryptoTests"/>
  <testcase name="testReadWriteDataPackaged" time="0.0" classname="com.distrimind.util.crypto.CryptoTests"/>
  <testcase name="testReadWriteDataPackaged" time="0.001" classname="com.distrimind.util.crypto.CryptoTests"/>
  <testcase name="testReadWriteDataPackaged" time="0.0" classname="com.distrimind.util.crypto.CryptoTests"/>
  <testcase name="testReadWriteDataPackaged" time="0.0" classname="com.distrimind.util.crypto.CryptoTests"/>
  <testcase name="testReadWriteDataPackaged" time="0.0" classname="com.distrimind.util.crypto.CryptoTests"/>
  <testcase name="testReadWriteDataPackaged" time="0.001" classname="com.distrimind.util.crypto.CryptoTests"/>
  <testcase name="testReadWriteDataPackaged" time="0.0" classname="com.distrimind.util.crypto.CryptoTests"/>
  <testcase name="testReadWriteDataPackaged" time="0.0" classname="com.distrimind.util.crypto.CryptoTests"/>
  <testcase name="testReadWriteDataPackaged" time="0.0" classname="com.distrimind.util.crypto.CryptoTests"/>
  <testcase name="testReadWriteDataPackaged" time="0.001" classname="com.distrimind.util.crypto.CryptoTests"/>
  <testcase name="testReadWriteDataPackaged" time="0.0" classname="com.distrimind.util.crypto.CryptoTests"/>
  <testcase name="testReadWriteDataPackaged" time="0.0" classname="com.distrimind.util.crypto.CryptoTests"/>
  <testcase name="testReadWriteDataPackaged" time="0.001" classname="com.distrimind.util.crypto.CryptoTests"/>
  <testcase name="testReadWriteDataPackaged" time="0.0" classname="com.distrimind.util.crypto.CryptoTests"/>
  <testcase name="testReadWriteDataPackaged" time="0.0" classname="com.distrimind.util.crypto.CryptoTests"/>
  <testcase name="testReadWriteDataPackaged" time="0.0" classname="com.distrimind.util.crypto.CryptoTests"/>
  <testcase name="testReadWriteDataPackaged" time="0.0" classname="com.distrimind.util.crypto.CryptoTests"/>
  <testcase name="testReadWriteDataPackaged" time="0.0" classname="com.distrimind.util.crypto.CryptoTests"/>
  <testcase name="testReadWriteDataPackaged" time="0.0" classname="com.distrimind.util.crypto.CryptoTests"/>
  <testcase name="testReadWriteDataPackaged" time="0.0" classname="com.distrimind.util.crypto.CryptoTests"/>
  <testcase name="testReadWriteDataPackaged" time="0.001" classname="com.distrimind.util.crypto.CryptoTests"/>
  <testcase name="testReadWriteDataPackaged" time="0.0" classname="com.distrimind.util.crypto.CryptoTests"/>
  <testcase name="testReadWriteDataPackaged" time="0.0" classname="com.distrimind.util.crypto.CryptoTests"/>
  <testcase name="testReadWriteDataPackaged" time="0.0" classname="com.distrimind.util.crypto.CryptoTests"/>
  <testcase name="testReadWriteDataPackaged" time="0.001" classname="com.distrimind.util.crypto.CryptoTests"/>
  <testcase name="testReadWriteDataPackaged" time="0.0" classname="com.distrimind.util.crypto.CryptoTests"/>
  <testcase name="testReadWriteDataPackaged" time="0.0" classname="com.distrimind.util.crypto.CryptoTests"/>
  <testcase name="testReadWriteDataPackaged" time="0.0" classname="com.distrimind.util.crypto.CryptoTests"/>
  <testcase name="testReadWriteDataPackaged" time="0.0" classname="com.distrimind.util.crypto.CryptoTests"/>
  <testcase name="testReadWriteDataPackaged" time="0.0" classname="com.distrimind.util.crypto.CryptoTests"/>
  <testcase name="testReadWriteDataPackaged" time="0.0" classname="com.distrimind.util.crypto.CryptoTests"/>
  <testcase name="testReadWriteDataPackaged" time="0.0" classname="com.distrimind.util.crypto.CryptoTests"/>
  <testcase name="testReadWriteDataPackaged" time="0.001" classname="com.distrimind.util.crypto.CryptoTests"/>
  <testcase name="testReadWriteDataPackaged" time="0.0" classname="com.distrimind.util.crypto.CryptoTests"/>
  <testcase name="testReadWriteDataPackaged" time="0.0" classname="com.distrimind.util.crypto.CryptoTests"/>
  <testcase name="testReadWriteDataPackaged" time="0.0" classname="com.distrimind.util.crypto.CryptoTests"/>
  <testcase name="testReadWriteDataPackaged" time="0.0" classname="com.distrimind.util.crypto.CryptoTests"/>
  <testcase name="testReadWriteDataPackaged" time="0.0" classname="com.distrimind.util.crypto.CryptoTests"/>
  <testcase name="testReadWriteDataPackaged" time="0.001" classname="com.distrimind.util.crypto.CryptoTests"/>
  <testcase name="testReadWriteDataPackaged" time="0.0" classname="com.distrimind.util.crypto.CryptoTests"/>
  <testcase name="testReadWriteDataPackaged" time="0.0" classname="com.distrimind.util.crypto.CryptoTests"/>
  <testcase name="testReadWriteDataPackaged" time="0.0" classname="com.distrimind.util.crypto.CryptoTests"/>
  <testcase name="testReadWriteDataPackaged" time="0.0" classname="com.distrimind.util.crypto.CryptoTests"/>
  <testcase name="testReadWriteDataPackaged" time="0.0" classname="com.distrimind.util.crypto.CryptoTests"/>
  <testcase name="testReadWriteDataPackaged" time="0.001" classname="com.distrimind.util.crypto.CryptoTests"/>
  <testcase name="testReadWriteDataPackaged" time="0.0" classname="com.distrimind.util.crypto.CryptoTests"/>
  <testcase name="testReadWriteDataPackaged" time="0.0" classname="com.distrimind.util.crypto.CryptoTests"/>
  <testcase name="testReadWriteDataPackaged" time="0.001" classname="com.distrimind.util.crypto.CryptoTests"/>
  <testcase name="testReadWriteDataPackaged" time="0.0" classname="com.distrimind.util.crypto.CryptoTests"/>
  <testcase name="testReadWriteDataPackaged" time="0.0" classname="com.distrimind.util.crypto.CryptoTests"/>
  <testcase name="testReadWriteDataPackaged" time="0.0" classname="com.distrimind.util.crypto.CryptoTests"/>
  <testcase name="testReadWriteDataPackaged" time="0.0" classname="com.distrimind.util.crypto.CryptoTests"/>
  <testcase name="testReadWriteDataPackaged" time="0.0" classname="com.distrimind.util.crypto.CryptoTests"/>
  <testcase name="testReadWriteDataPackaged" time="0.001" classname="com.distrimind.util.crypto.CryptoTests"/>
  <testcase name="testReadWriteDataPackaged" time="0.0" classname="com.distrimind.util.crypto.CryptoTests"/>
  <testcase name="testReadWriteDataPackaged" time="0.0" classname="com.distrimind.util.crypto.CryptoTests"/>
  <testcase name="testReadWriteDataPackaged" time="0.0" classname="com.distrimind.util.crypto.CryptoTests"/>
  <testcase name="testReadWriteDataPackaged" time="0.001" classname="com.distrimind.util.crypto.CryptoTests"/>
  <testcase name="testReadWriteDataPackaged" time="0.0" classname="com.distrimind.util.crypto.CryptoTests"/>
  <testcase name="testReadWriteDataPackaged" time="0.0" classname="com.distrimind.util.crypto.CryptoTests"/>
  <testcase name="testReadWriteDataPackaged" time="0.0" classname="com.distrimind.util.crypto.CryptoTests"/>
  <testcase name="testReadWriteDataPackaged" time="0.0" classname="com.distrimind.util.crypto.CryptoTests"/>
  <testcase name="testReadWriteDataPackaged" time="0.0" classname="com.distrimind.util.crypto.CryptoTests"/>
  <testcase name="testReadWriteDataPackaged" time="0.0" classname="com.distrimind.util.crypto.CryptoTests"/>
  <testcase name="testReadWriteDataPackaged" time="0.0" classname="com.distrimind.util.crypto.CryptoTests"/>
  <testcase name="testReadWriteDataPackaged" time="0.0" classname="com.distrimind.util.crypto.CryptoTests"/>
  <testcase name="testReadWriteDataPackaged" time="0.0" classname="com.distrimind.util.crypto.CryptoTests"/>
  <testcase name="testReadWriteDataPackaged" time="0.0" classname="com.distrimind.util.crypto.CryptoTests"/>
  <testcase name="testReadWriteDataPackaged" time="0.0" classname="com.distrimind.util.crypto.CryptoTests"/>
  <testcase name="testReadWriteDataPackaged" time="0.0" classname="com.distrimind.util.crypto.CryptoTests"/>
  <testcase name="testReadWriteDataPackaged" time="0.0" classname="com.distrimind.util.crypto.CryptoTests"/>
  <testcase name="testReadWriteDataPackaged" time="0.0" classname="com.distrimind.util.crypto.CryptoTests"/>
  <testcase name="testReadWriteDataPackaged" time="0.0" classname="com.distrimind.util.crypto.CryptoTests"/>
  <testcase name="testReadWriteDataPackaged" time="0.0" classname="com.distrimind.util.crypto.CryptoTests"/>
  <testcase name="testReadWriteDataPackaged" time="0.0" classname="com.distrimind.util.crypto.CryptoTests"/>
  <testcase name="testReadWriteDataPackaged" time="0.0" classname="com.distrimind.util.crypto.CryptoTests"/>
  <testcase name="testReadWriteDataPackaged" time="0.0" classname="com.distrimind.util.crypto.CryptoTests"/>
  <testcase name="testReadWriteDataPackaged" time="0.001" classname="com.distrimind.util.crypto.CryptoTests"/>
  <testcase name="testReadWriteDataPackaged" time="0.0" classname="com.distrimind.util.crypto.CryptoTests"/>
  <testcase name="testReadWriteDataPackaged" time="0.0" classname="com.distrimind.util.crypto.CryptoTests"/>
  <testcase name="testReadWriteDataPackaged" time="0.001" classname="com.distrimind.util.crypto.CryptoTests"/>
  <testcase name="testReadWriteDataPackaged" time="0.0" classname="com.distrimind.util.crypto.CryptoTests"/>
  <testcase name="testReadWriteDataPackaged" time="0.0" classname="com.distrimind.util.crypto.CryptoTests"/>
  <testcase name="testReadWriteDataPackaged" time="0.0" classname="com.distrimind.util.crypto.CryptoTests"/>
  <testcase name="testReadWriteDataPackaged" time="0.0" classname="com.distrimind.util.crypto.CryptoTests"/>
  <testcase name="testReadWriteDataPackaged" time="0.0" classname="com.distrimind.util.crypto.CryptoTests"/>
  <testcase name="testReadWriteDataPackaged" time="0.0" classname="com.distrimind.util.crypto.CryptoTests"/>
  <testcase name="testReadWriteDataPackaged" time="0.001" classname="com.distrimind.util.crypto.CryptoTests"/>
  <testcase name="testReadWriteDataPackaged" time="0.0" classname="com.distrimind.util.crypto.CryptoTests"/>
  <testcase name="testReadWriteDataPackaged" time="0.0" classname="com.distrimind.util.crypto.CryptoTests"/>
  <testcase name="testReadWriteDataPackaged" time="0.0" classname="com.distrimind.util.crypto.CryptoTests"/>
  <testcase name="testReadWriteDataPackaged" time="0.0" classname="com.distrimind.util.crypto.CryptoTests"/>
  <testcase name="testReadWriteDataPackaged" time="0.0" classname="com.distrimind.util.crypto.CryptoTests"/>
  <testcase name="testReadWriteDataPackaged" time="0.0" classname="com.distrimind.util.crypto.CryptoTests"/>
  <testcase name="testReadWriteDataPackaged" time="0.0" classname="com.distrimind.util.crypto.CryptoTests"/>
  <testcase name="testReadWriteDataPackaged" time="0.0" classname="com.distrimind.util.crypto.CryptoTests"/>
  <testcase name="testReadWriteDataPackaged" time="0.0" classname="com.distrimind.util.crypto.CryptoTests"/>
  <testcase name="testReadWriteDataPackaged" time="0.001" classname="com.distrimind.util.crypto.CryptoTests"/>
  <testcase name="testReadWriteDataPackaged" time="0.0" classname="com.distrimind.util.crypto.CryptoTests"/>
  <testcase name="testReadWriteDataPackaged" time="0.0" classname="com.distrimind.util.crypto.CryptoTests"/>
  <testcase name="testReadWriteDataPackaged" time="0.0" classname="com.distrimind.util.crypto.CryptoTests"/>
  <testcase name="testReadWriteDataPackaged" time="0.0" classname="com.distrimind.util.crypto.CryptoTests"/>
  <testcase name="testReadWriteDataPackaged" time="0.001" classname="com.distrimind.util.crypto.CryptoTests"/>
  <testcase name="testReadWriteDataPackaged" time="0.0" classname="com.distrimind.util.crypto.CryptoTests"/>
  <testcase name="testReadWriteDataPackaged" time="0.0" classname="com.distrimind.util.crypto.CryptoTests"/>
  <testcase name="testReadWriteDataPackaged" time="0.0" classname="com.distrimind.util.crypto.CryptoTests"/>
  <testcase name="testReadWriteDataPackaged" time="0.0" classname="com.distrimind.util.crypto.CryptoTests"/>
  <testcase name="testReadWriteDataPackaged" time="0.0" classname="com.distrimind.util.crypto.CryptoTests"/>
  <testcase name="testReadWriteDataPackaged" time="0.001" classname="com.distrimind.util.crypto.CryptoTests"/>
  <testcase name="testReadWriteDataPackaged" time="0.0" classname="com.distrimind.util.crypto.CryptoTests"/>
  <testcase name="testReadWriteDataPackaged" time="0.0" classname="com.distrimind.util.crypto.CryptoTests"/>
  <testcase name="testReadWriteDataPackaged" time="0.0" classname="com.distrimind.util.crypto.CryptoTests"/>
  <testcase name="testReadWriteDataPackaged" time="0.0" classname="com.distrimind.util.crypto.CryptoTests"/>
  <testcase name="testReadWriteDataPackaged" time="0.0" classname="com.distrimind.util.crypto.CryptoTests"/>
  <testcase name="testReadWriteDataPackaged" time="0.001" classname="com.distrimind.util.crypto.CryptoTests"/>
  <testcase name="testReadWriteDataPackaged" time="0.0" classname="com.distrimind.util.crypto.CryptoTests"/>
  <testcase name="testReadWriteDataPackaged" time="0.0" classname="com.distrimind.util.crypto.CryptoTests"/>
  <testcase name="testReadWriteDataPackaged" time="0.001" classname="com.distrimind.util.crypto.CryptoTests"/>
  <testcase name="testReadWriteDataPackaged" time="0.0" classname="com.distrimind.util.crypto.CryptoTests"/>
  <testcase name="testReadWriteDataPackaged" time="0.0" classname="com.distrimind.util.crypto.CryptoTests"/>
  <testcase name="testReadWriteDataPackaged" time="0.0" classname="com.distrimind.util.crypto.CryptoTests"/>
  <testcase name="testReadWriteDataPackaged" time="0.0" classname="com.distrimind.util.crypto.CryptoTests"/>
  <testcase name="testReadWriteDataPackaged" time="0.0" classname="com.distrimind.util.crypto.CryptoTests"/>
  <testcase name="testReadWriteDataPackaged" time="0.0" classname="com.distrimind.util.crypto.CryptoTests"/>
  <testcase name="testReadWriteDataPackaged" time="0.0" classname="com.distrimind.util.crypto.CryptoTests"/>
  <testcase name="testReadWriteDataPackaged" time="0.0" classname="com.distrimind.util.crypto.CryptoTests"/>
  <testcase name="testReadWriteDataPackaged" time="0.001" classname="com.distrimind.util.crypto.CryptoTests"/>
  <testcase name="testReadWriteDataPackaged" time="0.0" classname="com.distrimind.util.crypto.CryptoTests"/>
  <testcase name="testReadWriteDataPackaged" time="0.0" classname="com.distrimind.util.crypto.CryptoTests"/>
  <testcase name="testReadWriteDataPackaged" time="0.0" classname="com.distrimind.util.crypto.CryptoTests"/>
  <testcase name="testReadWriteDataPackaged" time="0.0" classname="com.distrimind.util.crypto.CryptoTests"/>
  <testcase name="testReadWriteDataPackaged" time="0.0" classname="com.distrimind.util.crypto.CryptoTests"/>
  <testcase name="testReadWriteDataPackaged" time="0.001" classname="com.distrimind.util.crypto.CryptoTests"/>
  <testcase name="testReadWriteDataPackaged" time="0.0" classname="com.distrimind.util.crypto.CryptoTests"/>
  <testcase name="testReadWriteDataPackaged" time="0.0" classname="com.distrimind.util.crypto.CryptoTests"/>
  <testcase name="testReadWriteDataPackaged" time="0.0" classname="com.distrimind.util.crypto.CryptoTests"/>
  <testcase name="testReadWriteDataPackaged" time="0.0" classname="com.distrimind.util.crypto.CryptoTests"/>
  <testcase name="testReadWriteDataPackaged" time="0.0" classname="com.distrimind.util.crypto.CryptoTests"/>
  <testcase name="testReadWriteDataPackaged" time="0.0" classname="com.distrimind.util.crypto.CryptoTests"/>
  <testcase name="testReadWriteDataPackaged" time="0.0" classname="com.distrimind.util.crypto.CryptoTests"/>
  <testcase name="testReadWriteDataPackaged" time="0.001" classname="com.distrimind.util.crypto.CryptoTests"/>
  <testcase name="testReadWriteDataPackaged" time="0.0" classname="com.distrimind.util.crypto.CryptoTests"/>
  <testcase name="testReadWriteDataPackaged" time="0.0" classname="com.distrimind.util.crypto.CryptoTests"/>
  <testcase name="testReadWriteDataPackaged" time="0.001" classname="com.distrimind.util.crypto.CryptoTests"/>
  <testcase name="testReadWriteDataPackaged" time="0.0" classname="com.distrimind.util.crypto.CryptoTests"/>
  <testcase name="testReadWriteDataPackaged" time="0.0" classname="com.distrimind.util.crypto.CryptoTests"/>
  <testcase name="testReadWriteDataPackaged" time="0.0" classname="com.distrimind.util.crypto.CryptoTests"/>
  <testcase name="testReadWriteDataPackaged" time="0.0" classname="com.distrimind.util.crypto.CryptoTests"/>
  <testcase name="testReadWriteDataPackaged" time="0.0" classname="com.distrimind.util.crypto.CryptoTests"/>
  <testcase name="testReadWriteDataPackaged" time="0.001" classname="com.distrimind.util.crypto.CryptoTests"/>
  <testcase name="testReadWriteDataPackaged" time="0.0" classname="com.distrimind.util.crypto.CryptoTests"/>
  <testcase name="testReadWriteDataPackaged" time="0.0" classname="com.distrimind.util.crypto.CryptoTests"/>
  <testcase name="testReadWriteDataPackaged" time="0.001" classname="com.distrimind.util.crypto.CryptoTests"/>
  <testcase name="testReadWriteDataPackaged" time="0.0" classname="com.distrimind.util.crypto.CryptoTests"/>
  <testcase name="testReadWriteDataPackaged" time="0.0" classname="com.distrimind.util.crypto.CryptoTests"/>
  <testcase name="testReadWriteDataPackaged" time="0.0" classname="com.distrimind.util.crypto.CryptoTests"/>
  <testcase name="testReadWriteDataPackaged" time="0.001" classname="com.distrimind.util.crypto.CryptoTests"/>
  <testcase name="testReadWriteDataPackaged" time="0.0" classname="com.distrimind.util.crypto.CryptoTests"/>
  <testcase name="testReadWriteDataPackaged" time="0.0" classname="com.distrimind.util.crypto.CryptoTests"/>
  <testcase name="testReadWriteDataPackaged" time="0.0" classname="com.distrimind.util.crypto.CryptoTests"/>
  <testcase name="testReadWriteDataPackaged" time="0.0" classname="com.distrimind.util.crypto.CryptoTests"/>
  <testcase name="testReadWriteDataPackaged" time="0.001" classname="com.distrimind.util.crypto.CryptoTests"/>
  <testcase name="testReadWriteDataPackaged" time="0.0" classname="com.distrimind.util.crypto.CryptoTests"/>
  <testcase name="testReadWriteDataPackaged" time="0.0" classname="com.distrimind.util.crypto.CryptoTests"/>
  <testcase name="testReadWriteDataPackaged" time="0.0" classname="com.distrimind.util.crypto.CryptoTests"/>
  <testcase name="testReadWriteDataPackaged" time="0.001" classname="com.distrimind.util.crypto.CryptoTests"/>
  <testcase name="testReadWriteDataPackaged" time="0.0" classname="com.distrimind.util.crypto.CryptoTests"/>
  <testcase name="testReadWriteDataPackaged" time="0.0" classname="com.distrimind.util.crypto.CryptoTests"/>
  <testcase name="testReadWriteDataPackaged" time="0.0" classname="com.distrimind.util.crypto.CryptoTests"/>
  <testcase name="testReadWriteDataPackaged" time="0.0" classname="com.distrimind.util.crypto.CryptoTests"/>
  <testcase name="testReadWriteDataPackaged" time="0.0" classname="com.distrimind.util.crypto.CryptoTests"/>
  <testcase name="testReadWriteDataPackaged" time="0.0" classname="com.distrimind.util.crypto.CryptoTests"/>
  <testcase name="testReadWriteDataPackaged" time="0.0" classname="com.distrimind.util.crypto.CryptoTests"/>
  <testcase name="testReadWriteDataPackaged" time="0.0" classname="com.distrimind.util.crypto.CryptoTests"/>
  <testcase name="testReadWriteDataPackaged" time="0.0" classname="com.distrimind.util.crypto.CryptoTests"/>
  <testcase name="testReadWriteDataPackaged" time="0.0" classname="com.distrimind.util.crypto.CryptoTests"/>
  <testcase name="testReadWriteDataPackaged" time="0.0" classname="com.distrimind.util.crypto.CryptoTests"/>
  <testcase name="testReadWriteDataPackaged" time="0.0" classname="com.distrimind.util.crypto.CryptoTests"/>
  <testcase name="testReadWriteDataPackaged" time="0.0" classname="com.distrimind.util.crypto.CryptoTests"/>
  <testcase name="testReadWriteDataPackaged" time="0.001" classname="com.distrimind.util.crypto.CryptoTests"/>
  <testcase name="testReadWriteDataPackaged" time="0.0" classname="com.distrimind.util.crypto.CryptoTests"/>
  <testcase name="testReadWriteDataPackaged" time="0.0" classname="com.distrimind.util.crypto.CryptoTests"/>
  <testcase name="testReadWriteDataPackaged" time="0.0" classname="com.distrimind.util.crypto.CryptoTests"/>
  <testcase name="testReadWriteDataPackaged" time="0.0" classname="com.distrimind.util.crypto.CryptoTests"/>
  <testcase name="testReadWriteDataPackaged" time="0.0" classname="com.distrimind.util.crypto.CryptoTests"/>
  <testcase name="testReadWriteDataPackaged" time="0.001" classname="com.distrimind.util.crypto.CryptoTests"/>
  <testcase name="testReadWriteDataPackaged" time="0.0" classname="com.distrimind.util.crypto.CryptoTests"/>
  <testcase name="testReadWriteDataPackaged" time="0.0" classname="com.distrimind.util.crypto.CryptoTests"/>
  <testcase name="testReadWriteDataPackaged" time="0.0" classname="com.distrimind.util.crypto.CryptoTests"/>
  <testcase name="testReadWriteDataPackaged" time="0.001" classname="com.distrimind.util.crypto.CryptoTests"/>
  <testcase name="testReadWriteDataPackaged" time="0.0" classname="com.distrimind.util.crypto.CryptoTests"/>
  <testcase name="testReadWriteDataPackaged" time="0.0" classname="com.distrimind.util.crypto.CryptoTests"/>
  <testcase name="testReadWriteDataPackaged" time="0.001" classname="com.distrimind.util.crypto.CryptoTests"/>
  <testcase name="testReadWriteDataPackaged" time="0.0" classname="com.distrimind.util.crypto.CryptoTests"/>
  <testcase name="testReadWriteDataPackaged" time="0.0" classname="com.distrimind.util.crypto.CryptoTests"/>
  <testcase name="testReadWriteDataPackaged" time="0.0" classname="com.distrimind.util.crypto.CryptoTests"/>
  <testcase name="testReadWriteDataPackaged" time="0.0" classname="com.distrimind.util.crypto.CryptoTests"/>
  <testcase name="testReadWriteDataPackaged" time="0.0" classname="com.distrimind.util.crypto.CryptoTests"/>
  <testcase name="testReadWriteDataPackaged" time="0.0" classname="com.distrimind.util.crypto.CryptoTests"/>
  <testcase name="testReadWriteDataPackaged" time="0.001" classname="com.distrimind.util.crypto.CryptoTests"/>
  <testcase name="testReadWriteDataPackaged" time="0.0" classname="com.distrimind.util.crypto.CryptoTests"/>
  <testcase name="testReadWriteDataPackaged" time="0.0" classname="com.distrimind.util.crypto.CryptoTests"/>
  <testcase name="testReadWriteDataPackaged" time="0.0" classname="com.distrimind.util.crypto.CryptoTests"/>
  <testcase name="testReadWriteDataPackaged" time="0.0" classname="com.distrimind.util.crypto.CryptoTests"/>
  <testcase name="testReadWriteDataPackaged" time="0.0" classname="com.distrimind.util.crypto.CryptoTests"/>
  <testcase name="testReadWriteDataPackaged" time="0.0" classname="com.distrimind.util.crypto.CryptoTests"/>
  <testcase name="testReadWriteDataPackaged" time="0.0" classname="com.distrimind.util.crypto.CryptoTests"/>
  <testcase name="testReadWriteDataPackaged" time="0.0" classname="com.distrimind.util.crypto.CryptoTests"/>
  <testcase name="testReadWriteDataPackaged" time="0.0" classname="com.distrimind.util.crypto.CryptoTests"/>
  <testcase name="testReadWriteDataPackaged" time="0.001" classname="com.distrimind.util.crypto.CryptoTests"/>
  <testcase name="testReadWriteDataPackaged" time="0.0" classname="com.distrimind.util.crypto.CryptoTests"/>
  <testcase name="testReadWriteDataPackaged" time="0.0" classname="com.distrimind.util.crypto.CryptoTests"/>
  <testcase name="testReadWriteDataPackaged" time="0.0" classname="com.distrimind.util.crypto.CryptoTests"/>
  <testcase name="testReadWriteDataPackaged" time="0.0" classname="com.distrimind.util.crypto.CryptoTests"/>
  <testcase name="testReadWriteDataPackaged" time="0.0" classname="com.distrimind.util.crypto.CryptoTests"/>
  <testcase name="testReadWriteDataPackaged" time="0.0" classname="com.distrimind.util.crypto.CryptoTests"/>
  <testcase name="testReadWriteDataPackaged" time="0.0" classname="com.distrimind.util.crypto.CryptoTests"/>
  <testcase name="testReadWriteDataPackaged" time="0.0" classname="com.distrimind.util.crypto.CryptoTests"/>
  <testcase name="testReadWriteDataPackaged" time="0.001" classname="com.distrimind.util.crypto.CryptoTests"/>
  <testcase name="testReadWriteDataPackaged" time="0.0" classname="com.distrimind.util.crypto.CryptoTests"/>
  <testcase name="testReadWriteDataPackaged" time="0.0" classname="com.distrimind.util.crypto.CryptoTests"/>
  <testcase name="testReadWriteDataPackaged" time="0.0" classname="com.distrimind.util.crypto.CryptoTests"/>
  <testcase name="testReadWriteDataPackaged" time="0.0" classname="com.distrimind.util.crypto.CryptoTests"/>
  <testcase name="testReadWriteDataPackaged" time="0.0" classname="com.distrimind.util.crypto.CryptoTests"/>
  <testcase name="testReadWriteDataPackaged" time="0.001" classname="com.distrimind.util.crypto.CryptoTests"/>
  <testcase name="testReadWriteDataPackaged" time="0.0" classname="com.distrimind.util.crypto.CryptoTests"/>
  <testcase name="testReadWriteDataPackaged" time="0.0" classname="com.distrimind.util.crypto.CryptoTests"/>
  <testcase name="testReadWriteDataPackaged" time="0.0" classname="com.distrimind.util.crypto.CryptoTests"/>
  <testcase name="testReadWriteDataPackaged" time="0.0" classname="com.distrimind.util.crypto.CryptoTests"/>
  <testcase name="testReadWriteDataPackaged" time="0.0" classname="com.distrimind.util.crypto.CryptoTests"/>
  <testcase name="testReadWriteDataPackaged" time="0.001" classname="com.distrimind.util.crypto.CryptoTests"/>
  <testcase name="testReadWriteDataPackaged" time="0.0" classname="com.distrimind.util.crypto.CryptoTests"/>
  <testcase name="testReadWriteDataPackaged" time="0.0" classname="com.distrimind.util.crypto.CryptoTests"/>
  <testcase name="testReadWriteDataPackaged" time="0.0" classname="com.distrimind.util.crypto.CryptoTests"/>
  <testcase name="testReadWriteDataPackaged" time="0.0" classname="com.distrimind.util.crypto.CryptoTests"/>
  <testcase name="testReadWriteDataPackaged" time="0.0" classname="com.distrimind.util.crypto.CryptoTests"/>
  <testcase name="testReadWriteDataPackaged" time="0.001" classname="com.distrimind.util.crypto.CryptoTests"/>
  <testcase name="testReadWriteDataPackaged" time="0.0" classname="com.distrimind.util.crypto.CryptoTests"/>
  <testcase name="testReadWriteDataPackaged" time="0.0" classname="com.distrimind.util.crypto.CryptoTests"/>
  <testcase name="testReadWriteDataPackaged" time="0.001" classname="com.distrimind.util.crypto.CryptoTests"/>
  <testcase name="testReadWriteDataPackaged" time="0.0" classname="com.distrimind.util.crypto.CryptoTests"/>
  <testcase name="testReadWriteDataPackaged" time="0.0" classname="com.distrimind.util.crypto.CryptoTests"/>
  <testcase name="testReadWriteDataPackaged" time="0.0" classname="com.distrimind.util.crypto.CryptoTests"/>
  <testcase name="testReadWriteDataPackaged" time="0.0" classname="com.distrimind.util.crypto.CryptoTests"/>
  <testcase name="testReadWriteDataPackaged" time="0.0" classname="com.distrimind.util.crypto.CryptoTests"/>
  <testcase name="testReadWriteDataPackaged" time="0.001" classname="com.distrimind.util.crypto.CryptoTests"/>
  <testcase name="testReadWriteDataPackaged" time="0.0" classname="com.distrimind.util.crypto.CryptoTests"/>
  <testcase name="testReadWriteDataPackaged" time="0.0" classname="com.distrimind.util.crypto.CryptoTests"/>
  <testcase name="testReadWriteDataPackaged" time="0.0" classname="com.distrimind.util.crypto.CryptoTests"/>
  <testcase name="testReadWriteDataPackaged" time="0.0" classname="com.distrimind.util.crypto.CryptoTests"/>
  <testcase name="testReadWriteDataPackaged" time="0.0" classname="com.distrimind.util.crypto.CryptoTests"/>
  <testcase name="testReadWriteDataPackaged" time="0.0" classname="com.distrimind.util.crypto.CryptoTests"/>
  <testcase name="testReadWriteDataPackaged" time="0.0" classname="com.distrimind.util.crypto.CryptoTests"/>
  <testcase name="testReadWriteDataPackaged" time="0.0" classname="com.distrimind.util.crypto.CryptoTests"/>
  <testcase name="testReadWriteDataPackaged" time="0.0" classname="com.distrimind.util.crypto.CryptoTests"/>
  <testcase name="testReadWriteDataPackaged" time="0.0" classname="com.distrimind.util.crypto.CryptoTests"/>
  <testcase name="testReadWriteDataPackaged" time="0.0" classname="com.distrimind.util.crypto.CryptoTests"/>
  <testcase name="testReadWriteDataPackaged" time="0.001" classname="com.distrimind.util.crypto.CryptoTests"/>
  <testcase name="testReadWriteDataPackaged" time="0.0" classname="com.distrimind.util.crypto.CryptoTests"/>
  <testcase name="testReadWriteDataPackaged" time="0.0" classname="com.distrimind.util.crypto.CryptoTests"/>
  <testcase name="testReadWriteDataPackaged" time="0.0" classname="com.distrimind.util.crypto.CryptoTests"/>
  <testcase name="testReadWriteDataPackaged" time="0.001" classname="com.distrimind.util.crypto.CryptoTests"/>
  <testcase name="testReadWriteDataPackaged" time="0.0" classname="com.distrimind.util.crypto.CryptoTests"/>
  <testcase name="testReadWriteDataPackaged" time="0.0" classname="com.distrimind.util.crypto.CryptoTests"/>
  <testcase name="testReadWriteDataPackaged" time="0.0" classname="com.distrimind.util.crypto.CryptoTests"/>
  <testcase name="testReadWriteDataPackaged" time="0.001" classname="com.distrimind.util.crypto.CryptoTests"/>
  <testcase name="testReadWriteDataPackaged" time="0.0" classname="com.distrimind.util.crypto.CryptoTests"/>
  <testcase name="testReadWriteDataPackaged" time="0.0" classname="com.distrimind.util.crypto.CryptoTests"/>
  <testcase name="testReadWriteDataPackaged" time="0.0" classname="com.distrimind.util.crypto.CryptoTests"/>
  <testcase name="testReadWriteDataPackaged" time="0.0" classname="com.distrimind.util.crypto.CryptoTests"/>
  <testcase name="testReadWriteDataPackaged" time="0.0" classname="com.distrimind.util.crypto.CryptoTests"/>
  <testcase name="testReadWriteDataPackaged" time="0.0" classname="com.distrimind.util.crypto.CryptoTests"/>
[...]
  <testcase name="testReadWriteDataPackaged" time="0.0" classname="com.distrimind.util.crypto.CryptoTests"/>
  <testcase name="testReadWriteDataPackaged" time="0.0" classname="com.distrimind.util.crypto.CryptoTests"/>
  <testcase name="testReadWriteDataPackaged" time="0.0" classname="com.distrimind.util.crypto.CryptoTests"/>
  <testcase name="testReadWriteDataPackaged" time="0.0" classname="com.distrimind.util.crypto.CryptoTests"/>
  <testcase name="testReadWriteDataPackaged" time="0.0" classname="com.distrimind.util.crypto.CryptoTests"/>
  <testcase name="testReadWriteDataPackaged" time="0.0" classname="com.distrimind.util.crypto.CryptoTests"/>
  <testcase name="testReadWriteDataPackaged" time="0.0" classname="com.distrimind.util.crypto.CryptoTests"/>
  <testcase name="testReadWriteDataPackaged" time="0.0" classname="com.distrimind.util.crypto.CryptoTests"/>
  <testcase name="testReadWriteDataPackaged" time="0.0" classname="com.distrimind.util.crypto.CryptoTests"/>
  <testcase name="testReadWriteDataPackaged" time="0.001" classname="com.distrimind.util.crypto.CryptoTests"/>
  <testcase name="testReadWriteDataPackaged" time="0.0" classname="com.distrimind.util.crypto.CryptoTests"/>
  <testcase name="testReadWriteDataPackaged" time="0.0" classname="com.distrimind.util.crypto.CryptoTests"/>
  <testcase name="testReadWriteDataPackaged" time="0.0" classname="com.distrimind.util.crypto.CryptoTests"/>
  <testcase name="testReadWriteDataPackaged" time="0.0" classname="com.distrimind.util.crypto.CryptoTests"/>
  <testcase name="testReadWriteDataPackaged" time="0.001" classname="com.distrimind.util.crypto.CryptoTests"/>
  <testcase name="testReadWriteDataPackaged" time="0.0" classname="com.distrimind.util.crypto.CryptoTests"/>
  <testcase name="testReadWriteDataPackaged" time="0.0" classname="com.distrimind.util.crypto.CryptoTests"/>
  <testcase name="testReadWriteDataPackaged" time="0.0" classname="com.distrimind.util.crypto.CryptoTests"/>
  <testcase name="testReadWriteDataPackaged" time="0.0" classname="com.distrimind.util.crypto.CryptoTests"/>
  <testcase name="testReadWriteDataPackaged" time="0.0" classname="com.distrimind.util.crypto.CryptoTests"/>
  <testcase name="testReadWriteDataPackaged" time="0.001" classname="com.distrimind.util.crypto.CryptoTests"/>
  <testcase name="testReadWriteDataPackaged" time="0.0" classname="com.distrimind.util.crypto.CryptoTests"/>
  <testcase name="testReadWriteDataPackaged" time="0.0" classname="com.distrimind.util.crypto.CryptoTests"/>
  <testcase name="testReadWriteDataPackaged" time="0.0" classname="com.distrimind.util.crypto.CryptoTests"/>
  <testcase name="testReadWriteDataPackaged" time="0.0" classname="com.distrimind.util.crypto.CryptoTests"/>
  <testcase name="testReadWriteDataPackaged" time="0.0" classname="com.distrimind.util.crypto.CryptoTests"/>
  <testcase name="testReadWriteDataPackaged" time="0.0" classname="com.distrimind.util.crypto.CryptoTests"/>
  <testcase name="testReadWriteDataPackaged" time="0.0" classname="com.distrimind.util.crypto.CryptoTests"/>
  <testcase name="testSecureRandom" time="0.001" classname="com.distrimind.util.crypto.CryptoTests"/>
  <testcase name="testSecureRandom" time="0.007" classname="com.distrimind.util.crypto.CryptoTests"/>
  <testcase name="testSecureRandom" time="0.004" classname="com.distrimind.util.crypto.CryptoTests"/>
  <testcase name="testSecureRandom" time="0.009" classname="com.distrimind.util.crypto.CryptoTests"/>
  <testcase name="testSecureRandom" time="0.009" classname="com.distrimind.util.crypto.CryptoTests"/>
  <testcase name="testSecureRandom" time="0.0" classname="com.distrimind.util.crypto.CryptoTests"/>
  <testcase name="testSecureRandom" time="0.0" classname="com.distrimind.util.crypto.CryptoTests"/>
  <testcase name="testSecureRandom" time="0.0" classname="com.distrimind.util.crypto.CryptoTests"/>
  <testcase name="testSecureRandom" time="0.001" classname="com.distrimind.util.crypto.CryptoTests"/>
  <testcase name="testSignatures" time="0.131" classname="com.distrimind.util.crypto.CryptoTests"/>
  <testcase name="testSignatures" time="0.156" classname="com.distrimind.util.crypto.CryptoTests"/>
  <testcase name="testSignatures" time="0.183" classname="com.distrimind.util.crypto.CryptoTests"/>
  <testcase name="testSignatures" time="0.066" classname="com.distrimind.util.crypto.CryptoTests"/>
  <testcase name="testSignatures" time="0.301" classname="com.distrimind.util.crypto.CryptoTests"/>
  <testcase name="testSignatures" time="1.033" classname="com.distrimind.util.crypto.CryptoTests"/>
  <testcase name="testSignatures" time="1.229" classname="com.distrimind.util.crypto.CryptoTests"/>
  <testcase name="testSignatures" time="0.0" classname="com.distrimind.util.crypto.CryptoTests"/>
  <testcase name="testSignatures" time="0.0" classname="com.distrimind.util.crypto.CryptoTests"/>
  <testcase name="testSignatures" time="0.0" classname="com.distrimind.util.crypto.CryptoTests"/>
  <testcase name="testSignatures" time="0.0" classname="com.distrimind.util.crypto.CryptoTests"/>
  <testcase name="testSignatures" time="0.0" classname="com.distrimind.util.crypto.CryptoTests"/>
  <testcase name="testSignatures" time="0.0" classname="com.distrimind.util.crypto.CryptoTests"/>
  <testcase name="testSignatures" time="0.0" classname="com.distrimind.util.crypto.CryptoTests"/>
  <testcase name="testSignatures" time="0.0" classname="com.distrimind.util.crypto.CryptoTests"/>
  <testcase name="testSignatures" time="0.0" classname="com.distrimind.util.crypto.CryptoTests"/>
  <testcase name="testSignatures" time="0.0" classname="com.distrimind.util.crypto.CryptoTests"/>
  <testcase name="testSignatures" time="0.0" classname="com.distrimind.util.crypto.CryptoTests"/>
  <testcase name="testSignatures" time="0.0" classname="com.distrimind.util.crypto.CryptoTests"/>
  <testcase name="testSignatures" time="0.244" classname="com.distrimind.util.crypto.CryptoTests"/>
  <testcase name="testSignatures" time="1.696" classname="com.distrimind.util.crypto.CryptoTests"/>
  <testcase name="testSignatures" time="2.949" classname="com.distrimind.util.crypto.CryptoTests"/>
  <testcase name="testSignatures" time="1.986" classname="com.distrimind.util.crypto.CryptoTests"/>
  <testcase name="testSignatures" time="3.466" classname="com.distrimind.util.crypto.CryptoTests"/>
  <testcase name="testSignatures" time="0.166" classname="com.distrimind.util.crypto.CryptoTests"/>
  <testcase name="testSignatures" time="2.29" classname="com.distrimind.util.crypto.CryptoTests"/>
  <testcase name="testSignatures" time="1.083" classname="com.distrimind.util.crypto.CryptoTests"/>
  <testcase name="testSignatures" time="0.114" classname="com.distrimind.util.crypto.CryptoTests"/>
  <testcase name="testSignatures" time="5.237" classname="com.distrimind.util.crypto.CryptoTests"/>
  <testcase name="testSignatures" time="0.497" classname="com.distrimind.util.crypto.CryptoTests"/>
  <testcase name="testSignatures" time="5.348" classname="com.distrimind.util.crypto.CryptoTests"/>
  <testcase name="testSignatures" time="0.233" classname="com.distrimind.util.crypto.CryptoTests"/>
  <testcase name="testSignatures" time="0.247" classname="com.distrimind.util.crypto.CryptoTests"/>
  <testcase name="testSignatures" time="5.564" classname="com.distrimind.util.crypto.CryptoTests"/>
  <testcase name="testSignatures" time="1.676" classname="com.distrimind.util.crypto.CryptoTests"/>
  <testcase name="testSignatures" time="0.008" classname="com.distrimind.util.crypto.CryptoTests"/>
  <testcase name="testSignatures" time="0.0" classname="com.distrimind.util.crypto.CryptoTests"/>
  <testcase name="testSignatures" time="0.0" classname="com.distrimind.util.crypto.CryptoTests"/>
  <testcase name="testSignatures" time="0.0" classname="com.distrimind.util.crypto.CryptoTests"/>
  <testcase name="testSignatures" time="0.0" classname="com.distrimind.util.crypto.CryptoTests"/>
  <testcase name="testSignatures" time="0.0" classname="com.distrimind.util.crypto.CryptoTests"/>
  <testcase name="testSignatures" time="0.0" classname="com.distrimind.util.crypto.CryptoTests"/>
  <testcase name="testSignatures" time="0.0" classname="com.distrimind.util.crypto.CryptoTests"/>
  <testcase name="testSignatures" time="0.0" classname="com.distrimind.util.crypto.CryptoTests"/>
  <testcase name="testSignatures" time="0.0" classname="com.distrimind.util.crypto.CryptoTests"/>
  <testcase name="testSignatures" time="0.0" classname="com.distrimind.util.crypto.CryptoTests"/>
  <testcase name="testSignatures" time="0.0" classname="com.distrimind.util.crypto.CryptoTests"/>
  <testcase name="testSignatures" time="0.187" classname="com.distrimind.util.crypto.CryptoTests"/>
  <testcase name="testSignatures" time="3.902" classname="com.distrimind.util.crypto.CryptoTests"/>
  <testcase name="testSignatures" time="1.167" classname="com.distrimind.util.crypto.CryptoTests"/>
  <testcase name="testSignatures" time="7.575" classname="com.distrimind.util.crypto.CryptoTests"/>
  <testcase name="testSignatures" time="0.145" classname="com.distrimind.util.crypto.CryptoTests"/>
  <testcase name="testSignatures" time="1.408" classname="com.distrimind.util.crypto.CryptoTests"/>
  <testcase name="testSignatures" time="2.64" classname="com.distrimind.util.crypto.CryptoTests"/>
  <testcase name="testSignatures" time="7.996" classname="com.distrimind.util.crypto.CryptoTests"/>
  <testcase name="testSignatures" time="0.07" classname="com.distrimind.util.crypto.CryptoTests"/>
  <testcase name="testSignatures" time="1.023" classname="com.distrimind.util.crypto.CryptoTests"/>
  <testcase name="testSignatures" time="8.056" classname="com.distrimind.util.crypto.CryptoTests"/>
  <testcase name="testSignatures" time="8.164" classname="com.distrimind.util.crypto.CryptoTests"/>
  <testcase name="testSignatures" time="0.066" classname="com.distrimind.util.crypto.CryptoTests"/>
  <testcase name="testSignatures" time="2.2" classname="com.distrimind.util.crypto.CryptoTests"/>
  <testcase name="testSignatures" time="1.257" classname="com.distrimind.util.crypto.CryptoTests"/>
  <testcase name="testSignatures" time="8.278" classname="com.distrimind.util.crypto.CryptoTests"/>
  <testcase name="testSignatures" time="0.002" classname="com.distrimind.util.crypto.CryptoTests"/>
  <testcase name="testSignatures" time="0.002" classname="com.distrimind.util.crypto.CryptoTests"/>
  <testcase name="testSignatures" time="0.0" classname="com.distrimind.util.crypto.CryptoTests"/>
  <testcase name="testSignatures" time="0.0" classname="com.distrimind.util.crypto.CryptoTests"/>
  <testcase name="testSignatures" time="0.0" classname="com.distrimind.util.crypto.CryptoTests"/>
  <testcase name="testSignatures" time="0.001" classname="com.distrimind.util.crypto.CryptoTests"/>
  <testcase name="testSignatures" time="0.0" classname="com.distrimind.util.crypto.CryptoTests"/>
  <testcase name="testSignatures" time="0.0" classname="com.distrimind.util.crypto.CryptoTests"/>
  <testcase name="testSignatures" time="0.0" classname="com.distrimind.util.crypto.CryptoTests"/>
  <testcase name="testSignatures" time="0.0" classname="com.distrimind.util.crypto.CryptoTests"/>
  <testcase name="testSignatures" time="0.0" classname="com.distrimind.util.crypto.CryptoTests"/>
  <testcase name="testSignatures" time="0.001" classname="com.distrimind.util.crypto.CryptoTests"/>
  <testcase name="testSignatures" time="20.205" classname="com.distrimind.util.crypto.CryptoTests"/>
  <testcase name="testSignatures" time="8.566" classname="com.distrimind.util.crypto.CryptoTests"/>
  <testcase name="testSignatures" time="20.342" classname="com.distrimind.util.crypto.CryptoTests"/>
  <testcase name="testSignatures" time="10.148" classname="com.distrimind.util.crypto.CryptoTests"/>
  <testcase name="testSignatures" time="16.106" classname="com.distrimind.util.crypto.CryptoTests"/>
  <testcase name="testSignatures" time="14.481" classname="com.distrimind.util.crypto.CryptoTests"/>
  <testcase name="testSignatures" time="19.546" classname="com.distrimind.util.crypto.CryptoTests"/>
  <testcase name="testSignatures" time="25.336" classname="com.distrimind.util.crypto.CryptoTests"/>
  <testcase name="testSignatures" time="9.806" classname="com.distrimind.util.crypto.CryptoTests"/>
  <testcase name="testPasswordHash" time="2.271" classname="com.distrimind.util.crypto.CryptoTests"/>
  <testcase name="testPasswordHash" time="2.514" classname="com.distrimind.util.crypto.CryptoTests"/>
  <testcase name="testPasswordHash" time="2.854" classname="com.distrimind.util.crypto.CryptoTests"/>
  <testcase name="testPasswordHash" time="9.277" classname="com.distrimind.util.crypto.CryptoTests"/>
  <testcase name="testPasswordHash" time="11.823" classname="com.distrimind.util.crypto.CryptoTests"/>
  <testcase name="testPasswordHash" time="11.907" classname="com.distrimind.util.crypto.CryptoTests"/>
  <testcase name="testPasswordHash" time="12.694" classname="com.distrimind.util.crypto.CryptoTests"/>
  <testcase name="testPasswordHash" time="38.756" classname="com.distrimind.util.crypto.CryptoTests"/>
  <testcase name="testASymmetricKeyPairEncoding" time="3.232" classname="com.distrimind.util.crypto.CryptoTests"/>
  <testcase name="testASymmetricKeyPairEncoding" time="3.532" classname="com.distrimind.util.crypto.CryptoTests"/>
  <testcase name="testASymmetricKeyPairEncoding" time="3.611" classname="com.distrimind.util.crypto.CryptoTests"/>
  <testcase name="testSecretKeyEncoding" time="0.019" classname="com.distrimind.util.crypto.CryptoTests"/>
  <testcase name="testSecretKeyEncoding" time="0.022" classname="com.distrimind.util.crypto.CryptoTests"/>
  <testcase name="testSecretKeyEncoding" time="0.024" classname="com.distrimind.util.crypto.CryptoTests"/>
  <testcase name="testSecretKeyEncoding" time="0.022" classname="com.distrimind.util.crypto.CryptoTests"/>
  <testcase name="testSecretKeyEncoding" time="0.03" classname="com.distrimind.util.crypto.CryptoTests"/>
  <testcase name="testSecretKeyEncoding" time="0.107" classname="com.distrimind.util.crypto.CryptoTests"/>
  <testcase name="testSecretKeyEncoding" time="0.125" classname="com.distrimind.util.crypto.CryptoTests"/>
  <testcase name="testSecretKeyEncoding" time="0.118" classname="com.distrimind.util.crypto.CryptoTests"/>
  <testcase name="testSecretKeyEncoding" time="0.127" classname="com.distrimind.util.crypto.CryptoTests"/>
  <testcase name="testSecretKeyEncoding" time="0.128" classname="com.distrimind.util.crypto.CryptoTests"/>
  <testcase name="testClientServerASymetricEncryptions" time="6.338" classname="com.distrimind.util.crypto.CryptoTests"/>
  <testcase name="testClientServerASymetricEncryptions" time="11.608" classname="com.distrimind.util.crypto.CryptoTests"/>
  <testcase name="testClientServerASymetricEncryptions" time="11.802" classname="com.distrimind.util.crypto.CryptoTests"/>
  <testcase name="testP2PASymetricEncryptions" time="132.316" classname="com.distrimind.util.crypto.CryptoTests"/>
  <testcase name="testP2PASymetricEncryptions" time="141.047" classname="com.distrimind.util.crypto.CryptoTests"/>
  <testcase name="testP2PASymetricEncryptions" time="151.443" classname="com.distrimind.util.crypto.CryptoTests"/>
  <testcase name="testASymmetricSecretMessageExchanger" time="103.117" classname="com.distrimind.util.crypto.CryptoTests"/>
  <testcase name="testASymmetricSecretMessageExchanger" time="107.517" classname="com.distrimind.util.crypto.CryptoTests"/>
  <testcase name="testASymmetricSecretMessageExchanger" time="115.344" classname="com.distrimind.util.crypto.CryptoTests"/>
  <testcase name="testSymetricEncryptions" time="0.598" classname="com.distrimind.util.crypto.CryptoTests"/>
  <testcase name="testSymetricEncryptions" time="0.75" classname="com.distrimind.util.crypto.CryptoTests"/>
  <testcase name="testSymetricEncryptions" time="0.922" classname="com.distrimind.util.crypto.CryptoTests"/>
  <testcase name="testSymetricEncryptions" time="0.975" classname="com.distrimind.util.crypto.CryptoTests"/>
  <testcase name="testSymetricEncryptions" time="0.983" classname="com.distrimind.util.crypto.CryptoTests"/>
  <testcase name="testSymetricEncryptions" time="1.007" classname="com.distrimind.util.crypto.CryptoTests"/>
  <testcase name="testSymetricEncryptions" time="1.001" classname="com.distrimind.util.crypto.CryptoTests"/>
  <testcase name="testSymetricEncryptions" time="1.039" classname="com.distrimind.util.crypto.CryptoTests"/>
  <testcase name="testSymetricEncryptions" time="1.084" classname="com.distrimind.util.crypto.CryptoTests"/>
  <testcase name="testSymetricEncryptions" time="1.152" classname="com.distrimind.util.crypto.CryptoTests"/>
  <testcase name="testHybridEncryptions" time="9.856" classname="com.distrimind.util.crypto.CryptoTests"/>
  <testcase name="testHybridEncryptions" time="9.711" classname="com.distrimind.util.crypto.CryptoTests"/>
  <testcase name="testHybridEncryptions" time="21.256" classname="com.distrimind.util.crypto.CryptoTests"/>
  <testcase name="testHybridEncryptions" time="21.529" classname="com.distrimind.util.crypto.CryptoTests"/>
  <testcase name="testHybridEncryptions" time="25.921" classname="com.distrimind.util.crypto.CryptoTests"/>
  <testcase name="testHybridEncryptions" time="26.164" classname="com.distrimind.util.crypto.CryptoTests"/>
  <testcase name="testHybridEncryptions" time="26.537" classname="com.distrimind.util.crypto.CryptoTests"/>
  <testcase name="testHybridEncryptions" time="27.118" classname="com.distrimind.util.crypto.CryptoTests"/>
  <testcase name="testHybridEncryptions" time="29.593" classname="com.distrimind.util.crypto.CryptoTests"/>
  <testcase name="testHybridEncryptions" time="30.194" classname="com.distrimind.util.crypto.CryptoTests"/>
  <testcase name="testHybridEncryptions" time="24.081" classname="com.distrimind.util.crypto.CryptoTests"/>
  <testcase name="testHybridEncryptions" time="25.28" classname="com.distrimind.util.crypto.CryptoTests"/>
  <testcase name="testHybridEncryptions" time="21.012" classname="com.distrimind.util.crypto.CryptoTests"/>
  <testcase name="testHybridEncryptions" time="22.839" classname="com.distrimind.util.crypto.CryptoTests"/>
  <testcase name="testHybridEncryptions" time="22.542" classname="com.distrimind.util.crypto.CryptoTests"/>
  <testcase name="testHybridEncryptions" time="57.356" classname="com.distrimind.util.crypto.CryptoTests"/>
  <testcase name="testHybridEncryptions" time="13.805" classname="com.distrimind.util.crypto.CryptoTests"/>
  <testcase name="testHybridEncryptions" time="10.962" classname="com.distrimind.util.crypto.CryptoTests"/>
  <testcase name="testHybridEncryptions" time="37.277" classname="com.distrimind.util.crypto.CryptoTests"/>
  <testcase name="testHybridEncryptions" time="17.502" classname="com.distrimind.util.crypto.CryptoTests"/>
  <testcase name="testHybridEncryptions" time="38.031" classname="com.distrimind.util.crypto.CryptoTests"/>
  <testcase name="testHybridEncryptions" time="38.27" classname="com.distrimind.util.crypto.CryptoTests"/>
  <testcase name="testHybridEncryptions" time="14.741" classname="com.distrimind.util.crypto.CryptoTests"/>
  <testcase name="testHybridEncryptions" time="40.3" classname="com.distrimind.util.crypto.CryptoTests"/>
  <testcase name="testHybridEncryptions" time="13.266" classname="com.distrimind.util.crypto.CryptoTests"/>
  <testcase name="testHybridEncryptions" time="26.191" classname="com.distrimind.util.crypto.CryptoTests"/>
  <testcase name="testHybridEncryptions" time="13.849" classname="com.distrimind.util.crypto.CryptoTests"/>
  <testcase name="testHybridEncryptions" time="22.028" classname="com.distrimind.util.crypto.CryptoTests"/>
  <testcase name="testHybridEncryptions" time="22.803" classname="com.distrimind.util.crypto.CryptoTests"/>
  <testcase name="testHybridEncryptions" time="22.976" classname="com.distrimind.util.crypto.CryptoTests"/>
</testsuite> <!-- testCyrpto -->
