<?xml version="1.0" encoding="UTF-8"?>
<testng-results skipped="0" failed="0" total="63" passed="63">
  <reporter-output>
  </reporter-output>
  <suite name="TestAll" duration-ms="1458088" started-at="2016-03-04T09:24:03Z" finished-at="2016-03-04T09:48:21Z">
    <groups>
    </groups>
    <test name="testDerby" duration-ms="381941" started-at="2016-03-04T09:24:03Z" finished-at="2016-03-04T09:30:25Z">
      <class name="com.distrimind.ood.tests.DerbyTestDatabase">
        <test-method status="PASS" signature="firstLoad()[pri:0, instance:com.distrimind.ood.tests.DerbyTestDatabase@56aac163]" test-instance-name="" name="firstLoad" duration-ms="8422" started-at="2016-03-04T10:24:03Z" finished-at="2016-03-04T10:24:12Z">
          <reporter-output>
          </reporter-output>
        </test-method> <!-- firstLoad -->
        <test-method status="PASS" signature="firstAdd()[pri:0, instance:com.distrimind.ood.tests.DerbyTestDatabase@56aac163]" test-instance-name="" name="firstAdd" duration-ms="132" started-at="2016-03-04T10:24:12Z" depends-on-methods="com.distrimind.ood.tests.DerbyTestDatabase.firstLoad" finished-at="2016-03-04T10:24:12Z">
          <reporter-output>
          </reporter-output>
        </test-method> <!-- firstAdd -->
        <test-method status="PASS" signature="firstTestSize()[pri:0, instance:com.distrimind.ood.tests.DerbyTestDatabase@56aac163]" test-instance-name="" name="firstTestSize" duration-ms="4" started-at="2016-03-04T10:24:12Z" depends-on-methods="com.distrimind.ood.tests.DerbyTestDatabase.firstAdd" finished-at="2016-03-04T10:24:12Z">
          <reporter-output>
          </reporter-output>
        </test-method> <!-- firstTestSize -->
        <test-method status="PASS" signature="isLoadedIntoMemory()[pri:0, instance:com.distrimind.ood.tests.DerbyTestDatabase@56aac163]" test-instance-name="" name="isLoadedIntoMemory" duration-ms="0" started-at="2016-03-04T10:24:12Z" depends-on-methods="com.distrimind.ood.tests.DerbyTestDatabase.firstLoad" finished-at="2016-03-04T10:24:12Z">
          <reporter-output>
          </reporter-output>
        </test-method> <!-- isLoadedIntoMemory -->
        <test-method status="PASS" signature="firstReload()[pri:0, instance:com.distrimind.ood.tests.DerbyTestDatabase@56aac163]" test-instance-name="" name="firstReload" duration-ms="9037" started-at="2016-03-04T10:24:12Z" depends-on-methods="com.distrimind.ood.tests.DerbyTestDatabase.firstTestSize" finished-at="2016-03-04T10:24:21Z">
          <reporter-output>
          </reporter-output>
        </test-method> <!-- firstReload -->
        <test-method status="PASS" signature="secondTestSize()[pri:0, instance:com.distrimind.ood.tests.DerbyTestDatabase@56aac163]" test-instance-name="" name="secondTestSize" duration-ms="14" started-at="2016-03-04T10:24:21Z" depends-on-methods="com.distrimind.ood.tests.DerbyTestDatabase.firstReload" finished-at="2016-03-04T10:24:21Z">
          <reporter-output>
          </reporter-output>
        </test-method> <!-- secondTestSize -->
        <test-method status="PASS" signature="testFirstAdd()[pri:0, instance:com.distrimind.ood.tests.DerbyTestDatabase@56aac163]" test-instance-name="" name="testFirstAdd" duration-ms="5" started-at="2016-03-04T10:24:21Z" depends-on-methods="com.distrimind.ood.tests.DerbyTestDatabase.firstReload" finished-at="2016-03-04T10:24:21Z">
          <reporter-output>
          </reporter-output>
        </test-method> <!-- testFirstAdd -->
        <test-method status="PASS" signature="alterRecord()[pri:0, instance:com.distrimind.ood.tests.DerbyTestDatabase@56aac163]" test-instance-name="" name="alterRecord" duration-ms="56" started-at="2016-03-04T10:24:21Z" depends-on-methods="com.distrimind.ood.tests.DerbyTestDatabase.testFirstAdd" finished-at="2016-03-04T10:24:21Z">
          <reporter-output>
          </reporter-output>
        </test-method> <!-- alterRecord -->
        <test-method status="PASS" signature="addSecondRecord()[pri:0, instance:com.distrimind.ood.tests.DerbyTestDatabase@56aac163]" test-instance-name="" name="addSecondRecord" duration-ms="43" started-at="2016-03-04T10:24:21Z" depends-on-methods="com.distrimind.ood.tests.DerbyTestDatabase.alterRecord" finished-at="2016-03-04T10:24:21Z">
          <reporter-output>
          </reporter-output>
        </test-method> <!-- addSecondRecord -->
        <test-method status="PASS" signature="getRecord()[pri:0, instance:com.distrimind.ood.tests.DerbyTestDatabase@56aac163]" test-instance-name="" name="getRecord" duration-ms="16" started-at="2016-03-04T10:24:21Z" depends-on-methods="com.distrimind.ood.tests.DerbyTestDatabase.addSecondRecord" finished-at="2016-03-04T10:24:21Z">
          <reporter-output>
          </reporter-output>
        </test-method> <!-- getRecord -->
        <test-method status="PASS" signature="getRecordFilter()[pri:0, instance:com.distrimind.ood.tests.DerbyTestDatabase@56aac163]" test-instance-name="" name="getRecordFilter" duration-ms="124" started-at="2016-03-04T10:24:21Z" depends-on-methods="com.distrimind.ood.tests.DerbyTestDatabase.addSecondRecord" finished-at="2016-03-04T10:24:21Z">
          <reporter-output>
          </reporter-output>
        </test-method> <!-- getRecordFilter -->
        <test-method status="PASS" signature="getRecordIterator()[pri:0, instance:com.distrimind.ood.tests.DerbyTestDatabase@56aac163]" test-instance-name="" name="getRecordIterator" duration-ms="7" started-at="2016-03-04T10:24:21Z" depends-on-methods="com.distrimind.ood.tests.DerbyTestDatabase.getRecord" finished-at="2016-03-04T10:24:21Z">
          <reporter-output>
          </reporter-output>
        </test-method> <!-- getRecordIterator -->
        <test-method status="PASS" signature="removeRecord()[pri:0, instance:com.distrimind.ood.tests.DerbyTestDatabase@56aac163]" test-instance-name="" name="removeRecord" duration-ms="73" started-at="2016-03-04T10:24:21Z" depends-on-methods="com.distrimind.ood.tests.DerbyTestDatabase.getRecordFilter, com.distrimind.ood.tests.DerbyTestDatabase.alterRecord, com.distrimind.ood.tests.DerbyTestDatabase.getRecordIterator" finished-at="2016-03-04T10:24:21Z">
          <reporter-output>
          </reporter-output>
        </test-method> <!-- removeRecord -->
        <test-method status="PASS" signature="testArrayRecordParameters()[pri:0, instance:com.distrimind.ood.tests.DerbyTestDatabase@56aac163]" test-instance-name="" name="testArrayRecordParameters" duration-ms="54" started-at="2016-03-04T10:24:21Z" depends-on-methods="com.distrimind.ood.tests.DerbyTestDatabase.removeRecord" finished-at="2016-03-04T10:24:21Z">
          <reporter-output>
          </reporter-output>
        </test-method> <!-- testArrayRecordParameters -->
        <test-method status="PASS" signature="removeRecords()[pri:0, instance:com.distrimind.ood.tests.DerbyTestDatabase@56aac163]" test-instance-name="" name="removeRecords" duration-ms="1739" started-at="2016-03-04T10:24:21Z" depends-on-methods="com.distrimind.ood.tests.DerbyTestDatabase.testArrayRecordParameters" finished-at="2016-03-04T10:24:23Z">
          <reporter-output>
          </reporter-output>
        </test-method> <!-- removeRecords -->
        <test-method status="PASS" signature="testFilters()[pri:0, instance:com.distrimind.ood.tests.DerbyTestDatabase@56aac163]" test-instance-name="" name="testFilters" duration-ms="89" started-at="2016-03-04T10:24:23Z" depends-on-methods="com.distrimind.ood.tests.DerbyTestDatabase.removeRecords" finished-at="2016-03-04T10:24:23Z">
          <reporter-output>
          </reporter-output>
        </test-method> <!-- testFilters -->
        <test-method status="PASS" signature="testRemoveFilters()[pri:0, instance:com.distrimind.ood.tests.DerbyTestDatabase@56aac163]" test-instance-name="" name="testRemoveFilters" duration-ms="36" started-at="2016-03-04T10:24:23Z" depends-on-methods="com.distrimind.ood.tests.DerbyTestDatabase.testFilters" finished-at="2016-03-04T10:24:23Z">
          <reporter-output>
          </reporter-output>
        </test-method> <!-- testRemoveFilters -->
        <test-method status="PASS" signature="addForeignKeyAndTestUniqueKeys()[pri:0, instance:com.distrimind.ood.tests.DerbyTestDatabase@56aac163]" test-instance-name="" name="addForeignKeyAndTestUniqueKeys" duration-ms="361" started-at="2016-03-04T10:24:23Z" depends-on-methods="com.distrimind.ood.tests.DerbyTestDatabase.testRemoveFilters" finished-at="2016-03-04T10:24:23Z">
          <reporter-output>
          </reporter-output>
        </test-method> <!-- addForeignKeyAndTestUniqueKeys -->
        <test-method status="PASS" signature="removePointedRecords()[pri:0, instance:com.distrimind.ood.tests.DerbyTestDatabase@56aac163]" test-instance-name="" name="removePointedRecords" duration-ms="28" started-at="2016-03-04T10:24:23Z" depends-on-methods="com.distrimind.ood.tests.DerbyTestDatabase.addForeignKeyAndTestUniqueKeys" finished-at="2016-03-04T10:24:23Z">
          <reporter-output>
          </reporter-output>
        </test-method> <!-- removePointedRecords -->
        <test-method status="PASS" signature="removeForeignKeyRecords()[pri:0, instance:com.distrimind.ood.tests.DerbyTestDatabase@56aac163]" test-instance-name="" name="removeForeignKeyRecords" duration-ms="78" started-at="2016-03-04T10:24:23Z" depends-on-methods="com.distrimind.ood.tests.DerbyTestDatabase.removePointedRecords" finished-at="2016-03-04T10:24:23Z">
          <reporter-output>
          </reporter-output>
        </test-method> <!-- removeForeignKeyRecords -->
        <test-method status="PASS" signature="testIsPointed()[pri:0, instance:com.distrimind.ood.tests.DerbyTestDatabase@56aac163]" test-instance-name="" name="testIsPointed" duration-ms="3" started-at="2016-03-04T10:24:23Z" depends-on-methods="com.distrimind.ood.tests.DerbyTestDatabase.removeForeignKeyRecords" finished-at="2016-03-04T10:24:23Z">
          <reporter-output>
          </reporter-output>
        </test-method> <!-- testIsPointed -->
        <test-method status="PASS" signature="removeWithCascade()[pri:0, instance:com.distrimind.ood.tests.DerbyTestDatabase@56aac163]" test-instance-name="" name="removeWithCascade" duration-ms="962" started-at="2016-03-04T10:24:23Z" depends-on-methods="com.distrimind.ood.tests.DerbyTestDatabase.testIsPointed" finished-at="2016-03-04T10:24:24Z">
          <reporter-output>
          </reporter-output>
        </test-method> <!-- removeWithCascade -->
        <test-method status="PASS" signature="setAutoRandomFields()[pri:0, instance:com.distrimind.ood.tests.DerbyTestDatabase@56aac163]" test-instance-name="" name="setAutoRandomFields" duration-ms="942" started-at="2016-03-04T10:24:24Z" depends-on-methods="com.distrimind.ood.tests.DerbyTestDatabase.removeWithCascade" finished-at="2016-03-04T10:24:25Z">
          <reporter-output>
          </reporter-output>
        </test-method> <!-- setAutoRandomFields -->
        <test-method status="PASS" signature="prepareMultipleTest()[pri:0, instance:com.distrimind.ood.tests.DerbyTestDatabase@56aac163]" test-instance-name="" name="prepareMultipleTest" duration-ms="539" started-at="2016-03-04T10:24:25Z" depends-on-methods="com.distrimind.ood.tests.DerbyTestDatabase.setAutoRandomFields" finished-at="2016-03-04T10:24:26Z">
          <reporter-output>
          </reporter-output>
        </test-method> <!-- prepareMultipleTest -->
        <test-method status="PASS" signature="multipleTests()[pri:0, instance:com.distrimind.ood.tests.DerbyTestDatabase@56aac163]" test-instance-name="" name="multipleTests" duration-ms="26358" started-at="2016-03-04T10:24:26Z" depends-on-methods="com.distrimind.ood.tests.DerbyTestDatabase.prepareMultipleTest" finished-at="2016-03-04T10:24:52Z">
          <reporter-output>
          </reporter-output>
        </test-method> <!-- multipleTests -->
        <test-method status="PASS" signature="testThreadSafe()[pri:0, instance:com.distrimind.ood.tests.DerbyTestDatabase@56aac163]" name="testThreadSafe" duration-ms="332047" started-at="2016-03-04T10:24:52Z" depends-on-methods="com.distrimind.ood.tests.DerbyTestDatabase.multipleTests" finished-at="2016-03-04T10:30:24Z">
          <reporter-output>
          </reporter-output>
        </test-method> <!-- testThreadSafe -->
        <test-method status="PASS" signature="testThreadSafe()[pri:0, instance:com.distrimind.ood.tests.DerbyTestDatabase@56aac163]" name="testThreadSafe" duration-ms="326803" started-at="2016-03-04T10:24:52Z" depends-on-methods="com.distrimind.ood.tests.DerbyTestDatabase.multipleTests" finished-at="2016-03-04T10:30:19Z">
          <reporter-output>
          </reporter-output>
        </test-method> <!-- testThreadSafe -->
        <test-method status="PASS" signature="testThreadSafe()[pri:0, instance:com.distrimind.ood.tests.DerbyTestDatabase@56aac163]" name="testThreadSafe" duration-ms="332090" started-at="2016-03-04T10:24:52Z" depends-on-methods="com.distrimind.ood.tests.DerbyTestDatabase.multipleTests" finished-at="2016-03-04T10:30:24Z">
          <reporter-output>
          </reporter-output>
        </test-method> <!-- testThreadSafe -->
        <test-method status="PASS" signature="testThreadSafe()[pri:0, instance:com.distrimind.ood.tests.DerbyTestDatabase@56aac163]" name="testThreadSafe" duration-ms="332040" started-at="2016-03-04T10:24:52Z" depends-on-methods="com.distrimind.ood.tests.DerbyTestDatabase.multipleTests" finished-at="2016-03-04T10:30:24Z">
          <reporter-output>
          </reporter-output>
        </test-method> <!-- testThreadSafe -->
        <test-method status="PASS" signature="testThreadSafe()[pri:0, instance:com.distrimind.ood.tests.DerbyTestDatabase@56aac163]" name="testThreadSafe" duration-ms="332059" started-at="2016-03-04T10:24:52Z" depends-on-methods="com.distrimind.ood.tests.DerbyTestDatabase.multipleTests" finished-at="2016-03-04T10:30:24Z">
          <reporter-output>
          </reporter-output>
        </test-method> <!-- testThreadSafe -->
        <test-method status="PASS" signature="testCheckPoint()[pri:0, instance:com.distrimind.ood.tests.DerbyTestDatabase@56aac163]" test-instance-name="" name="testCheckPoint" duration-ms="1" started-at="2016-03-04T10:30:24Z" depends-on-methods="com.distrimind.ood.tests.DerbyTestDatabase.testThreadSafe" finished-at="2016-03-04T10:30:24Z">
          <reporter-output>
          </reporter-output>
        </test-method> <!-- testCheckPoint -->
        <test-method status="PASS" signature="unloadDatabase()[pri:0, instance:com.distrimind.ood.tests.DerbyTestDatabase@56aac163]" test-instance-name="" name="unloadDatabase" is-config="true" duration-ms="690" started-at="2016-03-04T10:30:24Z" finished-at="2016-03-04T10:30:25Z">
          <reporter-output>
          </reporter-output>
        </test-method> <!-- unloadDatabase -->
      </class> <!-- com.distrimind.ood.tests.DerbyTestDatabase -->
    </test> <!-- testDerby -->
    <test name="testHDQLDB" duration-ms="1076136" started-at="2016-03-04T09:30:25Z" finished-at="2016-03-04T09:48:21Z">
      <class name="com.distrimind.ood.tests.HSQLDBTestDatabase">
        <test-method status="PASS" signature="firstLoad()[pri:0, instance:com.distrimind.ood.tests.HSQLDBTestDatabase@ea1a8d5]" test-instance-name="" name="firstLoad" duration-ms="551" started-at="2016-03-04T10:30:25Z" finished-at="2016-03-04T10:30:26Z">
          <reporter-output>
          </reporter-output>
        </test-method> <!-- firstLoad -->
        <test-method status="PASS" signature="firstAdd()[pri:0, instance:com.distrimind.ood.tests.HSQLDBTestDatabase@ea1a8d5]" test-instance-name="" name="firstAdd" duration-ms="239" started-at="2016-03-04T10:30:26Z" depends-on-methods="com.distrimind.ood.tests.HSQLDBTestDatabase.firstLoad" finished-at="2016-03-04T10:30:26Z">
          <reporter-output>
          </reporter-output>
        </test-method> <!-- firstAdd -->
        <test-method status="PASS" signature="isLoadedIntoMemory()[pri:0, instance:com.distrimind.ood.tests.HSQLDBTestDatabase@ea1a8d5]" test-instance-name="" name="isLoadedIntoMemory" duration-ms="0" started-at="2016-03-04T10:30:26Z" depends-on-methods="com.distrimind.ood.tests.HSQLDBTestDatabase.firstLoad" finished-at="2016-03-04T10:30:26Z">
          <reporter-output>
          </reporter-output>
        </test-method> <!-- isLoadedIntoMemory -->
        <test-method status="PASS" signature="firstTestSize()[pri:0, instance:com.distrimind.ood.tests.HSQLDBTestDatabase@ea1a8d5]" test-instance-name="" name="firstTestSize" duration-ms="1" started-at="2016-03-04T10:30:26Z" depends-on-methods="com.distrimind.ood.tests.HSQLDBTestDatabase.firstAdd" finished-at="2016-03-04T10:30:26Z">
          <reporter-output>
          </reporter-output>
        </test-method> <!-- firstTestSize -->
        <test-method status="PASS" signature="firstReload()[pri:0, instance:com.distrimind.ood.tests.HSQLDBTestDatabase@ea1a8d5]" test-instance-name="" name="firstReload" duration-ms="819" started-at="2016-03-04T10:30:26Z" depends-on-methods="com.distrimind.ood.tests.HSQLDBTestDatabase.firstTestSize" finished-at="2016-03-04T10:30:27Z">
          <reporter-output>
          </reporter-output>
        </test-method> <!-- firstReload -->
        <test-method status="PASS" signature="secondTestSize()[pri:0, instance:com.distrimind.ood.tests.HSQLDBTestDatabase@ea1a8d5]" test-instance-name="" name="secondTestSize" duration-ms="3" started-at="2016-03-04T10:30:27Z" depends-on-methods="com.distrimind.ood.tests.HSQLDBTestDatabase.firstReload" finished-at="2016-03-04T10:30:27Z">
          <reporter-output>
          </reporter-output>
        </test-method> <!-- secondTestSize -->
        <test-method status="PASS" signature="testFirstAdd()[pri:0, instance:com.distrimind.ood.tests.HSQLDBTestDatabase@ea1a8d5]" test-instance-name="" name="testFirstAdd" duration-ms="2" started-at="2016-03-04T10:30:27Z" depends-on-methods="com.distrimind.ood.tests.HSQLDBTestDatabase.firstReload" finished-at="2016-03-04T10:30:27Z">
          <reporter-output>
          </reporter-output>
        </test-method> <!-- testFirstAdd -->
        <test-method status="PASS" signature="alterRecord()[pri:0, instance:com.distrimind.ood.tests.HSQLDBTestDatabase@ea1a8d5]" test-instance-name="" name="alterRecord" duration-ms="7" started-at="2016-03-04T10:30:27Z" depends-on-methods="com.distrimind.ood.tests.HSQLDBTestDatabase.testFirstAdd" finished-at="2016-03-04T10:30:27Z">
          <reporter-output>
          </reporter-output>
        </test-method> <!-- alterRecord -->
        <test-method status="PASS" signature="addSecondRecord()[pri:0, instance:com.distrimind.ood.tests.HSQLDBTestDatabase@ea1a8d5]" test-instance-name="" name="addSecondRecord" duration-ms="200" started-at="2016-03-04T10:30:27Z" depends-on-methods="com.distrimind.ood.tests.HSQLDBTestDatabase.alterRecord" finished-at="2016-03-04T10:30:27Z">
          <reporter-output>
          </reporter-output>
        </test-method> <!-- addSecondRecord -->
        <test-method status="PASS" signature="getRecord()[pri:0, instance:com.distrimind.ood.tests.HSQLDBTestDatabase@ea1a8d5]" test-instance-name="" name="getRecord" duration-ms="11" started-at="2016-03-04T10:30:27Z" depends-on-methods="com.distrimind.ood.tests.HSQLDBTestDatabase.addSecondRecord" finished-at="2016-03-04T10:30:27Z">
          <reporter-output>
          </reporter-output>
        </test-method> <!-- getRecord -->
        <test-method status="PASS" signature="getRecordFilter()[pri:0, instance:com.distrimind.ood.tests.HSQLDBTestDatabase@ea1a8d5]" test-instance-name="" name="getRecordFilter" duration-ms="58" started-at="2016-03-04T10:30:27Z" depends-on-methods="com.distrimind.ood.tests.HSQLDBTestDatabase.addSecondRecord" finished-at="2016-03-04T10:30:27Z">
          <reporter-output>
          </reporter-output>
        </test-method> <!-- getRecordFilter -->
        <test-method status="PASS" signature="getRecordIterator()[pri:0, instance:com.distrimind.ood.tests.HSQLDBTestDatabase@ea1a8d5]" test-instance-name="" name="getRecordIterator" duration-ms="7" started-at="2016-03-04T10:30:27Z" depends-on-methods="com.distrimind.ood.tests.HSQLDBTestDatabase.getRecord" finished-at="2016-03-04T10:30:27Z">
          <reporter-output>
          </reporter-output>
        </test-method> <!-- getRecordIterator -->
        <test-method status="PASS" signature="removeRecord()[pri:0, instance:com.distrimind.ood.tests.HSQLDBTestDatabase@ea1a8d5]" test-instance-name="" name="removeRecord" duration-ms="6" started-at="2016-03-04T10:30:27Z" depends-on-methods="com.distrimind.ood.tests.HSQLDBTestDatabase.getRecordFilter, com.distrimind.ood.tests.HSQLDBTestDatabase.alterRecord, com.distrimind.ood.tests.HSQLDBTestDatabase.getRecordIterator" finished-at="2016-03-04T10:30:27Z">
          <reporter-output>
          </reporter-output>
        </test-method> <!-- removeRecord -->
        <test-method status="PASS" signature="testArrayRecordParameters()[pri:0, instance:com.distrimind.ood.tests.HSQLDBTestDatabase@ea1a8d5]" test-instance-name="" name="testArrayRecordParameters" duration-ms="212" started-at="2016-03-04T10:30:27Z" depends-on-methods="com.distrimind.ood.tests.HSQLDBTestDatabase.removeRecord" finished-at="2016-03-04T10:30:27Z">
          <reporter-output>
          </reporter-output>
        </test-method> <!-- testArrayRecordParameters -->
        <test-method status="PASS" signature="removeRecords()[pri:0, instance:com.distrimind.ood.tests.HSQLDBTestDatabase@ea1a8d5]" test-instance-name="" name="removeRecords" duration-ms="12050" started-at="2016-03-04T10:30:27Z" depends-on-methods="com.distrimind.ood.tests.HSQLDBTestDatabase.testArrayRecordParameters" finished-at="2016-03-04T10:30:39Z">
          <reporter-output>
          </reporter-output>
        </test-method> <!-- removeRecords -->
        <test-method status="PASS" signature="testFilters()[pri:0, instance:com.distrimind.ood.tests.HSQLDBTestDatabase@ea1a8d5]" test-instance-name="" name="testFilters" duration-ms="38" started-at="2016-03-04T10:30:39Z" depends-on-methods="com.distrimind.ood.tests.HSQLDBTestDatabase.removeRecords" finished-at="2016-03-04T10:30:39Z">
          <reporter-output>
          </reporter-output>
        </test-method> <!-- testFilters -->
        <test-method status="PASS" signature="testRemoveFilters()[pri:0, instance:com.distrimind.ood.tests.HSQLDBTestDatabase@ea1a8d5]" test-instance-name="" name="testRemoveFilters" duration-ms="2" started-at="2016-03-04T10:30:39Z" depends-on-methods="com.distrimind.ood.tests.HSQLDBTestDatabase.testFilters" finished-at="2016-03-04T10:30:39Z">
          <reporter-output>
          </reporter-output>
        </test-method> <!-- testRemoveFilters -->
        <test-method status="PASS" signature="addForeignKeyAndTestUniqueKeys()[pri:0, instance:com.distrimind.ood.tests.HSQLDBTestDatabase@ea1a8d5]" test-instance-name="" name="addForeignKeyAndTestUniqueKeys" duration-ms="529" started-at="2016-03-04T10:30:39Z" depends-on-methods="com.distrimind.ood.tests.HSQLDBTestDatabase.testRemoveFilters" finished-at="2016-03-04T10:30:40Z">
          <reporter-output>
          </reporter-output>
        </test-method> <!-- addForeignKeyAndTestUniqueKeys -->
        <test-method status="PASS" signature="alterRecordWithCascade()[pri:0, instance:com.distrimind.ood.tests.HSQLDBTestDatabase@ea1a8d5]" test-instance-name="" name="alterRecordWithCascade" duration-ms="31" started-at="2016-03-04T10:30:40Z" depends-on-methods="com.distrimind.ood.tests.HSQLDBTestDatabase.addForeignKeyAndTestUniqueKeys" finished-at="2016-03-04T10:30:40Z">
          <reporter-output>
          </reporter-output>
        </test-method> <!-- alterRecordWithCascade -->
        <test-method status="PASS" signature="removePointedRecords()[pri:0, instance:com.distrimind.ood.tests.HSQLDBTestDatabase@ea1a8d5]" test-instance-name="" name="removePointedRecords" duration-ms="14" started-at="2016-03-04T10:30:40Z" depends-on-methods="com.distrimind.ood.tests.HSQLDBTestDatabase.alterRecordWithCascade" finished-at="2016-03-04T10:30:40Z">
          <reporter-output>
          </reporter-output>
        </test-method> <!-- removePointedRecords -->
        <test-method status="PASS" signature="removeForeignKeyRecords()[pri:0, instance:com.distrimind.ood.tests.HSQLDBTestDatabase@ea1a8d5]" test-instance-name="" name="removeForeignKeyRecords" duration-ms="14" started-at="2016-03-04T10:30:40Z" depends-on-methods="com.distrimind.ood.tests.HSQLDBTestDatabase.removePointedRecords" finished-at="2016-03-04T10:30:40Z">
          <reporter-output>
          </reporter-output>
        </test-method> <!-- removeForeignKeyRecords -->
        <test-method status="PASS" signature="testIsPointed()[pri:0, instance:com.distrimind.ood.tests.HSQLDBTestDatabase@ea1a8d5]" test-instance-name="" name="testIsPointed" duration-ms="4" started-at="2016-03-04T10:30:40Z" depends-on-methods="com.distrimind.ood.tests.HSQLDBTestDatabase.removeForeignKeyRecords" finished-at="2016-03-04T10:30:40Z">
          <reporter-output>
          </reporter-output>
        </test-method> <!-- testIsPointed -->
        <test-method status="PASS" signature="removeWithCascade()[pri:0, instance:com.distrimind.ood.tests.HSQLDBTestDatabase@ea1a8d5]" test-instance-name="" name="removeWithCascade" duration-ms="3744" started-at="2016-03-04T10:30:40Z" depends-on-methods="com.distrimind.ood.tests.HSQLDBTestDatabase.testIsPointed" finished-at="2016-03-04T10:30:44Z">
          <reporter-output>
          </reporter-output>
        </test-method> <!-- removeWithCascade -->
        <test-method status="PASS" signature="setAutoRandomFields()[pri:0, instance:com.distrimind.ood.tests.HSQLDBTestDatabase@ea1a8d5]" test-instance-name="" name="setAutoRandomFields" duration-ms="4467" started-at="2016-03-04T10:30:44Z" depends-on-methods="com.distrimind.ood.tests.HSQLDBTestDatabase.removeWithCascade" finished-at="2016-03-04T10:30:48Z">
          <reporter-output>
          </reporter-output>
        </test-method> <!-- setAutoRandomFields -->
        <test-method status="PASS" signature="prepareMultipleTest()[pri:0, instance:com.distrimind.ood.tests.HSQLDBTestDatabase@ea1a8d5]" test-instance-name="" name="prepareMultipleTest" duration-ms="2392" started-at="2016-03-04T10:30:48Z" depends-on-methods="com.distrimind.ood.tests.HSQLDBTestDatabase.setAutoRandomFields" finished-at="2016-03-04T10:30:50Z">
          <reporter-output>
          </reporter-output>
        </test-method> <!-- prepareMultipleTest -->
        <test-method status="PASS" signature="multipleTests()[pri:0, instance:com.distrimind.ood.tests.HSQLDBTestDatabase@ea1a8d5]" test-instance-name="" name="multipleTests" duration-ms="67832" started-at="2016-03-04T10:30:50Z" depends-on-methods="com.distrimind.ood.tests.HSQLDBTestDatabase.prepareMultipleTest" finished-at="2016-03-04T10:31:58Z">
          <reporter-output>
          </reporter-output>
        </test-method> <!-- multipleTests -->
        <test-method status="PASS" signature="testThreadSafe()[pri:0, instance:com.distrimind.ood.tests.HSQLDBTestDatabase@ea1a8d5]" name="testThreadSafe" duration-ms="981098" started-at="2016-03-04T10:31:58Z" depends-on-methods="com.distrimind.ood.tests.HSQLDBTestDatabase.multipleTests" finished-at="2016-03-04T10:48:19Z">
          <reporter-output>
          </reporter-output>
        </test-method> <!-- testThreadSafe -->
        <test-method status="PASS" signature="testThreadSafe()[pri:0, instance:com.distrimind.ood.tests.HSQLDBTestDatabase@ea1a8d5]" name="testThreadSafe" duration-ms="980458" started-at="2016-03-04T10:31:58Z" depends-on-methods="com.distrimind.ood.tests.HSQLDBTestDatabase.multipleTests" finished-at="2016-03-04T10:48:19Z">
          <reporter-output>
          </reporter-output>
        </test-method> <!-- testThreadSafe -->
        <test-method status="PASS" signature="testThreadSafe()[pri:0, instance:com.distrimind.ood.tests.HSQLDBTestDatabase@ea1a8d5]" name="testThreadSafe" duration-ms="972885" started-at="2016-03-04T10:31:58Z" depends-on-methods="com.distrimind.ood.tests.HSQLDBTestDatabase.multipleTests" finished-at="2016-03-04T10:48:11Z">
          <reporter-output>
          </reporter-output>
        </test-method> <!-- testThreadSafe -->
        <test-method status="PASS" signature="testThreadSafe()[pri:0, instance:com.distrimind.ood.tests.HSQLDBTestDatabase@ea1a8d5]" name="testThreadSafe" duration-ms="960917" started-at="2016-03-04T10:31:58Z" depends-on-methods="com.distrimind.ood.tests.HSQLDBTestDatabase.multipleTests" finished-at="2016-03-04T10:47:59Z">
          <reporter-output>
          </reporter-output>
        </test-method> <!-- testThreadSafe -->
        <test-method status="PASS" signature="testThreadSafe()[pri:0, instance:com.distrimind.ood.tests.HSQLDBTestDatabase@ea1a8d5]" name="testThreadSafe" duration-ms="981683" started-at="2016-03-04T10:31:58Z" depends-on-methods="com.distrimind.ood.tests.HSQLDBTestDatabase.multipleTests" finished-at="2016-03-04T10:48:20Z">
          <reporter-output>
          </reporter-output>
        </test-method> <!-- testThreadSafe -->
        <test-method status="PASS" signature="testCheckPoint()[pri:0, instance:com.distrimind.ood.tests.HSQLDBTestDatabase@ea1a8d5]" test-instance-name="" name="testCheckPoint" duration-ms="931" started-at="2016-03-04T10:48:20Z" depends-on-methods="com.distrimind.ood.tests.HSQLDBTestDatabase.testThreadSafe" finished-at="2016-03-04T10:48:21Z">
          <reporter-output>
          </reporter-output>
        </test-method> <!-- testCheckPoint -->
        <test-method status="PASS" signature="unloadDatabase()[pri:0, instance:com.distrimind.ood.tests.HSQLDBTestDatabase@ea1a8d5]" test-instance-name="" name="unloadDatabase" is-config="true" duration-ms="271" started-at="2016-03-04T10:48:21Z" finished-at="2016-03-04T10:48:21Z">
          <reporter-output>
          </reporter-output>
        </test-method> <!-- unloadDatabase -->
      </class> <!-- com.distrimind.ood.tests.HSQLDBTestDatabase -->
    </test> <!-- testHDQLDB -->
  </suite> <!-- TestAll -->
</testng-results>
