<?xml version="1.0" encoding="UTF-8"?>
<!-- Generated by org.testng.reporters.JUnitReportReporter -->
<testsuite hostname="choupchoup" name="com.distrimind.util.tests.DecentralizedIDTests" tests="4002" failures="0" timestamp="23 Aug 2016 12:32:38 GMT" time="7.917" errors="0">
  <testcase name="testNotEquals" time="0.000" classname="com.distrimind.util.tests.DecentralizedIDTests"/>
  <testcase name="testToBytes" time="0.001" classname="com.distrimind.util.tests.DecentralizedIDTests"/>
  <testcase name="testToBytes" time="0.000" classname="com.distrimind.util.tests.DecentralizedIDTests"/>
  <testcase name="testNotEquals" time="0.001" classname="com.distrimind.util.tests.DecentralizedIDTests"/>
  <testcase name="testNotEquals" time="0.000" classname="com.distrimind.util.tests.DecentralizedIDTests"/>
  <testcase name="testNotEquals" time="0.000" classname="com.distrimind.util.tests.DecentralizedIDTests"/>
  <testcase name="testToBytes" time="0.000" classname="com.distrimind.util.tests.DecentralizedIDTests"/>
  <testcase name="testToBytes" time="0.022" classname="com.distrimind.util.tests.DecentralizedIDTests"/>
  <testcase name="testNotEquals" time="0.000" classname="com.distrimind.util.tests.DecentralizedIDTests"/>
  <testcase name="testNotEquals" time="0.001" classname="com.distrimind.util.tests.DecentralizedIDTests"/>
  <testcase name="testToBytes" time="0.000" classname="com.distrimind.util.tests.DecentralizedIDTests"/>
  <testcase name="testNotEquals" time="0.000" classname="com.distrimind.util.tests.DecentralizedIDTests"/>
  <testcase name="testNotEquals" time="0.000" classname="com.distrimind.util.tests.DecentralizedIDTests"/>
  <testcase name="testToBytes" time="0.000" classname="com.distrimind.util.tests.DecentralizedIDTests"/>
  <testcase name="testNotEquals" time="0.000" classname="com.distrimind.util.tests.DecentralizedIDTests"/>
  <testcase name="testNotEquals" time="0.007" classname="com.distrimind.util.tests.DecentralizedIDTests"/>
  <testcase name="testToBytes" time="0.000" classname="com.distrimind.util.tests.DecentralizedIDTests"/>
  <testcase name="testToBytes" time="0.000" classname="com.distrimind.util.tests.DecentralizedIDTests"/>
  <testcase name="testToBytes" time="0.000" classname="com.distrimind.util.tests.DecentralizedIDTests"/>
  <testcase name="testToBytes" time="0.000" classname="com.distrimind.util.tests.DecentralizedIDTests"/>
  <testcase name="testNotEquals" time="0.000" classname="com.distrimind.util.tests.DecentralizedIDTests"/>
  <testcase name="testToBytes" time="0.003" classname="com.distrimind.util.tests.DecentralizedIDTests"/>
  <testcase name="testToBytes" time="0.001" classname="com.distrimind.util.tests.DecentralizedIDTests"/>
  <testcase name="testNotEquals" time="0.000" classname="com.distrimind.util.tests.DecentralizedIDTests"/>
  <testcase name="testNotEquals" time="0.002" classname="com.distrimind.util.tests.DecentralizedIDTests"/>
  <testcase name="testToBytes" time="0.000" classname="com.distrimind.util.tests.DecentralizedIDTests"/>
  <testcase name="testToBytes" time="0.000" classname="com.distrimind.util.tests.DecentralizedIDTests"/>
  <testcase name="testNotEquals" time="0.000" classname="com.distrimind.util.tests.DecentralizedIDTests"/>
  <testcase name="testNotEquals" time="0.000" classname="com.distrimind.util.tests.DecentralizedIDTests"/>
  <testcase name="testNotEquals" time="0.000" classname="com.distrimind.util.tests.DecentralizedIDTests"/>
  <testcase name="testNotEquals" time="0.000" classname="com.distrimind.util.tests.DecentralizedIDTests"/>
  <testcase name="testNotEquals" time="0.003" classname="com.distrimind.util.tests.DecentralizedIDTests"/>
  <testcase name="testToBytes" time="0.000" classname="com.distrimind.util.tests.DecentralizedIDTests"/>
  <testcase name="testNotEquals" time="0.000" classname="com.distrimind.util.tests.DecentralizedIDTests"/>
  <testcase name="testNotEquals" time="0.000" classname="com.distrimind.util.tests.DecentralizedIDTests"/>
  <testcase name="testToBytes" time="0.000" classname="com.distrimind.util.tests.DecentralizedIDTests"/>
  <testcase name="testNotEquals" time="0.001" classname="com.distrimind.util.tests.DecentralizedIDTests"/>
  <testcase name="testNotEquals" time="0.000" classname="com.distrimind.util.tests.DecentralizedIDTests"/>
  <testcase name="testToBytes" time="0.031" classname="com.distrimind.util.tests.DecentralizedIDTests"/>
  <testcase name="testToBytes" time="0.003" classname="com.distrimind.util.tests.DecentralizedIDTests"/>
  <testcase name="testNotEquals" time="0.000" classname="com.distrimind.util.tests.DecentralizedIDTests"/>
  <testcase name="testToBytes" time="0.000" classname="com.distrimind.util.tests.DecentralizedIDTests"/>
  <testcase name="testNotEquals" time="0.001" classname="com.distrimind.util.tests.DecentralizedIDTests"/>
  <testcase name="testNotEquals" time="0.000" classname="com.distrimind.util.tests.DecentralizedIDTests"/>
  <testcase name="testToBytes" time="0.000" classname="com.distrimind.util.tests.DecentralizedIDTests"/>
  <testcase name="testNotEquals" time="0.000" classname="com.distrimind.util.tests.DecentralizedIDTests"/>
  <testcase name="testNotEquals" time="0.000" classname="com.distrimind.util.tests.DecentralizedIDTests"/>
  <testcase name="testToBytes" time="0.001" classname="com.distrimind.util.tests.DecentralizedIDTests"/>
  <testcase name="testToBytes" time="0.000" classname="com.distrimind.util.tests.DecentralizedIDTests"/>
  <testcase name="testToBytes" time="0.000" classname="com.distrimind.util.tests.DecentralizedIDTests"/>
  <testcase name="testNotEquals" time="0.000" classname="com.distrimind.util.tests.DecentralizedIDTests"/>
  <testcase name="testNotEquals" time="0.000" classname="com.distrimind.util.tests.DecentralizedIDTests"/>
  <testcase name="testToBytes" time="0.000" classname="com.distrimind.util.tests.DecentralizedIDTests"/>
  <testcase name="testNotEquals" time="0.000" classname="com.distrimind.util.tests.DecentralizedIDTests"/>
  <testcase name="testToBytes" time="0.000" classname="com.distrimind.util.tests.DecentralizedIDTests"/>
  <testcase name="testToBytes" time="0.000" classname="com.distrimind.util.tests.DecentralizedIDTests"/>
  <testcase name="testNotEquals" time="0.000" classname="com.distrimind.util.tests.DecentralizedIDTests"/>
  <testcase name="testNotEquals" time="0.001" classname="com.distrimind.util.tests.DecentralizedIDTests"/>
  <testcase name="testNotEquals" time="0.000" classname="com.distrimind.util.tests.DecentralizedIDTests"/>
  <testcase name="testToBytes" time="0.000" classname="com.distrimind.util.tests.DecentralizedIDTests"/>
  <testcase name="testToBytes" time="0.000" classname="com.distrimind.util.tests.DecentralizedIDTests"/>
  <testcase name="testNotEquals" time="0.000" classname="com.distrimind.util.tests.DecentralizedIDTests"/>
  <testcase name="testToBytes" time="0.000" classname="com.distrimind.util.tests.DecentralizedIDTests"/>
  <testcase name="testToBytes" time="0.000" classname="com.distrimind.util.tests.DecentralizedIDTests"/>
  <testcase name="testToBytes" time="0.000" classname="com.distrimind.util.tests.DecentralizedIDTests"/>
  <testcase name="testNotEquals" time="0.001" classname="com.distrimind.util.tests.DecentralizedIDTests"/>
  <testcase name="testToBytes" time="0.001" classname="com.distrimind.util.tests.DecentralizedIDTests"/>
  <testcase name="testNotEquals" time="0.000" classname="com.distrimind.util.tests.DecentralizedIDTests"/>
  <testcase name="testNotEquals" time="0.000" classname="com.distrimind.util.tests.DecentralizedIDTests"/>
  <testcase name="testToBytes" time="0.000" classname="com.distrimind.util.tests.DecentralizedIDTests"/>
  <testcase name="testToBytes" time="0.000" classname="com.distrimind.util.tests.DecentralizedIDTests"/>
  <testcase name="testToBytes" time="0.000" classname="com.distrimind.util.tests.DecentralizedIDTests"/>
  <testcase name="testToBytes" time="0.000" classname="com.distrimind.util.tests.DecentralizedIDTests"/>
  <testcase name="testNotEquals" time="0.000" classname="com.distrimind.util.tests.DecentralizedIDTests"/>
  <testcase name="testToBytes" time="0.000" classname="com.distrimind.util.tests.DecentralizedIDTests"/>
  <testcase name="testToBytes" time="0.000" classname="com.distrimind.util.tests.DecentralizedIDTests"/>
  <testcase name="testToBytes" time="0.000" classname="com.distrimind.util.tests.DecentralizedIDTests"/>
  <testcase name="testToBytes" time="0.000" classname="com.distrimind.util.tests.DecentralizedIDTests"/>
  <testcase name="testNotEquals" time="0.000" classname="com.distrimind.util.tests.DecentralizedIDTests"/>
  <testcase name="testNotEquals" time="0.000" classname="com.distrimind.util.tests.DecentralizedIDTests"/>
  <testcase name="testNotEquals" time="0.000" classname="com.distrimind.util.tests.DecentralizedIDTests"/>
  <testcase name="testToBytes" time="0.000" classname="com.distrimind.util.tests.DecentralizedIDTests"/>
  <testcase name="testNotEquals" time="0.004" classname="com.distrimind.util.tests.DecentralizedIDTests"/>
  <testcase name="testToBytes" time="0.001" classname="com.distrimind.util.tests.DecentralizedIDTests"/>
  <testcase name="testNotEquals" time="0.021" classname="com.distrimind.util.tests.DecentralizedIDTests"/>
  <testcase name="testNotEquals" time="0.000" classname="com.distrimind.util.tests.DecentralizedIDTests"/>
  <testcase name="testNotEquals" time="0.001" classname="com.distrimind.util.tests.DecentralizedIDTests"/>
  <testcase name="testToBytes" time="0.000" classname="com.distrimind.util.tests.DecentralizedIDTests"/>
  <testcase name="testToBytes" time="0.000" classname="com.distrimind.util.tests.DecentralizedIDTests"/>
  <testcase name="testToBytes" time="0.009" classname="com.distrimind.util.tests.DecentralizedIDTests"/>
  <testcase name="testToBytes" time="0.000" classname="com.distrimind.util.tests.DecentralizedIDTests"/>
  <testcase name="testToBytes" time="0.000" classname="com.distrimind.util.tests.DecentralizedIDTests"/>
  <testcase name="testNotEquals" time="0.001" classname="com.distrimind.util.tests.DecentralizedIDTests"/>
  <testcase name="testToBytes" time="0.000" classname="com.distrimind.util.tests.DecentralizedIDTests"/>
  <testcase name="testToBytes" time="0.000" classname="com.distrimind.util.tests.DecentralizedIDTests"/>
  <testcase name="testNotEquals" time="0.000" classname="com.distrimind.util.tests.DecentralizedIDTests"/>
  <testcase name="testToBytes" time="0.000" classname="com.distrimind.util.tests.DecentralizedIDTests"/>
  <testcase name="testToBytes" time="0.000" classname="com.distrimind.util.tests.DecentralizedIDTests"/>
  <testcase name="testNotEquals" time="0.000" classname="com.distrimind.util.tests.DecentralizedIDTests"/>
  <testcase name="testNotEquals" time="0.000" classname="com.distrimind.util.tests.DecentralizedIDTests"/>
  <testcase name="testNotEquals" time="0.000" classname="com.distrimind.util.tests.DecentralizedIDTests"/>
  <testcase name="testNotEquals" time="0.000" classname="com.distrimind.util.tests.DecentralizedIDTests"/>
  <testcase name="testNotEquals" time="0.000" classname="com.distrimind.util.tests.DecentralizedIDTests"/>
  <testcase name="testNotEquals" time="0.001" classname="com.distrimind.util.tests.DecentralizedIDTests"/>
  <testcase name="testNotEquals" time="0.000" classname="com.distrimind.util.tests.DecentralizedIDTests"/>
  <testcase name="testToBytes" time="0.002" classname="com.distrimind.util.tests.DecentralizedIDTests"/>
  <testcase name="testToBytes" time="0.000" classname="com.distrimind.util.tests.DecentralizedIDTests"/>
  <testcase name="testToBytes" time="0.000" classname="com.distrimind.util.tests.DecentralizedIDTests"/>
  <testcase name="testToBytes" time="0.000" classname="com.distrimind.util.tests.DecentralizedIDTests"/>
  <testcase name="testNotEquals" time="0.000" classname="com.distrimind.util.tests.DecentralizedIDTests"/>
  <testcase name="testToBytes" time="0.000" classname="com.distrimind.util.tests.DecentralizedIDTests"/>
  <testcase name="testToBytes" time="0.000" classname="com.distrimind.util.tests.DecentralizedIDTests"/>
  <testcase name="testToBytes" time="0.000" classname="com.distrimind.util.tests.DecentralizedIDTests"/>
  <testcase name="testNotEquals" time="0.000" classname="com.distrimind.util.tests.DecentralizedIDTests"/>
  <testcase name="testNotEquals" time="0.002" classname="com.distrimind.util.tests.DecentralizedIDTests"/>
  <testcase name="testNotEquals" time="0.001" classname="com.distrimind.util.tests.DecentralizedIDTests"/>
  <testcase name="testNotEquals" time="0.000" classname="com.distrimind.util.tests.DecentralizedIDTests"/>
  <testcase name="testNotEquals" time="0.000" classname="com.distrimind.util.tests.DecentralizedIDTests"/>
  <testcase name="testToBytes" time="0.008" classname="com.distrimind.util.tests.DecentralizedIDTests"/>
  <testcase name="testNotEquals" time="0.000" classname="com.distrimind.util.tests.DecentralizedIDTests"/>
  <testcase name="testNotEquals" time="0.001" classname="com.distrimind.util.tests.DecentralizedIDTests"/>
  <testcase name="testToBytes" time="0.000" classname="com.distrimind.util.tests.DecentralizedIDTests"/>
  <testcase name="testToBytes" time="0.000" classname="com.distrimind.util.tests.DecentralizedIDTests"/>
  <testcase name="testNotEquals" time="0.000" classname="com.distrimind.util.tests.DecentralizedIDTests"/>
  <testcase name="testToBytes" time="0.000" classname="com.distrimind.util.tests.DecentralizedIDTests"/>
  <testcase name="testToBytes" time="0.000" classname="com.distrimind.util.tests.DecentralizedIDTests"/>
  <testcase name="testNotEquals" time="0.001" classname="com.distrimind.util.tests.DecentralizedIDTests"/>
  <testcase name="testToBytes" time="0.000" classname="com.distrimind.util.tests.DecentralizedIDTests"/>
  <testcase name="testNotEquals" time="0.000" classname="com.distrimind.util.tests.DecentralizedIDTests"/>
  <testcase name="testNotEquals" time="0.000" classname="com.distrimind.util.tests.DecentralizedIDTests"/>
  <testcase name="testNotEquals" time="0.000" classname="com.distrimind.util.tests.DecentralizedIDTests"/>
  <testcase name="testNotEquals" time="0.005" classname="com.distrimind.util.tests.DecentralizedIDTests"/>
  <testcase name="testToBytes" time="0.000" classname="com.distrimind.util.tests.DecentralizedIDTests"/>
  <testcase name="testToBytes" time="0.030" classname="com.distrimind.util.tests.DecentralizedIDTests"/>
  <testcase name="testToBytes" time="0.000" classname="com.distrimind.util.tests.DecentralizedIDTests"/>
  <testcase name="testNotEquals" time="0.007" classname="com.distrimind.util.tests.DecentralizedIDTests"/>
  <testcase name="testToBytes" time="0.000" classname="com.distrimind.util.tests.DecentralizedIDTests"/>
  <testcase name="testToBytes" time="0.003" classname="com.distrimind.util.tests.DecentralizedIDTests"/>
  <testcase name="testNotEquals" time="0.000" classname="com.distrimind.util.tests.DecentralizedIDTests"/>
  <testcase name="testToBytes" time="0.000" classname="com.distrimind.util.tests.DecentralizedIDTests"/>
  <testcase name="testToBytes" time="0.000" classname="com.distrimind.util.tests.DecentralizedIDTests"/>
  <testcase name="testNotEquals" time="0.001" classname="com.distrimind.util.tests.DecentralizedIDTests"/>
  <testcase name="testNotEquals" time="0.001" classname="com.distrimind.util.tests.DecentralizedIDTests"/>
  <testcase name="testToBytes" time="0.001" classname="com.distrimind.util.tests.DecentralizedIDTests"/>
  <testcase name="testToBytes" time="0.000" classname="com.distrimind.util.tests.DecentralizedIDTests"/>
  <testcase name="testNotEquals" time="0.000" classname="com.distrimind.util.tests.DecentralizedIDTests"/>
  <testcase name="testNotEquals" time="0.000" classname="com.distrimind.util.tests.DecentralizedIDTests"/>
  <testcase name="testNotEquals" time="0.000" classname="com.distrimind.util.tests.DecentralizedIDTests"/>
  <testcase name="testNotEquals" time="0.000" classname="com.distrimind.util.tests.DecentralizedIDTests"/>
  <testcase name="testNotEquals" time="0.000" classname="com.distrimind.util.tests.DecentralizedIDTests"/>
  <testcase name="testNotEquals" time="0.000" classname="com.distrimind.util.tests.DecentralizedIDTests"/>
  <testcase name="testToBytes" time="0.000" classname="com.distrimind.util.tests.DecentralizedIDTests"/>
  <testcase name="testNotEquals" time="0.000" classname="com.distrimind.util.tests.DecentralizedIDTests"/>
  <testcase name="testNotEquals" time="0.000" classname="com.distrimind.util.tests.DecentralizedIDTests"/>
  <testcase name="testToBytes" time="0.000" classname="com.distrimind.util.tests.DecentralizedIDTests"/>
  <testcase name="testNotEquals" time="0.000" classname="com.distrimind.util.tests.DecentralizedIDTests"/>
  <testcase name="testToBytes" time="0.000" classname="com.distrimind.util.tests.DecentralizedIDTests"/>
  <testcase name="testNotEquals" time="0.000" classname="com.distrimind.util.tests.DecentralizedIDTests"/>
  <testcase name="testToBytes" time="0.000" classname="com.distrimind.util.tests.DecentralizedIDTests"/>
  <testcase name="testToBytes" time="0.000" classname="com.distrimind.util.tests.DecentralizedIDTests"/>
  <testcase name="testToBytes" time="0.000" classname="com.distrimind.util.tests.DecentralizedIDTests"/>
  <testcase name="testToBytes" time="0.000" classname="com.distrimind.util.tests.DecentralizedIDTests"/>
  <testcase name="testNotEquals" time="0.000" classname="com.distrimind.util.tests.DecentralizedIDTests"/>
  <testcase name="testNotEquals" time="0.001" classname="com.distrimind.util.tests.DecentralizedIDTests"/>
  <testcase name="testNotEquals" time="0.004" classname="com.distrimind.util.tests.DecentralizedIDTests"/>
  <testcase name="testToBytes" time="0.001" classname="com.distrimind.util.tests.DecentralizedIDTests"/>
  <testcase name="testToBytes" time="0.000" classname="com.distrimind.util.tests.DecentralizedIDTests"/>
  <testcase name="testToBytes" time="0.000" classname="com.distrimind.util.tests.DecentralizedIDTests"/>
  <testcase name="testNotEquals" time="0.000" classname="com.distrimind.util.tests.DecentralizedIDTests"/>
  <testcase name="testNotEquals" time="0.000" classname="com.distrimind.util.tests.DecentralizedIDTests"/>
  <testcase name="testNotEquals" time="0.000" classname="com.distrimind.util.tests.DecentralizedIDTests"/>
  <testcase name="testToBytes" time="0.000" classname="com.distrimind.util.tests.DecentralizedIDTests"/>
  <testcase name="testToBytes" time="0.001" classname="com.distrimind.util.tests.DecentralizedIDTests"/>
  <testcase name="testNotEquals" time="0.000" classname="com.distrimind.util.tests.DecentralizedIDTests"/>
  <testcase name="testNotEquals" time="0.000" classname="com.distrimind.util.tests.DecentralizedIDTests"/>
  <testcase name="testToBytes" time="0.000" classname="com.distrimind.util.tests.DecentralizedIDTests"/>
  <testcase name="testNotEquals" time="0.000" classname="com.distrimind.util.tests.DecentralizedIDTests"/>
  <testcase name="testNotEquals" time="0.001" classname="com.distrimind.util.tests.DecentralizedIDTests"/>
  <testcase name="testNotEquals" time="0.000" classname="com.distrimind.util.tests.DecentralizedIDTests"/>
  <testcase name="testToBytes" time="0.000" classname="com.distrimind.util.tests.DecentralizedIDTests"/>
  <testcase name="testToBytes" time="0.000" classname="com.distrimind.util.tests.DecentralizedIDTests"/>
  <testcase name="testToBytes" time="0.000" classname="com.distrimind.util.tests.DecentralizedIDTests"/>
  <testcase name="testToBytes" time="0.000" classname="com.distrimind.util.tests.DecentralizedIDTests"/>
  <testcase name="testNotEquals" time="0.000" classname="com.distrimind.util.tests.DecentralizedIDTests"/>
  <testcase name="testToBytes" time="0.000" classname="com.distrimind.util.tests.DecentralizedIDTests"/>
  <testcase name="testNotEquals" time="0.000" classname="com.distrimind.util.tests.DecentralizedIDTests"/>
  <testcase name="testNotEquals" time="0.007" classname="com.distrimind.util.tests.DecentralizedIDTests"/>
  <testcase name="testToBytes" time="0.000" classname="com.distrimind.util.tests.DecentralizedIDTests"/>
  <testcase name="testNotEquals" time="0.000" classname="com.distrimind.util.tests.DecentralizedIDTests"/>
  <testcase name="testNotEquals" time="0.000" classname="com.distrimind.util.tests.DecentralizedIDTests"/>
  <testcase name="testToBytes" time="0.000" classname="com.distrimind.util.tests.DecentralizedIDTests"/>
  <testcase name="testToBytes" time="0.000" classname="com.distrimind.util.tests.DecentralizedIDTests"/>
  <testcase name="testNotEquals" time="0.000" classname="com.distrimind.util.tests.DecentralizedIDTests"/>
  <testcase name="testToBytes" time="0.000" classname="com.distrimind.util.tests.DecentralizedIDTests"/>
  <testcase name="testToBytes" time="0.000" classname="com.distrimind.util.tests.DecentralizedIDTests"/>
  <testcase name="testToBytes" time="0.000" classname="com.distrimind.util.tests.DecentralizedIDTests"/>
  <testcase name="testNotEquals" time="0.007" classname="com.distrimind.util.tests.DecentralizedIDTests"/>
  <testcase name="testNotEquals" time="0.000" classname="com.distrimind.util.tests.DecentralizedIDTests"/>
  <testcase name="testNotEquals" time="0.000" classname="com.distrimind.util.tests.DecentralizedIDTests"/>
  <testcase name="testNotEquals" time="0.000" classname="com.distrimind.util.tests.DecentralizedIDTests"/>
  <testcase name="testToBytes" time="0.000" classname="com.distrimind.util.tests.DecentralizedIDTests"/>
  <testcase name="testNotEquals" time="0.000" classname="com.distrimind.util.tests.DecentralizedIDTests"/>
  <testcase name="testToBytes" time="0.000" classname="com.distrimind.util.tests.DecentralizedIDTests"/>
  <testcase name="testNotEquals" time="0.002" classname="com.distrimind.util.tests.DecentralizedIDTests"/>
  <testcase name="testToBytes" time="0.000" classname="com.distrimind.util.tests.DecentralizedIDTests"/>
  <testcase name="testToBytes" time="0.000" classname="com.distrimind.util.tests.DecentralizedIDTests"/>
  <testcase name="testToBytes" time="0.000" classname="com.distrimind.util.tests.DecentralizedIDTests"/>
  <testcase name="testToBytes" time="0.000" classname="com.distrimind.util.tests.DecentralizedIDTests"/>
  <testcase name="testNotEquals" time="0.000" classname="com.distrimind.util.tests.DecentralizedIDTests"/>
  <testcase name="testToBytes" time="0.000" classname="com.distrimind.util.tests.DecentralizedIDTests"/>
  <testcase name="testNotEquals" time="0.001" classname="com.distrimind.util.tests.DecentralizedIDTests"/>
  <testcase name="testNotEquals" time="0.010" classname="com.distrimind.util.tests.DecentralizedIDTests"/>
  <testcase name="testToBytes" time="0.019" classname="com.distrimind.util.tests.DecentralizedIDTests"/>
  <testcase name="testToBytes" time="0.000" classname="com.distrimind.util.tests.DecentralizedIDTests"/>
  <testcase name="testToBytes" time="0.000" classname="com.distrimind.util.tests.DecentralizedIDTests"/>
  <testcase name="testNotEquals" time="0.000" classname="com.distrimind.util.tests.DecentralizedIDTests"/>
  <testcase name="testNotEquals" time="0.000" classname="com.distrimind.util.tests.DecentralizedIDTests"/>
  <testcase name="testNotEquals" time="0.000" classname="com.distrimind.util.tests.DecentralizedIDTests"/>
  <testcase name="testNotEquals" time="0.016" classname="com.distrimind.util.tests.DecentralizedIDTests"/>
  <testcase name="testToBytes" time="0.000" classname="com.distrimind.util.tests.DecentralizedIDTests"/>
  <testcase name="testNotEquals" time="0.000" classname="com.distrimind.util.tests.DecentralizedIDTests"/>
  <testcase name="testNotEquals" time="0.000" classname="com.distrimind.util.tests.DecentralizedIDTests"/>
  <testcase name="testToBytes" time="0.000" classname="com.distrimind.util.tests.DecentralizedIDTests"/>
  <testcase name="testToBytes" time="0.000" classname="com.distrimind.util.tests.DecentralizedIDTests"/>
  <testcase name="testNotEquals" time="0.001" classname="com.distrimind.util.tests.DecentralizedIDTests"/>
  <testcase name="testToBytes" time="0.000" classname="com.distrimind.util.tests.DecentralizedIDTests"/>
  <testcase name="testToBytes" time="0.000" classname="com.distrimind.util.tests.DecentralizedIDTests"/>
  <testcase name="testToBytes" time="0.000" classname="com.distrimind.util.tests.DecentralizedIDTests"/>
  <testcase name="testToBytes" time="0.000" classname="com.distrimind.util.tests.DecentralizedIDTests"/>
  <testcase name="testNotEquals" time="0.000" classname="com.distrimind.util.tests.DecentralizedIDTests"/>
  <testcase name="testNotEquals" time="0.000" classname="com.distrimind.util.tests.DecentralizedIDTests"/>
  <testcase name="testNotEquals" time="0.000" classname="com.distrimind.util.tests.DecentralizedIDTests"/>
  <testcase name="testNotEquals" time="0.011" classname="com.distrimind.util.tests.DecentralizedIDTests"/>
  <testcase name="testToBytes" time="0.000" classname="com.distrimind.util.tests.DecentralizedIDTests"/>
  <testcase name="testToBytes" time="0.000" classname="com.distrimind.util.tests.DecentralizedIDTests"/>
  <testcase name="testToBytes" time="0.000" classname="com.distrimind.util.tests.DecentralizedIDTests"/>
  <testcase name="testNotEquals" time="0.001" classname="com.distrimind.util.tests.DecentralizedIDTests"/>
  <testcase name="testToBytes" time="0.000" classname="com.distrimind.util.tests.DecentralizedIDTests"/>
  <testcase name="testToBytes" time="0.000" classname="com.distrimind.util.tests.DecentralizedIDTests"/>
  <testcase name="testNotEquals" time="0.001" classname="com.distrimind.util.tests.DecentralizedIDTests"/>
  <testcase name="testToBytes" time="0.000" classname="com.distrimind.util.tests.DecentralizedIDTests"/>
  <testcase name="testToBytes" time="0.000" classname="com.distrimind.util.tests.DecentralizedIDTests"/>
  <testcase name="testToBytes" time="0.000" classname="com.distrimind.util.tests.DecentralizedIDTests"/>
  <testcase name="testNotEquals" time="0.014" classname="com.distrimind.util.tests.DecentralizedIDTests"/>
  <testcase name="testNotEquals" time="0.000" classname="com.distrimind.util.tests.DecentralizedIDTests"/>
  <testcase name="testNotEquals" time="0.000" classname="com.distrimind.util.tests.DecentralizedIDTests"/>
  <testcase name="testToBytes" time="0.000" classname="com.distrimind.util.tests.DecentralizedIDTests"/>
  <testcase name="testNotEquals" time="0.000" classname="com.distrimind.util.tests.DecentralizedIDTests"/>
  <testcase name="testToBytes" time="0.002" classname="com.distrimind.util.tests.DecentralizedIDTests"/>
  <testcase name="testToBytes" time="0.000" classname="com.distrimind.util.tests.DecentralizedIDTests"/>
  <testcase name="testToBytes" time="0.000" classname="com.distrimind.util.tests.DecentralizedIDTests"/>
  <testcase name="testNotEquals" time="0.000" classname="com.distrimind.util.tests.DecentralizedIDTests"/>
  <testcase name="testToBytes" time="0.000" classname="com.distrimind.util.tests.DecentralizedIDTests"/>
  <testcase name="testNotEquals" time="0.000" classname="com.distrimind.util.tests.DecentralizedIDTests"/>
  <testcase name="testToBytes" time="0.000" classname="com.distrimind.util.tests.DecentralizedIDTests"/>
  <testcase name="testNotEquals" time="0.000" classname="com.distrimind.util.tests.DecentralizedIDTests"/>
  <testcase name="testNotEquals" time="0.000" classname="com.distrimind.util.tests.DecentralizedIDTests"/>
  <testcase name="testNotEquals" time="0.000" classname="com.distrimind.util.tests.DecentralizedIDTests"/>
  <testcase name="testNotEquals" time="0.000" classname="com.distrimind.util.tests.DecentralizedIDTests"/>
  <testcase name="testNotEquals" time="0.003" classname="com.distrimind.util.tests.DecentralizedIDTests"/>
  <testcase name="testToBytes" time="0.000" classname="com.distrimind.util.tests.DecentralizedIDTests"/>
  <testcase name="testNotEquals" time="0.000" classname="com.distrimind.util.tests.DecentralizedIDTests"/>
  <testcase name="testToBytes" time="0.000" classname="com.distrimind.util.tests.DecentralizedIDTests"/>
  <testcase name="testNotEquals" time="0.000" classname="com.distrimind.util.tests.DecentralizedIDTests"/>
  <testcase name="testToBytes" time="0.000" classname="com.distrimind.util.tests.DecentralizedIDTests"/>
  <testcase name="testNotEquals" time="0.000" classname="com.distrimind.util.tests.DecentralizedIDTests"/>
  <testcase name="testNotEquals" time="0.020" classname="com.distrimind.util.tests.DecentralizedIDTests"/>
  <testcase name="testNotEquals" time="0.000" classname="com.distrimind.util.tests.DecentralizedIDTests"/>
  <testcase name="testToBytes" time="0.000" classname="com.distrimind.util.tests.DecentralizedIDTests"/>
  <testcase name="testNotEquals" time="0.001" classname="com.distrimind.util.tests.DecentralizedIDTests"/>
  <testcase name="testToBytes" time="0.000" classname="com.distrimind.util.tests.DecentralizedIDTests"/>
  <testcase name="testToBytes" time="0.000" classname="com.distrimind.util.tests.DecentralizedIDTests"/>
  <testcase name="testNotEquals" time="0.001" classname="com.distrimind.util.tests.DecentralizedIDTests"/>
  <testcase name="testToBytes" time="0.000" classname="com.distrimind.util.tests.DecentralizedIDTests"/>
  <testcase name="testNotEquals" time="0.000" classname="com.distrimind.util.tests.DecentralizedIDTests"/>
  <testcase name="testToBytes" time="0.031" classname="com.distrimind.util.tests.DecentralizedIDTests"/>
  <testcase name="testNotEquals" time="0.001" classname="com.distrimind.util.tests.DecentralizedIDTests"/>
  <testcase name="testNotEquals" time="0.001" classname="com.distrimind.util.tests.DecentralizedIDTests"/>
  <testcase name="testNotEquals" time="0.000" classname="com.distrimind.util.tests.DecentralizedIDTests"/>
  <testcase name="testToBytes" time="0.000" classname="com.distrimind.util.tests.DecentralizedIDTests"/>
  <testcase name="testNotEquals" time="0.000" classname="com.distrimind.util.tests.DecentralizedIDTests"/>
  <testcase name="testToBytes" time="0.000" classname="com.distrimind.util.tests.DecentralizedIDTests"/>
  <testcase name="testNotEquals" time="0.007" classname="com.distrimind.util.tests.DecentralizedIDTests"/>
  <testcase name="testNotEquals" time="0.000" classname="com.distrimind.util.tests.DecentralizedIDTests"/>
  <testcase name="testToBytes" time="0.000" classname="com.distrimind.util.tests.DecentralizedIDTests"/>
  <testcase name="testNotEquals" time="0.000" classname="com.distrimind.util.tests.DecentralizedIDTests"/>
  <testcase name="testToBytes" time="0.000" classname="com.distrimind.util.tests.DecentralizedIDTests"/>
  <testcase name="testNotEquals" time="0.000" classname="com.distrimind.util.tests.DecentralizedIDTests"/>
  <testcase name="testToBytes" time="0.000" classname="com.distrimind.util.tests.DecentralizedIDTests"/>
  <testcase name="testNotEquals" time="0.001" classname="com.distrimind.util.tests.DecentralizedIDTests"/>
  <testcase name="testToBytes" time="0.000" classname="com.distrimind.util.tests.DecentralizedIDTests"/>
  <testcase name="testNotEquals" time="0.002" classname="com.distrimind.util.tests.DecentralizedIDTests"/>
  <testcase name="testNotEquals" time="0.000" classname="com.distrimind.util.tests.DecentralizedIDTests"/>
  <testcase name="testNotEquals" time="0.001" classname="com.distrimind.util.tests.DecentralizedIDTests"/>
  <testcase name="testToBytes" time="0.000" classname="com.distrimind.util.tests.DecentralizedIDTests"/>
  <testcase name="testToBytes" time="0.000" classname="com.distrimind.util.tests.DecentralizedIDTests"/>
  <testcase name="testToBytes" time="0.000" classname="com.distrimind.util.tests.DecentralizedIDTests"/>
  <testcase name="testToBytes" time="0.000" classname="com.distrimind.util.tests.DecentralizedIDTests"/>
  <testcase name="testNotEquals" time="0.000" classname="com.distrimind.util.tests.DecentralizedIDTests"/>
  <testcase name="testNotEquals" time="0.001" classname="com.distrimind.util.tests.DecentralizedIDTests"/>
  <testcase name="testNotEquals" time="0.000" classname="com.distrimind.util.tests.DecentralizedIDTests"/>
  <testcase name="testToBytes" time="0.000" classname="com.distrimind.util.tests.DecentralizedIDTests"/>
  <testcase name="testToBytes" time="0.000" classname="com.distrimind.util.tests.DecentralizedIDTests"/>
  <testcase name="testNotEquals" time="0.000" classname="com.distrimind.util.tests.DecentralizedIDTests"/>
  <testcase name="testToBytes" time="0.000" classname="com.distrimind.util.tests.DecentralizedIDTests"/>
  <testcase name="testNotEquals" time="0.000" classname="com.distrimind.util.tests.DecentralizedIDTests"/>
  <testcase name="testToBytes" time="0.000" classname="com.distrimind.util.tests.DecentralizedIDTests"/>
  <testcase name="testNotEquals" time="0.000" classname="com.distrimind.util.tests.DecentralizedIDTests"/>
  <testcase name="testNotEquals" time="0.000" classname="com.distrimind.util.tests.DecentralizedIDTests"/>
  <testcase name="testNotEquals" time="0.000" classname="com.distrimind.util.tests.DecentralizedIDTests"/>
  <testcase name="testNotEquals" time="0.000" classname="com.distrimind.util.tests.DecentralizedIDTests"/>
  <testcase name="testToBytes" time="0.000" classname="com.distrimind.util.tests.DecentralizedIDTests"/>
  <testcase name="testToBytes" time="0.016" classname="com.distrimind.util.tests.DecentralizedIDTests"/>
  <testcase name="testNotEquals" time="0.000" classname="com.distrimind.util.tests.DecentralizedIDTests"/>
  <testcase name="testNotEquals" time="0.000" classname="com.distrimind.util.tests.DecentralizedIDTests"/>
  <testcase name="testToBytes" time="0.000" classname="com.distrimind.util.tests.DecentralizedIDTests"/>
  <testcase name="testToBytes" time="0.000" classname="com.distrimind.util.tests.DecentralizedIDTests"/>
  <testcase name="testToBytes" time="0.000" classname="com.distrimind.util.tests.DecentralizedIDTests"/>
  <testcase name="testToBytes" time="0.000" classname="com.distrimind.util.tests.DecentralizedIDTests"/>
  <testcase name="testNotEquals" time="0.009" classname="com.distrimind.util.tests.DecentralizedIDTests"/>
  <testcase name="testToBytes" time="0.000" classname="com.distrimind.util.tests.DecentralizedIDTests"/>
  <testcase name="testNotEquals" time="0.001" classname="com.distrimind.util.tests.DecentralizedIDTests"/>
  <testcase name="testToBytes" time="0.000" classname="com.distrimind.util.tests.DecentralizedIDTests"/>
  <testcase name="testNotEquals" time="0.003" classname="com.distrimind.util.tests.DecentralizedIDTests"/>
  <testcase name="testToBytes" time="0.001" classname="com.distrimind.util.tests.DecentralizedIDTests"/>
  <testcase name="testToBytes" time="0.000" classname="com.distrimind.util.tests.DecentralizedIDTests"/>
  <testcase name="testNotEquals" time="0.020" classname="com.distrimind.util.tests.DecentralizedIDTests"/>
  <testcase name="testToBytes" time="0.000" classname="com.distrimind.util.tests.DecentralizedIDTests"/>
  <testcase name="testToBytes" time="0.000" classname="com.distrimind.util.tests.DecentralizedIDTests"/>
  <testcase name="testToBytes" time="0.022" classname="com.distrimind.util.tests.DecentralizedIDTests"/>
  <testcase name="testToBytes" time="0.000" classname="com.distrimind.util.tests.DecentralizedIDTests"/>
  <testcase name="testNotEquals" time="0.001" classname="com.distrimind.util.tests.DecentralizedIDTests"/>
  <testcase name="testNotEquals" time="0.000" classname="com.distrimind.util.tests.DecentralizedIDTests"/>
  <testcase name="testNotEquals" time="0.000" classname="com.distrimind.util.tests.DecentralizedIDTests"/>
  <testcase name="testNotEquals" time="0.002" classname="com.distrimind.util.tests.DecentralizedIDTests"/>
  <testcase name="testNotEquals" time="0.000" classname="com.distrimind.util.tests.DecentralizedIDTests"/>
  <testcase name="testNotEquals" time="0.000" classname="com.distrimind.util.tests.DecentralizedIDTests"/>
  <testcase name="testNotEquals" time="0.000" classname="com.distrimind.util.tests.DecentralizedIDTests"/>
  <testcase name="testToBytes" time="0.000" classname="com.distrimind.util.tests.DecentralizedIDTests"/>
  <testcase name="testToBytes" time="0.018" classname="com.distrimind.util.tests.DecentralizedIDTests"/>
  <testcase name="testToBytes" time="0.000" classname="com.distrimind.util.tests.DecentralizedIDTests"/>
  <testcase name="testToBytes" time="0.000" classname="com.distrimind.util.tests.DecentralizedIDTests"/>
  <testcase name="testToBytes" time="0.000" classname="com.distrimind.util.tests.DecentralizedIDTests"/>
  <testcase name="testToBytes" time="0.000" classname="com.distrimind.util.tests.DecentralizedIDTests"/>
  <testcase name="testToBytes" time="0.000" classname="com.distrimind.util.tests.DecentralizedIDTests"/>
  <testcase name="testNotEquals" time="0.000" classname="com.distrimind.util.tests.DecentralizedIDTests"/>
  <testcase name="testNotEquals" time="0.000" classname="com.distrimind.util.tests.DecentralizedIDTests"/>
  <testcase name="testToBytes" time="0.000" classname="com.distrimind.util.tests.DecentralizedIDTests"/>
  <testcase name="testToBytes" time="0.000" classname="com.distrimind.util.tests.DecentralizedIDTests"/>
  <testcase name="testNotEquals" time="0.000" classname="com.distrimind.util.tests.DecentralizedIDTests"/>
  <testcase name="testNotEquals" time="0.000" classname="com.distrimind.util.tests.DecentralizedIDTests"/>
  <testcase name="testToBytes" time="0.000" classname="com.distrimind.util.tests.DecentralizedIDTests"/>
  <testcase name="testToBytes" time="0.000" classname="com.distrimind.util.tests.DecentralizedIDTests"/>
  <testcase name="testNotEquals" time="0.000" classname="com.distrimind.util.tests.DecentralizedIDTests"/>
  <testcase name="testToBytes" time="0.003" classname="com.distrimind.util.tests.DecentralizedIDTests"/>
  <testcase name="testToBytes" time="0.000" classname="com.distrimind.util.tests.DecentralizedIDTests"/>
  <testcase name="testToBytes" time="0.000" classname="com.distrimind.util.tests.DecentralizedIDTests"/>
  <testcase name="testToBytes" time="0.000" classname="com.distrimind.util.tests.DecentralizedIDTests"/>
  <testcase name="testNotEquals" time="0.008" classname="com.distrimind.util.tests.DecentralizedIDTests"/>
  <testcase name="testNotEquals" time="0.000" classname="com.distrimind.util.tests.DecentralizedIDTests"/>
  <testcase name="testNotEquals" time="0.000" classname="com.distrimind.util.tests.DecentralizedIDTests"/>
  <testcase name="testNotEquals" time="0.002" classname="com.distrimind.util.tests.DecentralizedIDTests"/>
  <testcase name="testNotEquals" time="0.000" classname="com.distrimind.util.tests.DecentralizedIDTests"/>
  <testcase name="testNotEquals" time="0.000" classname="com.distrimind.util.tests.DecentralizedIDTests"/>
  <testcase name="testToBytes" time="0.000" classname="com.distrimind.util.tests.DecentralizedIDTests"/>
  <testcase name="testNotEquals" time="0.000" classname="com.distrimind.util.tests.DecentralizedIDTests"/>
  <testcase name="testToBytes" time="0.000" classname="com.distrimind.util.tests.DecentralizedIDTests"/>
  <testcase name="testNotEquals" time="0.000" classname="com.distrimind.util.tests.DecentralizedIDTests"/>
  <testcase name="testNotEquals" time="0.001" classname="com.distrimind.util.tests.DecentralizedIDTests"/>
  <testcase name="testToBytes" time="0.000" classname="com.distrimind.util.tests.DecentralizedIDTests"/>
  <testcase name="testToBytes" time="0.003" classname="com.distrimind.util.tests.DecentralizedIDTests"/>
  <testcase name="testToBytes" time="0.000" classname="com.distrimind.util.tests.DecentralizedIDTests"/>
  <testcase name="testToBytes" time="0.000" classname="com.distrimind.util.tests.DecentralizedIDTests"/>
  <testcase name="testToBytes" time="0.000" classname="com.distrimind.util.tests.DecentralizedIDTests"/>
  <testcase name="testToBytes" time="0.000" classname="com.distrimind.util.tests.DecentralizedIDTests"/>
  <testcase name="testNotEquals" time="0.000" classname="com.distrimind.util.tests.DecentralizedIDTests"/>
  <testcase name="testToBytes" time="0.000" classname="com.distrimind.util.tests.DecentralizedIDTests"/>
  <testcase name="testNotEquals" time="0.000" classname="com.distrimind.util.tests.DecentralizedIDTests"/>
  <testcase name="testToBytes" time="0.000" classname="com.distrimind.util.tests.DecentralizedIDTests"/>
  <testcase name="testNotEquals" time="0.000" classname="com.distrimind.util.tests.DecentralizedIDTests"/>
  <testcase name="testToBytes" time="0.012" classname="com.distrimind.util.tests.DecentralizedIDTests"/>
  <testcase name="testToBytes" time="0.000" classname="com.distrimind.util.tests.DecentralizedIDTests"/>
  <testcase name="testNotEquals" time="0.000" classname="com.distrimind.util.tests.DecentralizedIDTests"/>
  <testcase name="testNotEquals" time="0.000" classname="com.distrimind.util.tests.DecentralizedIDTests"/>
  <testcase name="testToBytes" time="0.000" classname="com.distrimind.util.tests.DecentralizedIDTests"/>
  <testcase name="testToBytes" time="0.000" classname="com.distrimind.util.tests.DecentralizedIDTests"/>
  <testcase name="testToBytes" time="0.001" classname="com.distrimind.util.tests.DecentralizedIDTests"/>
  <testcase name="testNotEquals" time="0.000" classname="com.distrimind.util.tests.DecentralizedIDTests"/>
  <testcase name="testNotEquals" time="0.000" classname="com.distrimind.util.tests.DecentralizedIDTests"/>
  <testcase name="testToBytes" time="0.000" classname="com.distrimind.util.tests.DecentralizedIDTests"/>
  <testcase name="testToBytes" time="0.007" classname="com.distrimind.util.tests.DecentralizedIDTests"/>
  <testcase name="testNotEquals" time="0.000" classname="com.distrimind.util.tests.DecentralizedIDTests"/>
  <testcase name="testToBytes" time="0.000" classname="com.distrimind.util.tests.DecentralizedIDTests"/>
  <testcase name="testToBytes" time="0.000" classname="com.distrimind.util.tests.DecentralizedIDTests"/>
  <testcase name="testToBytes" time="0.000" classname="com.distrimind.util.tests.DecentralizedIDTests"/>
  <testcase name="testNotEquals" time="0.000" classname="com.distrimind.util.tests.DecentralizedIDTests"/>
  <testcase name="testNotEquals" time="0.000" classname="com.distrimind.util.tests.DecentralizedIDTests"/>
  <testcase name="testNotEquals" time="0.000" classname="com.distrimind.util.tests.DecentralizedIDTests"/>
  <testcase name="testNotEquals" time="0.000" classname="com.distrimind.util.tests.DecentralizedIDTests"/>
  <testcase name="testNotEquals" time="0.000" classname="com.distrimind.util.tests.DecentralizedIDTests"/>
  <testcase name="testNotEquals" time="0.012" classname="com.distrimind.util.tests.DecentralizedIDTests"/>
  <testcase name="testToBytes" time="0.000" classname="com.distrimind.util.tests.DecentralizedIDTests"/>
  <testcase name="testNotEquals" time="0.000" classname="com.distrimind.util.tests.DecentralizedIDTests"/>
  <testcase name="testNotEquals" time="0.000" classname="com.distrimind.util.tests.DecentralizedIDTests"/>
  <testcase name="testNotEquals" time="0.000" classname="com.distrimind.util.tests.DecentralizedIDTests"/>
  <testcase name="testNotEquals" time="0.000" classname="com.distrimind.util.tests.DecentralizedIDTests"/>
  <testcase name="testNotEquals" time="0.000" classname="com.distrimind.util.tests.DecentralizedIDTests"/>
  <testcase name="testToBytes" time="0.000" classname="com.distrimind.util.tests.DecentralizedIDTests"/>
  <testcase name="testToBytes" time="0.000" classname="com.distrimind.util.tests.DecentralizedIDTests"/>
  <testcase name="testNotEquals" time="0.000" classname="com.distrimind.util.tests.DecentralizedIDTests"/>
  <testcase name="testToBytes" time="0.000" classname="com.distrimind.util.tests.DecentralizedIDTests"/>
  <testcase name="testNotEquals" time="0.000" classname="com.distrimind.util.tests.DecentralizedIDTests"/>
  <testcase name="testToBytes" time="0.000" classname="com.distrimind.util.tests.DecentralizedIDTests"/>
  <testcase name="testToBytes" time="0.000" classname="com.distrimind.util.tests.DecentralizedIDTests"/>
  <testcase name="testToBytes" time="0.000" classname="com.distrimind.util.tests.DecentralizedIDTests"/>
  <testcase name="testNotEquals" time="0.000" classname="com.distrimind.util.tests.DecentralizedIDTests"/>
  <testcase name="testToBytes" time="0.000" classname="com.distrimind.util.tests.DecentralizedIDTests"/>
  <testcase name="testToBytes" time="0.000" classname="com.distrimind.util.tests.DecentralizedIDTests"/>
  <testcase name="testNotEquals" time="0.000" classname="com.distrimind.util.tests.DecentralizedIDTests"/>
  <testcase name="testNotEquals" time="0.000" classname="com.distrimind.util.tests.DecentralizedIDTests"/>
  <testcase name="testToBytes" time="0.000" classname="com.distrimind.util.tests.DecentralizedIDTests"/>
  <testcase name="testNotEquals" time="0.001" classname="com.distrimind.util.tests.DecentralizedIDTests"/>
  <testcase name="testNotEquals" time="0.000" classname="com.distrimind.util.tests.DecentralizedIDTests"/>
  <testcase name="testNotEquals" time="0.001" classname="com.distrimind.util.tests.DecentralizedIDTests"/>
  <testcase name="testToBytes" time="0.000" classname="com.distrimind.util.tests.DecentralizedIDTests"/>
  <testcase name="testNotEquals" time="0.000" classname="com.distrimind.util.tests.DecentralizedIDTests"/>
  <testcase name="testNotEquals" time="0.000" classname="com.distrimind.util.tests.DecentralizedIDTests"/>
  <testcase name="testToBytes" time="0.000" classname="com.distrimind.util.tests.DecentralizedIDTests"/>
  <testcase name="testToBytes" time="0.000" classname="com.distrimind.util.tests.DecentralizedIDTests"/>
  <testcase name="testNotEquals" time="0.000" classname="com.distrimind.util.tests.DecentralizedIDTests"/>
  <testcase name="testToBytes" time="0.000" classname="com.distrimind.util.tests.DecentralizedIDTests"/>
  <testcase name="testToBytes" time="0.001" classname="com.distrimind.util.tests.DecentralizedIDTests"/>
  <testcase name="testToBytes" time="0.000" classname="com.distrimind.util.tests.DecentralizedIDTests"/>
  <testcase name="testToBytes" time="0.000" classname="com.distrimind.util.tests.DecentralizedIDTests"/>
  <testcase name="testToBytes" time="0.000" classname="com.distrimind.util.tests.DecentralizedIDTests"/>
  <testcase name="testToBytes" time="0.000" classname="com.distrimind.util.tests.DecentralizedIDTests"/>
  <testcase name="testNotEquals" time="0.000" classname="com.distrimind.util.tests.DecentralizedIDTests"/>
  <testcase name="testNotEquals" time="0.001" classname="com.distrimind.util.tests.DecentralizedIDTests"/>
  <testcase name="testToBytes" time="0.000" classname="com.distrimind.util.tests.DecentralizedIDTests"/>
  <testcase name="testNotEquals" time="0.000" classname="com.distrimind.util.tests.DecentralizedIDTests"/>
  <testcase name="testToBytes" time="0.000" classname="com.distrimind.util.tests.DecentralizedIDTests"/>
  <testcase name="testNotEquals" time="0.000" classname="com.distrimind.util.tests.DecentralizedIDTests"/>
  <testcase name="testToBytes" time="0.000" classname="com.distrimind.util.tests.DecentralizedIDTests"/>
  <testcase name="testNotEquals" time="0.000" classname="com.distrimind.util.tests.DecentralizedIDTests"/>
  <testcase name="testNotEquals" time="0.000" classname="com.distrimind.util.tests.DecentralizedIDTests"/>
  <testcase name="testToBytes" time="0.000" classname="com.distrimind.util.tests.DecentralizedIDTests"/>
  <testcase name="testNotEquals" time="0.000" classname="com.distrimind.util.tests.DecentralizedIDTests"/>
  <testcase name="testToBytes" time="0.000" classname="com.distrimind.util.tests.DecentralizedIDTests"/>
  <testcase name="testToBytes" time="0.000" classname="com.distrimind.util.tests.DecentralizedIDTests"/>
  <testcase name="testToBytes" time="0.000" classname="com.distrimind.util.tests.DecentralizedIDTests"/>
  <testcase name="testNotEquals" time="0.000" classname="com.distrimind.util.tests.DecentralizedIDTests"/>
  <testcase name="testNotEquals" time="0.002" classname="com.distrimind.util.tests.DecentralizedIDTests"/>
  <testcase name="testToBytes" time="0.000" classname="com.distrimind.util.tests.DecentralizedIDTests"/>
  <testcase name="testToBytes" time="0.000" classname="com.distrimind.util.tests.DecentralizedIDTests"/>
  <testcase name="testToBytes" time="0.000" classname="com.distrimind.util.tests.DecentralizedIDTests"/>
  <testcase name="testToBytes" time="0.000" classname="com.distrimind.util.tests.DecentralizedIDTests"/>
  <testcase name="testNotEquals" time="0.001" classname="com.distrimind.util.tests.DecentralizedIDTests"/>
  <testcase name="testNotEquals" time="0.000" classname="com.distrimind.util.tests.DecentralizedIDTests"/>
  <testcase name="testNotEquals" time="0.000" classname="com.distrimind.util.tests.DecentralizedIDTests"/>
  <testcase name="testToBytes" time="0.000" classname="com.distrimind.util.tests.DecentralizedIDTests"/>
  <testcase name="testNotEquals" time="0.001" classname="com.distrimind.util.tests.DecentralizedIDTests"/>
  <testcase name="testToBytes" time="0.000" classname="com.distrimind.util.tests.DecentralizedIDTests"/>
  <testcase name="testToBytes" time="0.000" classname="com.distrimind.util.tests.DecentralizedIDTests"/>
  <testcase name="testToBytes" time="0.000" classname="com.distrimind.util.tests.DecentralizedIDTests"/>
  <testcase name="testNotEquals" time="0.000" classname="com.distrimind.util.tests.DecentralizedIDTests"/>
  <testcase name="testToBytes" time="0.000" classname="com.distrimind.util.tests.DecentralizedIDTests"/>
  <testcase name="testNotEquals" time="0.000" classname="com.distrimind.util.tests.DecentralizedIDTests"/>
  <testcase name="testToBytes" time="0.000" classname="com.distrimind.util.tests.DecentralizedIDTests"/>
  <testcase name="testToBytes" time="0.000" classname="com.distrimind.util.tests.DecentralizedIDTests"/>
  <testcase name="testNotEquals" time="0.000" classname="com.distrimind.util.tests.DecentralizedIDTests"/>
  <testcase name="testNotEquals" time="0.017" classname="com.distrimind.util.tests.DecentralizedIDTests"/>
  <testcase name="testNotEquals" time="0.000" classname="com.distrimind.util.tests.DecentralizedIDTests"/>
  <testcase name="testToBytes" time="0.000" classname="com.distrimind.util.tests.DecentralizedIDTests"/>
  <testcase name="testToBytes" time="0.000" classname="com.distrimind.util.tests.DecentralizedIDTests"/>
  <testcase name="testToBytes" time="0.000" classname="com.distrimind.util.tests.DecentralizedIDTests"/>
  <testcase name="testToBytes" time="0.000" classname="com.distrimind.util.tests.DecentralizedIDTests"/>
  <testcase name="testToBytes" time="0.000" classname="com.distrimind.util.tests.DecentralizedIDTests"/>
  <testcase name="testNotEquals" time="0.000" classname="com.distrimind.util.tests.DecentralizedIDTests"/>
  <testcase name="testNotEquals" time="0.001" classname="com.distrimind.util.tests.DecentralizedIDTests"/>
  <testcase name="testToBytes" time="0.000" classname="com.distrimind.util.tests.DecentralizedIDTests"/>
  <testcase name="testToBytes" time="0.000" classname="com.distrimind.util.tests.DecentralizedIDTests"/>
  <testcase name="testNotEquals" time="0.000" classname="com.distrimind.util.tests.DecentralizedIDTests"/>
  <testcase name="testToBytes" time="0.000" classname="com.distrimind.util.tests.DecentralizedIDTests"/>
  <testcase name="testToBytes" time="0.000" classname="com.distrimind.util.tests.DecentralizedIDTests"/>
  <testcase name="testToBytes" time="0.000" classname="com.distrimind.util.tests.DecentralizedIDTests"/>
  <testcase name="testToBytes" time="0.000" classname="com.distrimind.util.tests.DecentralizedIDTests"/>
  <testcase name="testToBytes" time="0.000" classname="com.distrimind.util.tests.DecentralizedIDTests"/>
  <testcase name="testToBytes" time="0.000" classname="com.distrimind.util.tests.DecentralizedIDTests"/>
  <testcase name="testNotEquals" time="0.006" classname="com.distrimind.util.tests.DecentralizedIDTests"/>
  <testcase name="testToBytes" time="0.000" classname="com.distrimind.util.tests.DecentralizedIDTests"/>
  <testcase name="testToBytes" time="0.000" classname="com.distrimind.util.tests.DecentralizedIDTests"/>
  <testcase name="testToBytes" time="0.000" classname="com.distrimind.util.tests.DecentralizedIDTests"/>
  <testcase name="testToBytes" time="0.000" classname="com.distrimind.util.tests.DecentralizedIDTests"/>
  <testcase name="testNotEquals" time="0.001" classname="com.distrimind.util.tests.DecentralizedIDTests"/>
  <testcase name="testToBytes" time="0.000" classname="com.distrimind.util.tests.DecentralizedIDTests"/>
  <testcase name="testNotEquals" time="0.000" classname="com.distrimind.util.tests.DecentralizedIDTests"/>
  <testcase name="testNotEquals" time="0.001" classname="com.distrimind.util.tests.DecentralizedIDTests"/>
  <testcase name="testToBytes" time="0.014" classname="com.distrimind.util.tests.DecentralizedIDTests"/>
  <testcase name="testNotEquals" time="0.000" classname="com.distrimind.util.tests.DecentralizedIDTests"/>
  <testcase name="testNotEquals" time="0.000" classname="com.distrimind.util.tests.DecentralizedIDTests"/>
  <testcase name="testNotEquals" time="0.000" classname="com.distrimind.util.tests.DecentralizedIDTests"/>
  <testcase name="testNotEquals" time="0.000" classname="com.distrimind.util.tests.DecentralizedIDTests"/>
  <testcase name="testNotEquals" time="0.000" classname="com.distrimind.util.tests.DecentralizedIDTests"/>
  <testcase name="testToBytes" time="0.000" classname="com.distrimind.util.tests.DecentralizedIDTests"/>
  <testcase name="testNotEquals" time="0.000" classname="com.distrimind.util.tests.DecentralizedIDTests"/>
  <testcase name="testNotEquals" time="0.000" classname="com.distrimind.util.tests.DecentralizedIDTests"/>
  <testcase name="testNotEquals" time="0.001" classname="com.distrimind.util.tests.DecentralizedIDTests"/>
  <testcase name="testToBytes" time="0.000" classname="com.distrimind.util.tests.DecentralizedIDTests"/>
  <testcase name="testToBytes" time="0.000" classname="com.distrimind.util.tests.DecentralizedIDTests"/>
  <testcase name="testNotEquals" time="0.000" classname="com.distrimind.util.tests.DecentralizedIDTests"/>
  <testcase name="testNotEquals" time="0.000" classname="com.distrimind.util.tests.DecentralizedIDTests"/>
  <testcase name="testToBytes" time="0.000" classname="com.distrimind.util.tests.DecentralizedIDTests"/>
  <testcase name="testToBytes" time="0.000" classname="com.distrimind.util.tests.DecentralizedIDTests"/>
  <testcase name="testToBytes" time="0.000" classname="com.distrimind.util.tests.DecentralizedIDTests"/>
  <testcase name="testToBytes" time="0.000" classname="com.distrimind.util.tests.DecentralizedIDTests"/>
  <testcase name="testToBytes" time="0.000" classname="com.distrimind.util.tests.DecentralizedIDTests"/>
  <testcase name="testNotEquals" time="0.000" classname="com.distrimind.util.tests.DecentralizedIDTests"/>
  <testcase name="testToBytes" time="0.000" classname="com.distrimind.util.tests.DecentralizedIDTests"/>
  <testcase name="testNotEquals" time="0.000" classname="com.distrimind.util.tests.DecentralizedIDTests"/>
  <testcase name="testNotEquals" time="0.000" classname="com.distrimind.util.tests.DecentralizedIDTests"/>
  <testcase name="testNotEquals" time="0.000" classname="com.distrimind.util.tests.DecentralizedIDTests"/>
  <testcase name="testNotEquals" time="0.000" classname="com.distrimind.util.tests.DecentralizedIDTests"/>
  <testcase name="testNotEquals" time="0.000" classname="com.distrimind.util.tests.DecentralizedIDTests"/>
  <testcase name="testToBytes" time="0.000" classname="com.distrimind.util.tests.DecentralizedIDTests"/>
  <testcase name="testToBytes" time="0.000" classname="com.distrimind.util.tests.DecentralizedIDTests"/>
  <testcase name="testNotEquals" time="0.000" classname="com.distrimind.util.tests.DecentralizedIDTests"/>
  <testcase name="testNotEquals" time="0.000" classname="com.distrimind.util.tests.DecentralizedIDTests"/>
  <testcase name="testNotEquals" time="0.001" classname="com.distrimind.util.tests.DecentralizedIDTests"/>
  <testcase name="testToBytes" time="0.000" classname="com.distrimind.util.tests.DecentralizedIDTests"/>
  <testcase name="testNotEquals" time="0.000" classname="com.distrimind.util.tests.DecentralizedIDTests"/>
  <testcase name="testNotEquals" time="0.000" classname="com.distrimind.util.tests.DecentralizedIDTests"/>
  <testcase name="testToBytes" time="0.000" classname="com.distrimind.util.tests.DecentralizedIDTests"/>
  <testcase name="testToBytes" time="0.000" classname="com.distrimind.util.tests.DecentralizedIDTests"/>
  <testcase name="testNotEquals" time="0.000" classname="com.distrimind.util.tests.DecentralizedIDTests"/>
  <testcase name="testNotEquals" time="0.000" classname="com.distrimind.util.tests.DecentralizedIDTests"/>
  <testcase name="testToBytes" time="0.000" classname="com.distrimind.util.tests.DecentralizedIDTests"/>
  <testcase name="testNotEquals" time="0.000" classname="com.distrimind.util.tests.DecentralizedIDTests"/>
  <testcase name="testNotEquals" time="0.000" classname="com.distrimind.util.tests.DecentralizedIDTests"/>
  <testcase name="testToBytes" time="0.001" classname="com.distrimind.util.tests.DecentralizedIDTests"/>
  <testcase name="testToBytes" time="0.000" classname="com.distrimind.util.tests.DecentralizedIDTests"/>
  <testcase name="testNotEquals" time="0.001" classname="com.distrimind.util.tests.DecentralizedIDTests"/>
  <testcase name="testToBytes" time="0.000" classname="com.distrimind.util.tests.DecentralizedIDTests"/>
  <testcase name="testToBytes" time="0.000" classname="com.distrimind.util.tests.DecentralizedIDTests"/>
  <testcase name="testNotEquals" time="0.000" classname="com.distrimind.util.tests.DecentralizedIDTests"/>
  <testcase name="testNotEquals" time="0.004" classname="com.distrimind.util.tests.DecentralizedIDTests"/>
  <testcase name="testNotEquals" time="0.000" classname="com.distrimind.util.tests.DecentralizedIDTests"/>
  <testcase name="testNotEquals" time="0.000" classname="com.distrimind.util.tests.DecentralizedIDTests"/>
  <testcase name="testNotEquals" time="0.001" classname="com.distrimind.util.tests.DecentralizedIDTests"/>
  <testcase name="testToBytes" time="0.000" classname="com.distrimind.util.tests.DecentralizedIDTests"/>
  <testcase name="testToBytes" time="0.000" classname="com.distrimind.util.tests.DecentralizedIDTests"/>
  <testcase name="testToBytes" time="0.000" classname="com.distrimind.util.tests.DecentralizedIDTests"/>
  <testcase name="testToBytes" time="0.001" classname="com.distrimind.util.tests.DecentralizedIDTests"/>
  <testcase name="testToBytes" time="0.000" classname="com.distrimind.util.tests.DecentralizedIDTests"/>
  <testcase name="testNotEquals" time="0.000" classname="com.distrimind.util.tests.DecentralizedIDTests"/>
  <testcase name="testNotEquals" time="0.000" classname="com.distrimind.util.tests.DecentralizedIDTests"/>
  <testcase name="testNotEquals" time="0.001" classname="com.distrimind.util.tests.DecentralizedIDTests"/>
  <testcase name="testToBytes" time="0.000" classname="com.distrimind.util.tests.DecentralizedIDTests"/>
  <testcase name="testToBytes" time="0.000" classname="com.distrimind.util.tests.DecentralizedIDTests"/>
  <testcase name="testNotEquals" time="0.000" classname="com.distrimind.util.tests.DecentralizedIDTests"/>
  <testcase name="testNotEquals" time="0.000" classname="com.distrimind.util.tests.DecentralizedIDTests"/>
  <testcase name="testNotEquals" time="0.000" classname="com.distrimind.util.tests.DecentralizedIDTests"/>
  <testcase name="testNotEquals" time="0.000" classname="com.distrimind.util.tests.DecentralizedIDTests"/>
  <testcase name="testToBytes" time="0.009" classname="com.distrimind.util.tests.DecentralizedIDTests"/>
  <testcase name="testToBytes" time="0.000" classname="com.distrimind.util.tests.DecentralizedIDTests"/>
  <testcase name="testToBytes" time="0.000" classname="com.distrimind.util.tests.DecentralizedIDTests"/>
  <testcase name="testToBytes" time="0.000" classname="com.distrimind.util.tests.DecentralizedIDTests"/>
  <testcase name="testToBytes" time="0.000" classname="com.distrimind.util.tests.DecentralizedIDTests"/>
  <testcase name="testToBytes" time="0.000" classname="com.distrimind.util.tests.DecentralizedIDTests"/>
  <testcase name="testNotEquals" time="0.000" classname="com.distrimind.util.tests.DecentralizedIDTests"/>
  <testcase name="testToBytes" time="0.000" classname="com.distrimind.util.tests.DecentralizedIDTests"/>
  <testcase name="testNotEquals" time="0.000" classname="com.distrimind.util.tests.DecentralizedIDTests"/>
  <testcase name="testNotEquals" time="0.001" classname="com.distrimind.util.tests.DecentralizedIDTests"/>
  <testcase name="testToBytes" time="0.000" classname="com.distrimind.util.tests.DecentralizedIDTests"/>
  <testcase name="testToBytes" time="0.000" classname="com.distrimind.util.tests.DecentralizedIDTests"/>
  <testcase name="testNotEquals" time="0.000" classname="com.distrimind.util.tests.DecentralizedIDTests"/>
  <testcase name="testToBytes" time="0.002" classname="com.distrimind.util.tests.DecentralizedIDTests"/>
  <testcase name="testToBytes" time="0.000" classname="com.distrimind.util.tests.DecentralizedIDTests"/>
  <testcase name="testNotEquals" time="0.000" classname="com.distrimind.util.tests.DecentralizedIDTests"/>
  <testcase name="testToBytes" time="0.000" classname="com.distrimind.util.tests.DecentralizedIDTests"/>
  <testcase name="testNotEquals" time="0.000" classname="com.distrimind.util.tests.DecentralizedIDTests"/>
  <testcase name="testToBytes" time="0.000" classname="com.distrimind.util.tests.DecentralizedIDTests"/>
  <testcase name="testNotEquals" time="0.001" classname="com.distrimind.util.tests.DecentralizedIDTests"/>
  <testcase name="testNotEquals" time="0.000" classname="com.distrimind.util.tests.DecentralizedIDTests"/>
  <testcase name="testToBytes" time="0.000" classname="com.distrimind.util.tests.DecentralizedIDTests"/>
  <testcase name="testNotEquals" time="0.000" classname="com.distrimind.util.tests.DecentralizedIDTests"/>
  <testcase name="testNotEquals" time="0.000" classname="com.distrimind.util.tests.DecentralizedIDTests"/>
  <testcase name="testNotEquals" time="0.000" classname="com.distrimind.util.tests.DecentralizedIDTests"/>
  <testcase name="testNotEquals" time="0.005" classname="com.distrimind.util.tests.DecentralizedIDTests"/>
  <testcase name="testNotEquals" time="0.007" classname="com.distrimind.util.tests.DecentralizedIDTests"/>
  <testcase name="testToBytes" time="0.000" classname="com.distrimind.util.tests.DecentralizedIDTests"/>
  <testcase name="testToBytes" time="0.000" classname="com.distrimind.util.tests.DecentralizedIDTests"/>
  <testcase name="testNotEquals" time="0.000" classname="com.distrimind.util.tests.DecentralizedIDTests"/>
  <testcase name="testToBytes" time="0.000" classname="com.distrimind.util.tests.DecentralizedIDTests"/>
  <testcase name="testNotEquals" time="0.000" classname="com.distrimind.util.tests.DecentralizedIDTests"/>
  <testcase name="testNotEquals" time="0.000" classname="com.distrimind.util.tests.DecentralizedIDTests"/>
  <testcase name="testToBytes" time="0.000" classname="com.distrimind.util.tests.DecentralizedIDTests"/>
  <testcase name="testNotEquals" time="0.000" classname="com.distrimind.util.tests.DecentralizedIDTests"/>
  <testcase name="testToBytes" time="0.000" classname="com.distrimind.util.tests.DecentralizedIDTests"/>
  <testcase name="testNotEquals" time="0.000" classname="com.distrimind.util.tests.DecentralizedIDTests"/>
  <testcase name="testNotEquals" time="0.000" classname="com.distrimind.util.tests.DecentralizedIDTests"/>
  <testcase name="testNotEquals" time="0.000" classname="com.distrimind.util.tests.DecentralizedIDTests"/>
  <testcase name="testNotEquals" time="0.000" classname="com.distrimind.util.tests.DecentralizedIDTests"/>
  <testcase name="testToBytes" time="0.001" classname="com.distrimind.util.tests.DecentralizedIDTests"/>
  <testcase name="testNotEquals" time="0.000" classname="com.distrimind.util.tests.DecentralizedIDTests"/>
  <testcase name="testToBytes" time="0.000" classname="com.distrimind.util.tests.DecentralizedIDTests"/>
  <testcase name="testToBytes" time="0.000" classname="com.distrimind.util.tests.DecentralizedIDTests"/>
  <testcase name="testNotEquals" time="0.008" classname="com.distrimind.util.tests.DecentralizedIDTests"/>
  <testcase name="testNotEquals" time="0.000" classname="com.distrimind.util.tests.DecentralizedIDTests"/>
  <testcase name="testNotEquals" time="0.000" classname="com.distrimind.util.tests.DecentralizedIDTests"/>
  <testcase name="testNotEquals" time="0.000" classname="com.distrimind.util.tests.DecentralizedIDTests"/>
  <testcase name="testToBytes" time="0.001" classname="com.distrimind.util.tests.DecentralizedIDTests"/>
  <testcase name="testNotEquals" time="0.000" classname="com.distrimind.util.tests.DecentralizedIDTests"/>
  <testcase name="testNotEquals" time="0.000" classname="com.distrimind.util.tests.DecentralizedIDTests"/>
  <testcase name="testNotEquals" time="0.000" classname="com.distrimind.util.tests.DecentralizedIDTests"/>
  <testcase name="testNotEquals" time="0.000" classname="com.distrimind.util.tests.DecentralizedIDTests"/>
  <testcase name="testToBytes" time="0.000" classname="com.distrimind.util.tests.DecentralizedIDTests"/>
  <testcase name="testToBytes" time="0.000" classname="com.distrimind.util.tests.DecentralizedIDTests"/>
  <testcase name="testNotEquals" time="0.000" classname="com.distrimind.util.tests.DecentralizedIDTests"/>
  <testcase name="testNotEquals" time="0.000" classname="com.distrimind.util.tests.DecentralizedIDTests"/>
  <testcase name="testNotEquals" time="0.001" classname="com.distrimind.util.tests.DecentralizedIDTests"/>
  <testcase name="testNotEquals" time="0.000" classname="com.distrimind.util.tests.DecentralizedIDTests"/>
  <testcase name="testToBytes" time="0.000" classname="com.distrimind.util.tests.DecentralizedIDTests"/>
  <testcase name="testNotEquals" time="0.004" classname="com.distrimind.util.tests.DecentralizedIDTests"/>
  <testcase name="testToBytes" time="0.000" classname="com.distrimind.util.tests.DecentralizedIDTests"/>
  <testcase name="testToBytes" time="0.000" classname="com.distrimind.util.tests.DecentralizedIDTests"/>
  <testcase name="testNotEquals" time="0.001" classname="com.distrimind.util.tests.DecentralizedIDTests"/>
  <testcase name="testToBytes" time="0.000" classname="com.distrimind.util.tests.DecentralizedIDTests"/>
  <testcase name="testNotEquals" time="0.001" classname="com.distrimind.util.tests.DecentralizedIDTests"/>
  <testcase name="testToBytes" time="0.001" classname="com.distrimind.util.tests.DecentralizedIDTests"/>
  <testcase name="testNotEquals" time="0.001" classname="com.distrimind.util.tests.DecentralizedIDTests"/>
  <testcase name="testToBytes" time="0.000" classname="com.distrimind.util.tests.DecentralizedIDTests"/>
  <testcase name="testNotEquals" time="0.000" classname="com.distrimind.util.tests.DecentralizedIDTests"/>
  <testcase name="testToBytes" time="0.000" classname="com.distrimind.util.tests.DecentralizedIDTests"/>
  <testcase name="testToBytes" time="0.000" classname="com.distrimind.util.tests.DecentralizedIDTests"/>
  <testcase name="testToBytes" time="0.000" classname="com.distrimind.util.tests.DecentralizedIDTests"/>
  <testcase name="testToBytes" time="0.121" classname="com.distrimind.util.tests.DecentralizedIDTests"/>
  <testcase name="testNotEquals" time="0.015" classname="com.distrimind.util.tests.DecentralizedIDTests"/>
  <testcase name="testNotEquals" time="0.000" classname="com.distrimind.util.tests.DecentralizedIDTests"/>
  <testcase name="testNotEquals" time="0.006" classname="com.distrimind.util.tests.DecentralizedIDTests"/>
  <testcase name="testNotEquals" time="0.000" classname="com.distrimind.util.tests.DecentralizedIDTests"/>
  <testcase name="testNotEquals" time="0.000" classname="com.distrimind.util.tests.DecentralizedIDTests"/>
  <testcase name="testToBytes" time="0.000" classname="com.distrimind.util.tests.DecentralizedIDTests"/>
  <testcase name="testNotEquals" time="0.000" classname="com.distrimind.util.tests.DecentralizedIDTests"/>
  <testcase name="testNotEquals" time="0.000" classname="com.distrimind.util.tests.DecentralizedIDTests"/>
  <testcase name="testToBytes" time="0.000" classname="com.distrimind.util.tests.DecentralizedIDTests"/>
  <testcase name="testToBytes" time="0.005" classname="com.distrimind.util.tests.DecentralizedIDTests"/>
  <testcase name="testNotEquals" time="0.000" classname="com.distrimind.util.tests.DecentralizedIDTests"/>
  <testcase name="testNotEquals" time="0.000" classname="com.distrimind.util.tests.DecentralizedIDTests"/>
  <testcase name="testToBytes" time="0.000" classname="com.distrimind.util.tests.DecentralizedIDTests"/>
  <testcase name="testNotEquals" time="0.000" classname="com.distrimind.util.tests.DecentralizedIDTests"/>
  <testcase name="testNotEquals" time="0.000" classname="com.distrimind.util.tests.DecentralizedIDTests"/>
  <testcase name="testToBytes" time="0.000" classname="com.distrimind.util.tests.DecentralizedIDTests"/>
  <testcase name="testToBytes" time="0.000" classname="com.distrimind.util.tests.DecentralizedIDTests"/>
  <testcase name="testToBytes" time="0.000" classname="com.distrimind.util.tests.DecentralizedIDTests"/>
  <testcase name="testToBytes" time="0.000" classname="com.distrimind.util.tests.DecentralizedIDTests"/>
  <testcase name="testNotEquals" time="0.000" classname="com.distrimind.util.tests.DecentralizedIDTests"/>
  <testcase name="testToBytes" time="0.000" classname="com.distrimind.util.tests.DecentralizedIDTests"/>
  <testcase name="testToBytes" time="0.000" classname="com.distrimind.util.tests.DecentralizedIDTests"/>
  <testcase name="testNotEquals" time="0.000" classname="com.distrimind.util.tests.DecentralizedIDTests"/>
  <testcase name="testNotEquals" time="0.000" classname="com.distrimind.util.tests.DecentralizedIDTests"/>
  <testcase name="testToBytes" time="0.000" classname="com.distrimind.util.tests.DecentralizedIDTests"/>
  <testcase name="testToBytes" time="0.000" classname="com.distrimind.util.tests.DecentralizedIDTests"/>
  <testcase name="testToBytes" time="0.000" classname="com.distrimind.util.tests.DecentralizedIDTests"/>
  <testcase name="testNotEquals" time="0.000" classname="com.distrimind.util.tests.DecentralizedIDTests"/>
  <testcase name="testToBytes" time="0.000" classname="com.distrimind.util.tests.DecentralizedIDTests"/>
  <testcase name="testToBytes" time="0.000" classname="com.distrimind.util.tests.DecentralizedIDTests"/>
  <testcase name="testNotEquals" time="0.000" classname="com.distrimind.util.tests.DecentralizedIDTests"/>
  <testcase name="testNotEquals" time="0.001" classname="com.distrimind.util.tests.DecentralizedIDTests"/>
  <testcase name="testNotEquals" time="0.000" classname="com.distrimind.util.tests.DecentralizedIDTests"/>
  <testcase name="testToBytes" time="0.000" classname="com.distrimind.util.tests.DecentralizedIDTests"/>
  <testcase name="testToBytes" time="0.000" classname="com.distrimind.util.tests.DecentralizedIDTests"/>
  <testcase name="testToBytes" time="0.000" classname="com.distrimind.util.tests.DecentralizedIDTests"/>
  <testcase name="testToBytes" time="0.000" classname="com.distrimind.util.tests.DecentralizedIDTests"/>
  <testcase name="testNotEquals" time="0.000" classname="com.distrimind.util.tests.DecentralizedIDTests"/>
  <testcase name="testNotEquals" time="0.000" classname="com.distrimind.util.tests.DecentralizedIDTests"/>
  <testcase name="testNotEquals" time="0.000" classname="com.distrimind.util.tests.DecentralizedIDTests"/>
  <testcase name="testNotEquals" time="0.000" classname="com.distrimind.util.tests.DecentralizedIDTests"/>
  <testcase name="testToBytes" time="0.000" classname="com.distrimind.util.tests.DecentralizedIDTests"/>
  <testcase name="testToBytes" time="0.000" classname="com.distrimind.util.tests.DecentralizedIDTests"/>
  <testcase name="testNotEquals" time="0.009" classname="com.distrimind.util.tests.DecentralizedIDTests"/>
  <testcase name="testToBytes" time="0.000" classname="com.distrimind.util.tests.DecentralizedIDTests"/>
  <testcase name="testNotEquals" time="0.000" classname="com.distrimind.util.tests.DecentralizedIDTests"/>
  <testcase name="testNotEquals" time="0.000" classname="com.distrimind.util.tests.DecentralizedIDTests"/>
  <testcase name="testToBytes" time="0.000" classname="com.distrimind.util.tests.DecentralizedIDTests"/>
  <testcase name="testToBytes" time="0.000" classname="com.distrimind.util.tests.DecentralizedIDTests"/>
  <testcase name="testNotEquals" time="0.000" classname="com.distrimind.util.tests.DecentralizedIDTests"/>
  <testcase name="testNotEquals" time="0.001" classname="com.distrimind.util.tests.DecentralizedIDTests"/>
  <testcase name="testNotEquals" time="0.002" classname="com.distrimind.util.tests.DecentralizedIDTests"/>
  <testcase name="testToBytes" time="0.000" classname="com.distrimind.util.tests.DecentralizedIDTests"/>
  <testcase name="testNotEquals" time="0.000" classname="com.distrimind.util.tests.DecentralizedIDTests"/>
  <testcase name="testToBytes" time="0.000" classname="com.distrimind.util.tests.DecentralizedIDTests"/>
  <testcase name="testToBytes" time="0.000" classname="com.distrimind.util.tests.DecentralizedIDTests"/>
  <testcase name="testNotEquals" time="0.000" classname="com.distrimind.util.tests.DecentralizedIDTests"/>
  <testcase name="testToBytes" time="0.000" classname="com.distrimind.util.tests.DecentralizedIDTests"/>
  <testcase name="testNotEquals" time="0.000" classname="com.distrimind.util.tests.DecentralizedIDTests"/>
  <testcase name="testNotEquals" time="0.000" classname="com.distrimind.util.tests.DecentralizedIDTests"/>
  <testcase name="testNotEquals" time="0.000" classname="com.distrimind.util.tests.DecentralizedIDTests"/>
  <testcase name="testToBytes" time="0.000" classname="com.distrimind.util.tests.DecentralizedIDTests"/>
  <testcase name="testNotEquals" time="0.000" classname="com.distrimind.util.tests.DecentralizedIDTests"/>
  <testcase name="testNotEquals" time="0.000" classname="com.distrimind.util.tests.DecentralizedIDTests"/>
  <testcase name="testToBytes" time="0.001" classname="com.distrimind.util.tests.DecentralizedIDTests"/>
  <testcase name="testNotEquals" time="0.000" classname="com.distrimind.util.tests.DecentralizedIDTests"/>
  <testcase name="testNotEquals" time="0.001" classname="com.distrimind.util.tests.DecentralizedIDTests"/>
  <testcase name="testToBytes" time="0.000" classname="com.distrimind.util.tests.DecentralizedIDTests"/>
  <testcase name="testToBytes" time="0.000" classname="com.distrimind.util.tests.DecentralizedIDTests"/>
  <testcase name="testToBytes" time="0.000" classname="com.distrimind.util.tests.DecentralizedIDTests"/>
  <testcase name="testToBytes" time="0.000" classname="com.distrimind.util.tests.DecentralizedIDTests"/>
  <testcase name="testToBytes" time="0.000" classname="com.distrimind.util.tests.DecentralizedIDTests"/>
  <testcase name="testNotEquals" time="0.000" classname="com.distrimind.util.tests.DecentralizedIDTests"/>
  <testcase name="testToBytes" time="0.000" classname="com.distrimind.util.tests.DecentralizedIDTests"/>
  <testcase name="testNotEquals" time="0.000" classname="com.distrimind.util.tests.DecentralizedIDTests"/>
  <testcase name="testNotEquals" time="0.000" classname="com.distrimind.util.tests.DecentralizedIDTests"/>
  <testcase name="testToBytes" time="0.000" classname="com.distrimind.util.tests.DecentralizedIDTests"/>
  <testcase name="testNotEquals" time="0.000" classname="com.distrimind.util.tests.DecentralizedIDTests"/>
  <testcase name="testNotEquals" time="0.000" classname="com.distrimind.util.tests.DecentralizedIDTests"/>
  <testcase name="testToBytes" time="0.000" classname="com.distrimind.util.tests.DecentralizedIDTests"/>
  <testcase name="testToBytes" time="0.000" classname="com.distrimind.util.tests.DecentralizedIDTests"/>
  <testcase name="testToBytes" time="0.000" classname="com.distrimind.util.tests.DecentralizedIDTests"/>
  <testcase name="testNotEquals" time="0.004" classname="com.distrimind.util.tests.DecentralizedIDTests"/>
  <testcase name="testToBytes" time="0.000" classname="com.distrimind.util.tests.DecentralizedIDTests"/>
  <testcase name="testNotEquals" time="0.000" classname="com.distrimind.util.tests.DecentralizedIDTests"/>
  <testcase name="testNotEquals" time="0.000" classname="com.distrimind.util.tests.DecentralizedIDTests"/>
  <testcase name="testToBytes" time="0.000" classname="com.distrimind.util.tests.DecentralizedIDTests"/>
  <testcase name="testToBytes" time="0.000" classname="com.distrimind.util.tests.DecentralizedIDTests"/>
  <testcase name="testNotEquals" time="0.000" classname="com.distrimind.util.tests.DecentralizedIDTests"/>
  <testcase name="testNotEquals" time="0.000" classname="com.distrimind.util.tests.DecentralizedIDTests"/>
  <testcase name="testToBytes" time="0.001" classname="com.distrimind.util.tests.DecentralizedIDTests"/>
  <testcase name="testNotEquals" time="0.000" classname="com.distrimind.util.tests.DecentralizedIDTests"/>
  <testcase name="testNotEquals" time="0.000" classname="com.distrimind.util.tests.DecentralizedIDTests"/>
  <testcase name="testToBytes" time="0.000" classname="com.distrimind.util.tests.DecentralizedIDTests"/>
  <testcase name="testToBytes" time="0.000" classname="com.distrimind.util.tests.DecentralizedIDTests"/>
  <testcase name="testNotEquals" time="0.000" classname="com.distrimind.util.tests.DecentralizedIDTests"/>
  <testcase name="testNotEquals" time="0.000" classname="com.distrimind.util.tests.DecentralizedIDTests"/>
  <testcase name="testToBytes" time="0.000" classname="com.distrimind.util.tests.DecentralizedIDTests"/>
  <testcase name="testToBytes" time="0.000" classname="com.distrimind.util.tests.DecentralizedIDTests"/>
  <testcase name="testNotEquals" time="0.000" classname="com.distrimind.util.tests.DecentralizedIDTests"/>
  <testcase name="testToBytes" time="0.000" classname="com.distrimind.util.tests.DecentralizedIDTests"/>
  <testcase name="testNotEquals" time="0.019" classname="com.distrimind.util.tests.DecentralizedIDTests"/>
  <testcase name="testToBytes" time="0.000" classname="com.distrimind.util.tests.DecentralizedIDTests"/>
  <testcase name="testNotEquals" time="0.000" classname="com.distrimind.util.tests.DecentralizedIDTests"/>
  <testcase name="testToBytes" time="0.000" classname="com.distrimind.util.tests.DecentralizedIDTests"/>
  <testcase name="testNotEquals" time="0.000" classname="com.distrimind.util.tests.DecentralizedIDTests"/>
  <testcase name="testNotEquals" time="0.006" classname="com.distrimind.util.tests.DecentralizedIDTests"/>
  <testcase name="testToBytes" time="0.000" classname="com.distrimind.util.tests.DecentralizedIDTests"/>
  <testcase name="testToBytes" time="0.000" classname="com.distrimind.util.tests.DecentralizedIDTests"/>
  <testcase name="testNotEquals" time="0.000" classname="com.distrimind.util.tests.DecentralizedIDTests"/>
  <testcase name="testToBytes" time="0.000" classname="com.distrimind.util.tests.DecentralizedIDTests"/>
  <testcase name="testNotEquals" time="0.001" classname="com.distrimind.util.tests.DecentralizedIDTests"/>
  <testcase name="testNotEquals" time="0.001" classname="com.distrimind.util.tests.DecentralizedIDTests"/>
  <testcase name="testToBytes" time="0.000" classname="com.distrimind.util.tests.DecentralizedIDTests"/>
  <testcase name="testToBytes" time="0.000" classname="com.distrimind.util.tests.DecentralizedIDTests"/>
  <testcase name="testNotEquals" time="0.000" classname="com.distrimind.util.tests.DecentralizedIDTests"/>
[...]
  <testcase name="testToBytes" time="0.000" classname="com.distrimind.util.tests.DecentralizedIDTests"/>
  <testcase name="testToBytes" time="0.000" classname="com.distrimind.util.tests.DecentralizedIDTests"/>
  <testcase name="testToBytes" time="0.000" classname="com.distrimind.util.tests.DecentralizedIDTests"/>
  <testcase name="testNotEquals" time="0.000" classname="com.distrimind.util.tests.DecentralizedIDTests"/>
  <testcase name="testToBytes" time="0.000" classname="com.distrimind.util.tests.DecentralizedIDTests"/>
  <testcase name="testNotEquals" time="0.005" classname="com.distrimind.util.tests.DecentralizedIDTests"/>
  <testcase name="testNotEquals" time="0.000" classname="com.distrimind.util.tests.DecentralizedIDTests"/>
  <testcase name="testToBytes" time="0.024" classname="com.distrimind.util.tests.DecentralizedIDTests"/>
  <testcase name="testNotEquals" time="0.001" classname="com.distrimind.util.tests.DecentralizedIDTests"/>
  <testcase name="testNotEquals" time="0.001" classname="com.distrimind.util.tests.DecentralizedIDTests"/>
  <testcase name="testNotEquals" time="0.006" classname="com.distrimind.util.tests.DecentralizedIDTests"/>
  <testcase name="testNotEquals" time="0.000" classname="com.distrimind.util.tests.DecentralizedIDTests"/>
  <testcase name="testToBytes" time="0.000" classname="com.distrimind.util.tests.DecentralizedIDTests"/>
  <testcase name="testToBytes" time="0.000" classname="com.distrimind.util.tests.DecentralizedIDTests"/>
  <testcase name="testToBytes" time="0.000" classname="com.distrimind.util.tests.DecentralizedIDTests"/>
  <testcase name="testNotEquals" time="0.000" classname="com.distrimind.util.tests.DecentralizedIDTests"/>
  <testcase name="testNotEquals" time="0.000" classname="com.distrimind.util.tests.DecentralizedIDTests"/>
  <testcase name="testNotEquals" time="0.001" classname="com.distrimind.util.tests.DecentralizedIDTests"/>
  <testcase name="testNotEquals" time="0.000" classname="com.distrimind.util.tests.DecentralizedIDTests"/>
  <testcase name="testToBytes" time="0.000" classname="com.distrimind.util.tests.DecentralizedIDTests"/>
  <testcase name="testToBytes" time="0.000" classname="com.distrimind.util.tests.DecentralizedIDTests"/>
  <testcase name="testToBytes" time="0.000" classname="com.distrimind.util.tests.DecentralizedIDTests"/>
  <testcase name="testToBytes" time="0.000" classname="com.distrimind.util.tests.DecentralizedIDTests"/>
  <testcase name="testToBytes" time="0.000" classname="com.distrimind.util.tests.DecentralizedIDTests"/>
  <testcase name="testToBytes" time="0.105" classname="com.distrimind.util.tests.DecentralizedIDTests"/>
  <testcase name="testToBytes" time="0.000" classname="com.distrimind.util.tests.DecentralizedIDTests"/>
  <testcase name="testToBytes" time="0.001" classname="com.distrimind.util.tests.DecentralizedIDTests"/>
  <testcase name="testNotEquals" time="0.000" classname="com.distrimind.util.tests.DecentralizedIDTests"/>
  <testcase name="testNotEquals" time="0.000" classname="com.distrimind.util.tests.DecentralizedIDTests"/>
  <testcase name="testToBytes" time="0.000" classname="com.distrimind.util.tests.DecentralizedIDTests"/>
  <testcase name="testToBytes" time="0.000" classname="com.distrimind.util.tests.DecentralizedIDTests"/>
  <testcase name="testToBytes" time="0.000" classname="com.distrimind.util.tests.DecentralizedIDTests"/>
  <testcase name="testToBytes" time="0.000" classname="com.distrimind.util.tests.DecentralizedIDTests"/>
  <testcase name="testToBytes" time="0.000" classname="com.distrimind.util.tests.DecentralizedIDTests"/>
  <testcase name="testNotEquals" time="0.000" classname="com.distrimind.util.tests.DecentralizedIDTests"/>
  <testcase name="testToBytes" time="0.000" classname="com.distrimind.util.tests.DecentralizedIDTests"/>
  <testcase name="testToBytes" time="0.000" classname="com.distrimind.util.tests.DecentralizedIDTests"/>
  <testcase name="testNotEquals" time="0.004" classname="com.distrimind.util.tests.DecentralizedIDTests"/>
  <testcase name="testToBytes" time="0.000" classname="com.distrimind.util.tests.DecentralizedIDTests"/>
  <testcase name="testNotEquals" time="0.000" classname="com.distrimind.util.tests.DecentralizedIDTests"/>
  <testcase name="testToBytes" time="0.000" classname="com.distrimind.util.tests.DecentralizedIDTests"/>
  <testcase name="testNotEquals" time="0.000" classname="com.distrimind.util.tests.DecentralizedIDTests"/>
  <testcase name="testToBytes" time="0.001" classname="com.distrimind.util.tests.DecentralizedIDTests"/>
  <testcase name="testToBytes" time="0.015" classname="com.distrimind.util.tests.DecentralizedIDTests"/>
  <testcase name="testNotEquals" time="0.000" classname="com.distrimind.util.tests.DecentralizedIDTests"/>
  <testcase name="testNotEquals" time="0.000" classname="com.distrimind.util.tests.DecentralizedIDTests"/>
  <testcase name="testToBytes" time="0.000" classname="com.distrimind.util.tests.DecentralizedIDTests"/>
  <testcase name="testToBytes" time="0.000" classname="com.distrimind.util.tests.DecentralizedIDTests"/>
  <testcase name="testNotEquals" time="0.000" classname="com.distrimind.util.tests.DecentralizedIDTests"/>
  <testcase name="testToBytes" time="0.000" classname="com.distrimind.util.tests.DecentralizedIDTests"/>
  <testcase name="testToBytes" time="0.000" classname="com.distrimind.util.tests.DecentralizedIDTests"/>
  <testcase name="testNotEquals" time="0.000" classname="com.distrimind.util.tests.DecentralizedIDTests"/>
  <testcase name="testToBytes" time="0.000" classname="com.distrimind.util.tests.DecentralizedIDTests"/>
  <testcase name="testToBytes" time="0.000" classname="com.distrimind.util.tests.DecentralizedIDTests"/>
  <testcase name="testToBytes" time="0.000" classname="com.distrimind.util.tests.DecentralizedIDTests"/>
  <testcase name="testNotEquals" time="0.002" classname="com.distrimind.util.tests.DecentralizedIDTests"/>
  <testcase name="testToBytes" time="0.000" classname="com.distrimind.util.tests.DecentralizedIDTests"/>
  <testcase name="testNotEquals" time="0.000" classname="com.distrimind.util.tests.DecentralizedIDTests"/>
  <testcase name="testToBytes" time="0.000" classname="com.distrimind.util.tests.DecentralizedIDTests"/>
  <testcase name="testNotEquals" time="0.001" classname="com.distrimind.util.tests.DecentralizedIDTests"/>
  <testcase name="testNotEquals" time="0.000" classname="com.distrimind.util.tests.DecentralizedIDTests"/>
  <testcase name="testNotEquals" time="0.000" classname="com.distrimind.util.tests.DecentralizedIDTests"/>
  <testcase name="testNotEquals" time="0.000" classname="com.distrimind.util.tests.DecentralizedIDTests"/>
  <testcase name="testNotEquals" time="0.000" classname="com.distrimind.util.tests.DecentralizedIDTests"/>
  <testcase name="testToBytes" time="0.000" classname="com.distrimind.util.tests.DecentralizedIDTests"/>
  <testcase name="testNotEquals" time="0.000" classname="com.distrimind.util.tests.DecentralizedIDTests"/>
  <testcase name="testNotEquals" time="0.001" classname="com.distrimind.util.tests.DecentralizedIDTests"/>
  <testcase name="testNotEquals" time="0.000" classname="com.distrimind.util.tests.DecentralizedIDTests"/>
  <testcase name="testToBytes" time="0.000" classname="com.distrimind.util.tests.DecentralizedIDTests"/>
  <testcase name="testNotEquals" time="0.000" classname="com.distrimind.util.tests.DecentralizedIDTests"/>
  <testcase name="testNotEquals" time="0.000" classname="com.distrimind.util.tests.DecentralizedIDTests"/>
  <testcase name="testToBytes" time="0.000" classname="com.distrimind.util.tests.DecentralizedIDTests"/>
  <testcase name="testToBytes" time="0.000" classname="com.distrimind.util.tests.DecentralizedIDTests"/>
  <testcase name="testNotEquals" time="0.001" classname="com.distrimind.util.tests.DecentralizedIDTests"/>
  <testcase name="testNotEquals" time="0.000" classname="com.distrimind.util.tests.DecentralizedIDTests"/>
  <testcase name="testNotEquals" time="0.000" classname="com.distrimind.util.tests.DecentralizedIDTests"/>
  <testcase name="testToBytes" time="0.000" classname="com.distrimind.util.tests.DecentralizedIDTests"/>
  <testcase name="testToBytes" time="0.000" classname="com.distrimind.util.tests.DecentralizedIDTests"/>
  <testcase name="testToBytes" time="0.000" classname="com.distrimind.util.tests.DecentralizedIDTests"/>
  <testcase name="testToBytes" time="0.000" classname="com.distrimind.util.tests.DecentralizedIDTests"/>
  <testcase name="testToBytes" time="0.000" classname="com.distrimind.util.tests.DecentralizedIDTests"/>
  <testcase name="testToBytes" time="0.104" classname="com.distrimind.util.tests.DecentralizedIDTests"/>
  <testcase name="testNotEquals" time="0.000" classname="com.distrimind.util.tests.DecentralizedIDTests"/>
  <testcase name="testToBytes" time="0.000" classname="com.distrimind.util.tests.DecentralizedIDTests"/>
  <testcase name="testToBytes" time="0.000" classname="com.distrimind.util.tests.DecentralizedIDTests"/>
  <testcase name="testNotEquals" time="0.014" classname="com.distrimind.util.tests.DecentralizedIDTests"/>
  <testcase name="testToBytes" time="0.000" classname="com.distrimind.util.tests.DecentralizedIDTests"/>
  <testcase name="testNotEquals" time="0.000" classname="com.distrimind.util.tests.DecentralizedIDTests"/>
  <testcase name="testToBytes" time="0.000" classname="com.distrimind.util.tests.DecentralizedIDTests"/>
  <testcase name="testToBytes" time="0.000" classname="com.distrimind.util.tests.DecentralizedIDTests"/>
  <testcase name="testNotEquals" time="0.002" classname="com.distrimind.util.tests.DecentralizedIDTests"/>
  <testcase name="testNotEquals" time="0.000" classname="com.distrimind.util.tests.DecentralizedIDTests"/>
  <testcase name="testToBytes" time="0.000" classname="com.distrimind.util.tests.DecentralizedIDTests"/>
  <testcase name="testNotEquals" time="0.000" classname="com.distrimind.util.tests.DecentralizedIDTests"/>
  <testcase name="testNotEquals" time="0.000" classname="com.distrimind.util.tests.DecentralizedIDTests"/>
  <testcase name="testToBytes" time="0.000" classname="com.distrimind.util.tests.DecentralizedIDTests"/>
  <testcase name="testNotEquals" time="0.000" classname="com.distrimind.util.tests.DecentralizedIDTests"/>
  <testcase name="testNotEquals" time="0.001" classname="com.distrimind.util.tests.DecentralizedIDTests"/>
  <testcase name="testNotEquals" time="0.000" classname="com.distrimind.util.tests.DecentralizedIDTests"/>
  <testcase name="testToBytes" time="0.001" classname="com.distrimind.util.tests.DecentralizedIDTests"/>
  <testcase name="testToBytes" time="0.002" classname="com.distrimind.util.tests.DecentralizedIDTests"/>
  <testcase name="testToBytes" time="0.001" classname="com.distrimind.util.tests.DecentralizedIDTests"/>
  <testcase name="testNotEquals" time="0.000" classname="com.distrimind.util.tests.DecentralizedIDTests"/>
  <testcase name="testNotEquals" time="0.002" classname="com.distrimind.util.tests.DecentralizedIDTests"/>
  <testcase name="testNotEquals" time="0.002" classname="com.distrimind.util.tests.DecentralizedIDTests"/>
  <testcase name="testNotEquals" time="0.003" classname="com.distrimind.util.tests.DecentralizedIDTests"/>
  <testcase name="testToBytes" time="0.000" classname="com.distrimind.util.tests.DecentralizedIDTests"/>
  <testcase name="testNotEquals" time="0.000" classname="com.distrimind.util.tests.DecentralizedIDTests"/>
  <testcase name="testNotEquals" time="0.001" classname="com.distrimind.util.tests.DecentralizedIDTests"/>
  <testcase name="testNotEquals" time="0.000" classname="com.distrimind.util.tests.DecentralizedIDTests"/>
  <testcase name="testToBytes" time="0.000" classname="com.distrimind.util.tests.DecentralizedIDTests"/>
  <testcase name="testToBytes" time="0.000" classname="com.distrimind.util.tests.DecentralizedIDTests"/>
  <testcase name="testNotEquals" time="0.000" classname="com.distrimind.util.tests.DecentralizedIDTests"/>
  <testcase name="testNotEquals" time="0.000" classname="com.distrimind.util.tests.DecentralizedIDTests"/>
  <testcase name="testToBytes" time="0.000" classname="com.distrimind.util.tests.DecentralizedIDTests"/>
  <testcase name="testNotEquals" time="0.000" classname="com.distrimind.util.tests.DecentralizedIDTests"/>
  <testcase name="testNotEquals" time="0.000" classname="com.distrimind.util.tests.DecentralizedIDTests"/>
  <testcase name="testToBytes" time="0.000" classname="com.distrimind.util.tests.DecentralizedIDTests"/>
  <testcase name="testToBytes" time="0.001" classname="com.distrimind.util.tests.DecentralizedIDTests"/>
  <testcase name="testNotEquals" time="0.000" classname="com.distrimind.util.tests.DecentralizedIDTests"/>
  <testcase name="testNotEquals" time="0.000" classname="com.distrimind.util.tests.DecentralizedIDTests"/>
  <testcase name="testToBytes" time="0.000" classname="com.distrimind.util.tests.DecentralizedIDTests"/>
  <testcase name="testToBytes" time="0.001" classname="com.distrimind.util.tests.DecentralizedIDTests"/>
  <testcase name="testNotEquals" time="0.000" classname="com.distrimind.util.tests.DecentralizedIDTests"/>
  <testcase name="testNotEquals" time="0.005" classname="com.distrimind.util.tests.DecentralizedIDTests"/>
  <testcase name="testNotEquals" time="0.001" classname="com.distrimind.util.tests.DecentralizedIDTests"/>
  <testcase name="testToBytes" time="0.000" classname="com.distrimind.util.tests.DecentralizedIDTests"/>
  <testcase name="testNotEquals" time="0.000" classname="com.distrimind.util.tests.DecentralizedIDTests"/>
  <testcase name="testNotEquals" time="0.000" classname="com.distrimind.util.tests.DecentralizedIDTests"/>
  <testcase name="testToBytes" time="0.000" classname="com.distrimind.util.tests.DecentralizedIDTests"/>
  <testcase name="testNotEquals" time="0.000" classname="com.distrimind.util.tests.DecentralizedIDTests"/>
  <testcase name="testNotEquals" time="0.000" classname="com.distrimind.util.tests.DecentralizedIDTests"/>
  <testcase name="testNotEquals" time="0.001" classname="com.distrimind.util.tests.DecentralizedIDTests"/>
  <testcase name="testNotEquals" time="0.000" classname="com.distrimind.util.tests.DecentralizedIDTests"/>
  <testcase name="testNotEquals" time="0.000" classname="com.distrimind.util.tests.DecentralizedIDTests"/>
  <testcase name="testToBytes" time="0.000" classname="com.distrimind.util.tests.DecentralizedIDTests"/>
  <testcase name="testToBytes" time="0.000" classname="com.distrimind.util.tests.DecentralizedIDTests"/>
  <testcase name="testNotEquals" time="0.000" classname="com.distrimind.util.tests.DecentralizedIDTests"/>
  <testcase name="testToBytes" time="0.000" classname="com.distrimind.util.tests.DecentralizedIDTests"/>
  <testcase name="testToBytes" time="0.000" classname="com.distrimind.util.tests.DecentralizedIDTests"/>
  <testcase name="testToBytes" time="0.000" classname="com.distrimind.util.tests.DecentralizedIDTests"/>
  <testcase name="testToBytes" time="0.000" classname="com.distrimind.util.tests.DecentralizedIDTests"/>
  <testcase name="testToBytes" time="0.000" classname="com.distrimind.util.tests.DecentralizedIDTests"/>
  <testcase name="testToBytes" time="0.000" classname="com.distrimind.util.tests.DecentralizedIDTests"/>
  <testcase name="testToBytes" time="0.000" classname="com.distrimind.util.tests.DecentralizedIDTests"/>
  <testcase name="testToBytes" time="0.000" classname="com.distrimind.util.tests.DecentralizedIDTests"/>
  <testcase name="testNotEquals" time="0.000" classname="com.distrimind.util.tests.DecentralizedIDTests"/>
  <testcase name="testToBytes" time="0.000" classname="com.distrimind.util.tests.DecentralizedIDTests"/>
  <testcase name="testNotEquals" time="0.000" classname="com.distrimind.util.tests.DecentralizedIDTests"/>
  <testcase name="testToBytes" time="0.006" classname="com.distrimind.util.tests.DecentralizedIDTests"/>
  <testcase name="testToBytes" time="0.000" classname="com.distrimind.util.tests.DecentralizedIDTests"/>
  <testcase name="testNotEquals" time="0.001" classname="com.distrimind.util.tests.DecentralizedIDTests"/>
  <testcase name="testNotEquals" time="0.000" classname="com.distrimind.util.tests.DecentralizedIDTests"/>
  <testcase name="testNotEquals" time="0.001" classname="com.distrimind.util.tests.DecentralizedIDTests"/>
  <testcase name="testNotEquals" time="0.001" classname="com.distrimind.util.tests.DecentralizedIDTests"/>
  <testcase name="testToBytes" time="0.000" classname="com.distrimind.util.tests.DecentralizedIDTests"/>
  <testcase name="testToBytes" time="0.000" classname="com.distrimind.util.tests.DecentralizedIDTests"/>
  <testcase name="testNotEquals" time="0.000" classname="com.distrimind.util.tests.DecentralizedIDTests"/>
  <testcase name="testNotEquals" time="0.000" classname="com.distrimind.util.tests.DecentralizedIDTests"/>
  <testcase name="testToBytes" time="0.000" classname="com.distrimind.util.tests.DecentralizedIDTests"/>
  <testcase name="testToBytes" time="0.000" classname="com.distrimind.util.tests.DecentralizedIDTests"/>
  <testcase name="testToBytes" time="0.000" classname="com.distrimind.util.tests.DecentralizedIDTests"/>
  <testcase name="testNotEquals" time="0.000" classname="com.distrimind.util.tests.DecentralizedIDTests"/>
  <testcase name="testToBytes" time="0.000" classname="com.distrimind.util.tests.DecentralizedIDTests"/>
  <testcase name="testToBytes" time="0.000" classname="com.distrimind.util.tests.DecentralizedIDTests"/>
  <testcase name="testNotEquals" time="0.003" classname="com.distrimind.util.tests.DecentralizedIDTests"/>
  <testcase name="testToBytes" time="0.004" classname="com.distrimind.util.tests.DecentralizedIDTests"/>
  <testcase name="testToBytes" time="0.090" classname="com.distrimind.util.tests.DecentralizedIDTests"/>
  <testcase name="testNotEquals" time="0.000" classname="com.distrimind.util.tests.DecentralizedIDTests"/>
  <testcase name="testNotEquals" time="0.001" classname="com.distrimind.util.tests.DecentralizedIDTests"/>
  <testcase name="testToBytes" time="0.000" classname="com.distrimind.util.tests.DecentralizedIDTests"/>
  <testcase name="testToBytes" time="0.000" classname="com.distrimind.util.tests.DecentralizedIDTests"/>
  <testcase name="testToBytes" time="0.000" classname="com.distrimind.util.tests.DecentralizedIDTests"/>
  <testcase name="testToBytes" time="0.000" classname="com.distrimind.util.tests.DecentralizedIDTests"/>
  <testcase name="testToBytes" time="0.000" classname="com.distrimind.util.tests.DecentralizedIDTests"/>
  <testcase name="testToBytes" time="0.000" classname="com.distrimind.util.tests.DecentralizedIDTests"/>
  <testcase name="testToBytes" time="0.000" classname="com.distrimind.util.tests.DecentralizedIDTests"/>
  <testcase name="testNotEquals" time="0.000" classname="com.distrimind.util.tests.DecentralizedIDTests"/>
  <testcase name="testNotEquals" time="0.000" classname="com.distrimind.util.tests.DecentralizedIDTests"/>
  <testcase name="testToBytes" time="0.024" classname="com.distrimind.util.tests.DecentralizedIDTests"/>
  <testcase name="testNotEquals" time="0.003" classname="com.distrimind.util.tests.DecentralizedIDTests"/>
  <testcase name="testToBytes" time="0.000" classname="com.distrimind.util.tests.DecentralizedIDTests"/>
  <testcase name="testNotEquals" time="0.000" classname="com.distrimind.util.tests.DecentralizedIDTests"/>
  <testcase name="testNotEquals" time="0.000" classname="com.distrimind.util.tests.DecentralizedIDTests"/>
  <testcase name="testToBytes" time="0.000" classname="com.distrimind.util.tests.DecentralizedIDTests"/>
  <testcase name="testToBytes" time="0.000" classname="com.distrimind.util.tests.DecentralizedIDTests"/>
  <testcase name="testToBytes" time="0.000" classname="com.distrimind.util.tests.DecentralizedIDTests"/>
  <testcase name="testToBytes" time="0.001" classname="com.distrimind.util.tests.DecentralizedIDTests"/>
</testsuite> <!-- com.distrimind.util.tests.DecentralizedIDTests -->
